[0.524s] DEBUG:colcon:Command line arguments: ['/usr/bin/colcon', 'build']
[0.524s] DEBUG:colcon:Parsed command line arguments: Namespace(log_base=None, log_level=None, verb_name='build', build_base='build', install_base='install', merge_install=False, symlink_install=False, test_result_base=None, continue_on_error=False, executor='parallel', parallel_workers=4, event_handlers=None, ignore_user_meta=False, metas=['./colcon.meta'], base_paths=['.'], packages_ignore=None, packages_ignore_regex=None, paths=None, packages_up_to=None, packages_up_to_regex=None, packages_above=None, packages_above_and_dependencies=None, packages_above_depth=None, packages_select_by_dep=None, packages_skip_by_dep=None, packages_skip_up_to=None, packages_select_build_failed=False, packages_skip_build_finished=False, packages_select_test_failures=False, packages_skip_test_passed=False, packages_select=None, packages_skip=None, packages_select_regex=None, packages_skip_regex=None, packages_start=None, packages_end=None, allow_overriding=[], cmake_args=None, cmake_target=None, cmake_target_skip_unavailable=False, cmake_clean_cache=False, cmake_clean_first=False, cmake_force_configure=False, ament_cmake_args=None, catkin_cmake_args=None, catkin_skip_building_tests=False, mixin_files=None, mixin=None, verb_parser=<colcon_mixin.mixin.mixin_argument.MixinArgumentDecorator object at 0xffffb47f8b90>, verb_extension=<colcon_core.verb.build.BuildVerb object at 0xffffb49a6060>, main=<bound method BuildVerb.main of <colcon_core.verb.build.BuildVerb object at 0xffffb49a6060>>, mixin_verb=('build',))
[0.715s] Level 1:colcon.colcon_core.package_discovery:discover_packages(colcon_meta) check parameters
[0.716s] Level 1:colcon.colcon_core.package_discovery:discover_packages(recursive) check parameters
[0.716s] Level 1:colcon.colcon_core.package_discovery:discover_packages(ignore) check parameters
[0.716s] Level 1:colcon.colcon_core.package_discovery:discover_packages(path) check parameters
[0.716s] Level 1:colcon.colcon_core.package_discovery:discover_packages(colcon_meta) discover
[0.717s] Level 1:colcon.colcon_core.package_discovery:discover_packages(recursive) discover
[0.717s] INFO:colcon.colcon_core.package_discovery:Crawling recursively for packages in '/home/robosub/robosub_driver'
[0.717s] Level 1:colcon.colcon_core.package_identification:_identify(.) by extensions ['ignore', 'ignore_ament_install']
[0.718s] Level 1:colcon.colcon_core.package_identification:_identify(.) by extension 'ignore'
[0.718s] Level 1:colcon.colcon_core.package_identification:_identify(.) by extension 'ignore_ament_install'
[0.719s] Level 1:colcon.colcon_core.package_identification:_identify(.) by extensions ['colcon_pkg']
[0.719s] Level 1:colcon.colcon_core.package_identification:_identify(.) by extension 'colcon_pkg'
[0.719s] Level 1:colcon.colcon_core.package_identification:_identify(.) by extensions ['colcon_meta']
[0.719s] Level 1:colcon.colcon_core.package_identification:_identify(.) by extension 'colcon_meta'
[0.719s] Level 1:colcon.colcon_core.package_identification:_identify(.) by extensions ['ros']
[0.719s] Level 1:colcon.colcon_core.package_identification:_identify(.) by extension 'ros'
[0.836s] Level 1:colcon.colcon_core.package_identification:_identify(.) by extensions ['cmake', 'python']
[0.836s] Level 1:colcon.colcon_core.package_identification:_identify(.) by extension 'cmake'
[0.836s] Level 1:colcon.colcon_core.package_identification:_identify(.) by extension 'python'
[0.836s] Level 1:colcon.colcon_core.package_identification:_identify(.) by extensions ['python_setup_py']
[0.837s] Level 1:colcon.colcon_core.package_identification:_identify(.) by extension 'python_setup_py'
[0.837s] Level 1:colcon.colcon_core.package_identification:_identify(build) by extensions ['ignore', 'ignore_ament_install']
[0.838s] Level 1:colcon.colcon_core.package_identification:_identify(build) by extension 'ignore'
[0.838s] Level 1:colcon.colcon_core.package_identification:_identify(build) ignored
[0.838s] Level 1:colcon.colcon_core.package_identification:_identify(install) by extensions ['ignore', 'ignore_ament_install']
[0.839s] Level 1:colcon.colcon_core.package_identification:_identify(install) by extension 'ignore'
[0.839s] Level 1:colcon.colcon_core.package_identification:_identify(install) ignored
[0.839s] Level 1:colcon.colcon_core.package_identification:_identify(library) by extensions ['ignore', 'ignore_ament_install']
[0.840s] Level 1:colcon.colcon_core.package_identification:_identify(library) by extension 'ignore'
[0.840s] Level 1:colcon.colcon_core.package_identification:_identify(library) by extension 'ignore_ament_install'
[0.840s] Level 1:colcon.colcon_core.package_identification:_identify(library) by extensions ['colcon_pkg']
[0.841s] Level 1:colcon.colcon_core.package_identification:_identify(library) by extension 'colcon_pkg'
[0.841s] Level 1:colcon.colcon_core.package_identification:_identify(library) by extensions ['colcon_meta']
[0.841s] Level 1:colcon.colcon_core.package_identification:_identify(library) by extension 'colcon_meta'
[0.841s] Level 1:colcon.colcon_core.package_identification:_identify(library) by extensions ['ros']
[0.841s] Level 1:colcon.colcon_core.package_identification:_identify(library) by extension 'ros'
[0.842s] Level 1:colcon.colcon_core.package_identification:_identify(library) by extensions ['cmake', 'python']
[0.842s] Level 1:colcon.colcon_core.package_identification:_identify(library) by extension 'cmake'
[0.842s] Level 1:colcon.colcon_core.package_identification:_identify(library) by extension 'python'
[0.842s] Level 1:colcon.colcon_core.package_identification:_identify(library) by extensions ['python_setup_py']
[0.842s] Level 1:colcon.colcon_core.package_identification:_identify(library) by extension 'python_setup_py'
[0.843s] Level 1:colcon.colcon_core.package_identification:_identify(library/build) by extensions ['ignore', 'ignore_ament_install']
[0.843s] Level 1:colcon.colcon_core.package_identification:_identify(library/build) by extension 'ignore'
[0.843s] Level 1:colcon.colcon_core.package_identification:_identify(library/build) ignored
[0.844s] Level 1:colcon.colcon_core.package_identification:_identify(library/install) by extensions ['ignore', 'ignore_ament_install']
[0.844s] Level 1:colcon.colcon_core.package_identification:_identify(library/install) by extension 'ignore'
[0.844s] Level 1:colcon.colcon_core.package_identification:_identify(library/install) ignored
[0.845s] Level 1:colcon.colcon_core.package_identification:_identify(library/log) by extensions ['ignore', 'ignore_ament_install']
[0.845s] Level 1:colcon.colcon_core.package_identification:_identify(library/log) by extension 'ignore'
[0.845s] Level 1:colcon.colcon_core.package_identification:_identify(library/log) ignored
[0.846s] Level 1:colcon.colcon_core.package_identification:_identify(library/ms5837-python) by extensions ['ignore', 'ignore_ament_install']
[0.846s] Level 1:colcon.colcon_core.package_identification:_identify(library/ms5837-python) by extension 'ignore'
[0.846s] Level 1:colcon.colcon_core.package_identification:_identify(library/ms5837-python) by extension 'ignore_ament_install'
[0.847s] Level 1:colcon.colcon_core.package_identification:_identify(library/ms5837-python) by extensions ['colcon_pkg']
[0.847s] Level 1:colcon.colcon_core.package_identification:_identify(library/ms5837-python) by extension 'colcon_pkg'
[0.847s] Level 1:colcon.colcon_core.package_identification:_identify(library/ms5837-python) by extensions ['colcon_meta']
[0.848s] Level 1:colcon.colcon_core.package_identification:_identify(library/ms5837-python) by extension 'colcon_meta'
[0.848s] Level 1:colcon.colcon_core.package_identification:_identify(library/ms5837-python) by extensions ['ros']
[0.848s] Level 1:colcon.colcon_core.package_identification:_identify(library/ms5837-python) by extension 'ros'
[0.849s] Level 1:colcon.colcon_core.package_identification:_identify(library/ms5837-python) by extensions ['cmake', 'python']
[0.849s] Level 1:colcon.colcon_core.package_identification:_identify(library/ms5837-python) by extension 'cmake'
[0.850s] Level 1:colcon.colcon_core.package_identification:_identify(library/ms5837-python) by extension 'python'
[0.850s] Level 1:colcon.colcon_core.package_identification:_identify(library/ms5837-python) by extensions ['python_setup_py']
[0.851s] Level 1:colcon.colcon_core.package_identification:_identify(library/ms5837-python) by extension 'python_setup_py'
[1.908s] DEBUG:colcon.colcon_core.package_identification:Package 'library/ms5837-python' with type 'python' and name 'ms5837'
[1.909s] Level 1:colcon.colcon_core.package_identification:_identify(log) by extensions ['ignore', 'ignore_ament_install']
[1.910s] Level 1:colcon.colcon_core.package_identification:_identify(log) by extension 'ignore'
[1.910s] Level 1:colcon.colcon_core.package_identification:_identify(log) ignored
[1.910s] Level 1:colcon.colcon_core.package_identification:_identify(src) by extensions ['ignore', 'ignore_ament_install']
[1.911s] Level 1:colcon.colcon_core.package_identification:_identify(src) by extension 'ignore'
[1.911s] Level 1:colcon.colcon_core.package_identification:_identify(src) by extension 'ignore_ament_install'
[1.911s] Level 1:colcon.colcon_core.package_identification:_identify(src) by extensions ['colcon_pkg']
[1.911s] Level 1:colcon.colcon_core.package_identification:_identify(src) by extension 'colcon_pkg'
[1.912s] Level 1:colcon.colcon_core.package_identification:_identify(src) by extensions ['colcon_meta']
[1.912s] Level 1:colcon.colcon_core.package_identification:_identify(src) by extension 'colcon_meta'
[1.912s] Level 1:colcon.colcon_core.package_identification:_identify(src) by extensions ['ros']
[1.912s] Level 1:colcon.colcon_core.package_identification:_identify(src) by extension 'ros'
[1.912s] Level 1:colcon.colcon_core.package_identification:_identify(src) by extensions ['cmake', 'python']
[1.913s] Level 1:colcon.colcon_core.package_identification:_identify(src) by extension 'cmake'
[1.913s] Level 1:colcon.colcon_core.package_identification:_identify(src) by extension 'python'
[1.913s] Level 1:colcon.colcon_core.package_identification:_identify(src) by extensions ['python_setup_py']
[1.913s] Level 1:colcon.colcon_core.package_identification:_identify(src) by extension 'python_setup_py'
[1.914s] Level 1:colcon.colcon_core.package_identification:_identify(src/motorinfo) by extensions ['ignore', 'ignore_ament_install']
[1.914s] Level 1:colcon.colcon_core.package_identification:_identify(src/motorinfo) by extension 'ignore'
[1.914s] Level 1:colcon.colcon_core.package_identification:_identify(src/motorinfo) by extension 'ignore_ament_install'
[1.914s] Level 1:colcon.colcon_core.package_identification:_identify(src/motorinfo) by extensions ['colcon_pkg']
[1.915s] Level 1:colcon.colcon_core.package_identification:_identify(src/motorinfo) by extension 'colcon_pkg'
[1.915s] Level 1:colcon.colcon_core.package_identification:_identify(src/motorinfo) by extensions ['colcon_meta']
[1.915s] Level 1:colcon.colcon_core.package_identification:_identify(src/motorinfo) by extension 'colcon_meta'
[1.915s] Level 1:colcon.colcon_core.package_identification:_identify(src/motorinfo) by extensions ['ros']
[1.915s] Level 1:colcon.colcon_core.package_identification:_identify(src/motorinfo) by extension 'ros'
[1.925s] DEBUG:colcon.colcon_core.package_identification:Package 'src/motorinfo' with type 'ros.ament_python' and name 'motorinfo'
[1.926s] Level 1:colcon.colcon_core.package_identification:_identify(src/sensorinfo) by extensions ['ignore', 'ignore_ament_install']
[1.926s] Level 1:colcon.colcon_core.package_identification:_identify(src/sensorinfo) by extension 'ignore'
[1.926s] Level 1:colcon.colcon_core.package_identification:_identify(src/sensorinfo) by extension 'ignore_ament_install'
[1.927s] Level 1:colcon.colcon_core.package_identification:_identify(src/sensorinfo) by extensions ['colcon_pkg']
[1.927s] Level 1:colcon.colcon_core.package_identification:_identify(src/sensorinfo) by extension 'colcon_pkg'
[1.927s] Level 1:colcon.colcon_core.package_identification:_identify(src/sensorinfo) by extensions ['colcon_meta']
[1.927s] Level 1:colcon.colcon_core.package_identification:_identify(src/sensorinfo) by extension 'colcon_meta'
[1.927s] Level 1:colcon.colcon_core.package_identification:_identify(src/sensorinfo) by extensions ['ros']
[1.927s] Level 1:colcon.colcon_core.package_identification:_identify(src/sensorinfo) by extension 'ros'
[1.932s] DEBUG:colcon.colcon_core.package_identification:Package 'src/sensorinfo' with type 'ros.ament_python' and name 'sensorinfo'
[1.933s] Level 1:colcon.colcon_core.package_discovery:discover_packages(recursive) using defaults
[1.933s] Level 1:colcon.colcon_core.package_discovery:discover_packages(ignore) discover
[1.933s] Level 1:colcon.colcon_core.package_discovery:discover_packages(ignore) using defaults
[1.933s] Level 1:colcon.colcon_core.package_discovery:discover_packages(path) discover
[1.933s] Level 1:colcon.colcon_core.package_discovery:discover_packages(path) using defaults
[2.007s] Level 1:colcon.colcon_core.package_discovery:discover_packages(prefix_path) check parameters
[2.007s] Level 1:colcon.colcon_core.package_discovery:discover_packages(prefix_path) discover
[2.020s] DEBUG:colcon.colcon_installed_package_information.package_discovery:Found 3 installed packages in /home/robosub/robosub_driver/install
[2.030s] DEBUG:colcon.colcon_installed_package_information.package_discovery:Found 284 installed packages in /opt/ros/jazzy
[2.038s] Level 1:colcon.colcon_core.package_discovery:discover_packages(prefix_path) using defaults
[2.241s] Level 5:colcon.colcon_core.verb:set package 'ms5837' build argument 'cmake_args' from command line to 'None'
[2.242s] Level 5:colcon.colcon_core.verb:set package 'ms5837' build argument 'cmake_target' from command line to 'None'
[2.242s] Level 5:colcon.colcon_core.verb:set package 'ms5837' build argument 'cmake_target_skip_unavailable' from command line to 'False'
[2.242s] Level 5:colcon.colcon_core.verb:set package 'ms5837' build argument 'cmake_clean_cache' from command line to 'False'
[2.242s] Level 5:colcon.colcon_core.verb:set package 'ms5837' build argument 'cmake_clean_first' from command line to 'False'
[2.242s] Level 5:colcon.colcon_core.verb:set package 'ms5837' build argument 'cmake_force_configure' from command line to 'False'
[2.242s] Level 5:colcon.colcon_core.verb:set package 'ms5837' build argument 'ament_cmake_args' from command line to 'None'
[2.242s] Level 5:colcon.colcon_core.verb:set package 'ms5837' build argument 'catkin_cmake_args' from command line to 'None'
[2.242s] Level 5:colcon.colcon_core.verb:set package 'ms5837' build argument 'catkin_skip_building_tests' from command line to 'False'
[2.243s] DEBUG:colcon.colcon_core.verb:Building package 'ms5837' with the following arguments: {'ament_cmake_args': None, 'build_base': '/home/robosub/robosub_driver/build/ms5837', 'catkin_cmake_args': None, 'catkin_skip_building_tests': False, 'cmake_args': None, 'cmake_clean_cache': False, 'cmake_clean_first': False, 'cmake_force_configure': False, 'cmake_target': None, 'cmake_target_skip_unavailable': False, 'install_base': '/home/robosub/robosub_driver/install/ms5837', 'merge_install': False, 'path': '/home/robosub/robosub_driver/library/ms5837-python', 'symlink_install': False, 'test_result_base': None}
[2.244s] Level 5:colcon.colcon_core.verb:set package 'sensorinfo' build argument 'cmake_args' from command line to 'None'
[2.244s] Level 5:colcon.colcon_core.verb:set package 'sensorinfo' build argument 'cmake_target' from command line to 'None'
[2.244s] Level 5:colcon.colcon_core.verb:set package 'sensorinfo' build argument 'cmake_target_skip_unavailable' from command line to 'False'
[2.244s] Level 5:colcon.colcon_core.verb:set package 'sensorinfo' build argument 'cmake_clean_cache' from command line to 'False'
[2.244s] Level 5:colcon.colcon_core.verb:set package 'sensorinfo' build argument 'cmake_clean_first' from command line to 'False'
[2.245s] Level 5:colcon.colcon_core.verb:set package 'sensorinfo' build argument 'cmake_force_configure' from command line to 'False'
[2.245s] Level 5:colcon.colcon_core.verb:set package 'sensorinfo' build argument 'ament_cmake_args' from command line to 'None'
[2.245s] Level 5:colcon.colcon_core.verb:set package 'sensorinfo' build argument 'catkin_cmake_args' from command line to 'None'
[2.245s] Level 5:colcon.colcon_core.verb:set package 'sensorinfo' build argument 'catkin_skip_building_tests' from command line to 'False'
[2.245s] DEBUG:colcon.colcon_core.verb:Building package 'sensorinfo' with the following arguments: {'ament_cmake_args': None, 'build_base': '/home/robosub/robosub_driver/build/sensorinfo', 'catkin_cmake_args': None, 'catkin_skip_building_tests': False, 'cmake_args': None, 'cmake_clean_cache': False, 'cmake_clean_first': False, 'cmake_force_configure': False, 'cmake_target': None, 'cmake_target_skip_unavailable': False, 'install_base': '/home/robosub/robosub_driver/install/sensorinfo', 'merge_install': False, 'path': '/home/robosub/robosub_driver/src/sensorinfo', 'symlink_install': False, 'test_result_base': None}
[2.246s] Level 5:colcon.colcon_core.verb:set package 'motorinfo' build argument 'cmake_args' from command line to 'None'
[2.246s] Level 5:colcon.colcon_core.verb:set package 'motorinfo' build argument 'cmake_target' from command line to 'None'
[2.247s] Level 5:colcon.colcon_core.verb:set package 'motorinfo' build argument 'cmake_target_skip_unavailable' from command line to 'False'
[2.247s] Level 5:colcon.colcon_core.verb:set package 'motorinfo' build argument 'cmake_clean_cache' from command line to 'False'
[2.247s] Level 5:colcon.colcon_core.verb:set package 'motorinfo' build argument 'cmake_clean_first' from command line to 'False'
[2.247s] Level 5:colcon.colcon_core.verb:set package 'motorinfo' build argument 'cmake_force_configure' from command line to 'False'
[2.247s] Level 5:colcon.colcon_core.verb:set package 'motorinfo' build argument 'ament_cmake_args' from command line to 'None'
[2.247s] Level 5:colcon.colcon_core.verb:set package 'motorinfo' build argument 'catkin_cmake_args' from command line to 'None'
[2.247s] Level 5:colcon.colcon_core.verb:set package 'motorinfo' build argument 'catkin_skip_building_tests' from command line to 'False'
[2.247s] DEBUG:colcon.colcon_core.verb:Building package 'motorinfo' with the following arguments: {'ament_cmake_args': None, 'build_base': '/home/robosub/robosub_driver/build/motorinfo', 'catkin_cmake_args': None, 'catkin_skip_building_tests': False, 'cmake_args': None, 'cmake_clean_cache': False, 'cmake_clean_first': False, 'cmake_force_configure': False, 'cmake_target': None, 'cmake_target_skip_unavailable': False, 'install_base': '/home/robosub/robosub_driver/install/motorinfo', 'merge_install': False, 'path': '/home/robosub/robosub_driver/src/motorinfo', 'symlink_install': False, 'test_result_base': None}
[2.248s] INFO:colcon.colcon_core.executor:Executing jobs using 'parallel' executor
[2.251s] DEBUG:colcon.colcon_parallel_executor.executor.parallel:run_until_complete
[2.252s] INFO:colcon.colcon_ros.task.ament_python.build:Building ROS package in '/home/robosub/robosub_driver/src/sensorinfo' with build type 'ament_python'
[2.253s] Level 1:colcon.colcon_core.shell:create_environment_hook('sensorinfo', 'ament_prefix_path')
[2.273s] INFO:colcon.colcon_core.plugin_system:Skipping extension 'colcon_core.shell.bat': Not used on non-Windows systems
[2.274s] INFO:colcon.colcon_core.shell:Creating environment hook '/home/robosub/robosub_driver/install/sensorinfo/share/sensorinfo/hook/ament_prefix_path.ps1'
[2.279s] INFO:colcon.colcon_core.shell:Creating environment descriptor '/home/robosub/robosub_driver/install/sensorinfo/share/sensorinfo/hook/ament_prefix_path.dsv'
[2.283s] INFO:colcon.colcon_core.shell:Creating environment hook '/home/robosub/robosub_driver/install/sensorinfo/share/sensorinfo/hook/ament_prefix_path.sh'
[2.288s] INFO:colcon.colcon_core.shell:Skip shell extension 'powershell' for command environment: Not usable outside of PowerShell
[2.289s] DEBUG:colcon.colcon_core.shell:Skip shell extension 'dsv' for command environment
[2.318s] INFO:colcon.colcon_core.task.python.build:Building Python package in '/home/robosub/robosub_driver/library/ms5837-python'
[2.321s] INFO:colcon.colcon_core.shell:Skip shell extension 'powershell' for command environment: Not usable outside of PowerShell
[2.322s] DEBUG:colcon.colcon_core.shell:Skip shell extension 'dsv' for command environment
[4.146s] INFO:colcon.colcon_core.task.python.build:Building Python package in '/home/robosub/robosub_driver/src/sensorinfo'
[4.148s] INFO:colcon.colcon_core.shell:Skip shell extension 'powershell' for command environment: Not usable outside of PowerShell
[4.149s] DEBUG:colcon.colcon_core.shell:Skip shell extension 'dsv' for command environment
[13.702s] DEBUG:colcon.colcon_core.event_handler.log_command:Invoking command in '/home/robosub/robosub_driver/src/sensorinfo': DEBUGINFOD_URLS=https://debuginfod.ubuntu.com PYTHONPATH=/home/robosub/robosub_driver/build/sensorinfo/prefix_override:/usr/lib/python3/dist-packages/colcon_core/task/python/colcon_distutils_commands:/home/robosub/robosub_driver/install/sensorinfo/lib/python3.12/site-packages:${PYTHONPATH} /usr/bin/python3 -W ignore:setup.py install is deprecated -W ignore:easy_install command is deprecated setup.py egg_info --egg-base ../../build/sensorinfo build --build-base /home/robosub/robosub_driver/build/sensorinfo/build install --record /home/robosub/robosub_driver/build/sensorinfo/install.log --single-version-externally-managed install_data
[13.767s] DEBUG:colcon.colcon_core.event_handler.log_command:Invoking command in '/home/robosub/robosub_driver/library/ms5837-python': DEBUGINFOD_URLS=https://debuginfod.ubuntu.com PYTHONPATH=/home/robosub/robosub_driver/build/ms5837/prefix_override:/usr/lib/python3/dist-packages/colcon_core/task/python/colcon_distutils_commands:/home/robosub/robosub_driver/install/ms5837/lib/python3.12/site-packages:${PYTHONPATH} /usr/bin/python3 -W ignore:setup.py install is deprecated -W ignore:easy_install command is deprecated setup.py egg_info --egg-base ../../build/ms5837 build --build-base /home/robosub/robosub_driver/build/ms5837/build install --record /home/robosub/robosub_driver/build/ms5837/install.log --single-version-externally-managed
[20.518s] DEBUG:colcon.colcon_core.event_handler.log_command:Invoked command in '/home/robosub/robosub_driver/library/ms5837-python' returned '0': DEBUGINFOD_URLS=https://debuginfod.ubuntu.com PYTHONPATH=/home/robosub/robosub_driver/build/ms5837/prefix_override:/usr/lib/python3/dist-packages/colcon_core/task/python/colcon_distutils_commands:/home/robosub/robosub_driver/install/ms5837/lib/python3.12/site-packages:${PYTHONPATH} /usr/bin/python3 -W ignore:setup.py install is deprecated -W ignore:easy_install command is deprecated setup.py egg_info --egg-base ../../build/ms5837 build --build-base /home/robosub/robosub_driver/build/ms5837/build install --record /home/robosub/robosub_driver/build/ms5837/install.log --single-version-externally-managed
[20.596s] Level 1:colcon.colcon_core.environment:checking '/home/robosub/robosub_driver/install/ms5837' for CMake module files
[20.602s] Level 1:colcon.colcon_core.environment:checking '/home/robosub/robosub_driver/install/ms5837' for CMake config files
[20.607s] Level 1:colcon.colcon_core.environment:checking '/home/robosub/robosub_driver/install/ms5837/lib'
[20.611s] Level 1:colcon.colcon_core.environment:checking '/home/robosub/robosub_driver/install/ms5837/bin'
[20.613s] Level 1:colcon.colcon_core.environment:checking '/home/robosub/robosub_driver/install/ms5837/lib/pkgconfig/ms5837.pc'
[20.621s] Level 1:colcon.colcon_core.environment:checking '/home/robosub/robosub_driver/install/ms5837/lib/python3.12/site-packages'
[20.623s] Level 1:colcon.colcon_core.shell:create_environment_hook('ms5837', 'pythonpath')
[20.625s] INFO:colcon.colcon_core.shell:Creating environment hook '/home/robosub/robosub_driver/install/ms5837/share/ms5837/hook/pythonpath.ps1'
[20.629s] INFO:colcon.colcon_core.shell:Creating environment descriptor '/home/robosub/robosub_driver/install/ms5837/share/ms5837/hook/pythonpath.dsv'
[20.633s] INFO:colcon.colcon_core.shell:Creating environment hook '/home/robosub/robosub_driver/install/ms5837/share/ms5837/hook/pythonpath.sh'
[20.638s] Level 1:colcon.colcon_core.environment:checking '/home/robosub/robosub_driver/install/ms5837/bin'
[20.640s] Level 1:colcon.colcon_core.environment:create_environment_scripts_only(ms5837)
[20.642s] INFO:colcon.colcon_core.shell:Creating package script '/home/robosub/robosub_driver/install/ms5837/share/ms5837/package.ps1'
[20.656s] INFO:colcon.colcon_core.shell:Creating package descriptor '/home/robosub/robosub_driver/install/ms5837/share/ms5837/package.dsv'
[20.666s] INFO:colcon.colcon_core.shell:Creating package script '/home/robosub/robosub_driver/install/ms5837/share/ms5837/package.sh'
[20.675s] INFO:colcon.colcon_core.shell:Creating package script '/home/robosub/robosub_driver/install/ms5837/share/ms5837/package.bash'
[20.683s] INFO:colcon.colcon_core.shell:Creating package script '/home/robosub/robosub_driver/install/ms5837/share/ms5837/package.zsh'
[20.690s] Level 1:colcon.colcon_core.environment:create_file_with_runtime_dependencies(/home/robosub/robosub_driver/install/ms5837/share/colcon-core/packages/ms5837)
[21.403s] Level 1:colcon.colcon_core.environment:checking '/home/robosub/robosub_driver/install/sensorinfo' for CMake module files
[21.410s] DEBUG:colcon.colcon_core.event_handler.log_command:Invoked command in '/home/robosub/robosub_driver/src/sensorinfo' returned '0': DEBUGINFOD_URLS=https://debuginfod.ubuntu.com PYTHONPATH=/home/robosub/robosub_driver/build/sensorinfo/prefix_override:/usr/lib/python3/dist-packages/colcon_core/task/python/colcon_distutils_commands:/home/robosub/robosub_driver/install/sensorinfo/lib/python3.12/site-packages:${PYTHONPATH} /usr/bin/python3 -W ignore:setup.py install is deprecated -W ignore:easy_install command is deprecated setup.py egg_info --egg-base ../../build/sensorinfo build --build-base /home/robosub/robosub_driver/build/sensorinfo/build install --record /home/robosub/robosub_driver/build/sensorinfo/install.log --single-version-externally-managed install_data
[21.423s] Level 1:colcon.colcon_core.environment:checking '/home/robosub/robosub_driver/install/sensorinfo' for CMake config files
[21.430s] Level 1:colcon.colcon_core.environment:checking '/home/robosub/robosub_driver/install/sensorinfo/lib'
[21.432s] Level 1:colcon.colcon_core.environment:checking '/home/robosub/robosub_driver/install/sensorinfo/bin'
[21.433s] Level 1:colcon.colcon_core.environment:checking '/home/robosub/robosub_driver/install/sensorinfo/lib/pkgconfig/sensorinfo.pc'
[21.436s] Level 1:colcon.colcon_core.environment:checking '/home/robosub/robosub_driver/install/sensorinfo/lib/python3.12/site-packages'
[21.437s] Level 1:colcon.colcon_core.shell:create_environment_hook('sensorinfo', 'pythonpath')
[21.439s] INFO:colcon.colcon_core.shell:Creating environment hook '/home/robosub/robosub_driver/install/sensorinfo/share/sensorinfo/hook/pythonpath.ps1'
[21.447s] INFO:colcon.colcon_core.shell:Creating environment descriptor '/home/robosub/robosub_driver/install/sensorinfo/share/sensorinfo/hook/pythonpath.dsv'
[21.458s] INFO:colcon.colcon_core.shell:Creating environment hook '/home/robosub/robosub_driver/install/sensorinfo/share/sensorinfo/hook/pythonpath.sh'
[21.466s] Level 1:colcon.colcon_core.environment:checking '/home/robosub/robosub_driver/install/sensorinfo/bin'
[21.468s] Level 1:colcon.colcon_core.environment:create_environment_scripts_only(sensorinfo)
[21.470s] INFO:colcon.colcon_core.shell:Creating package script '/home/robosub/robosub_driver/install/sensorinfo/share/sensorinfo/package.ps1'
[21.474s] INFO:colcon.colcon_core.shell:Creating package descriptor '/home/robosub/robosub_driver/install/sensorinfo/share/sensorinfo/package.dsv'
[21.480s] INFO:colcon.colcon_core.shell:Creating package script '/home/robosub/robosub_driver/install/sensorinfo/share/sensorinfo/package.sh'
[21.488s] INFO:colcon.colcon_core.shell:Creating package script '/home/robosub/robosub_driver/install/sensorinfo/share/sensorinfo/package.bash'
[21.493s] INFO:colcon.colcon_core.shell:Creating package script '/home/robosub/robosub_driver/install/sensorinfo/share/sensorinfo/package.zsh'
[21.496s] Level 1:colcon.colcon_core.environment:create_file_with_runtime_dependencies(/home/robosub/robosub_driver/install/sensorinfo/share/colcon-core/packages/sensorinfo)
[21.499s] INFO:colcon.colcon_ros.task.ament_python.build:Building ROS package in '/home/robosub/robosub_driver/src/motorinfo' with build type 'ament_python'
[21.500s] Level 1:colcon.colcon_core.shell:create_environment_hook('motorinfo', 'ament_prefix_path')
[21.501s] INFO:colcon.colcon_core.shell:Creating environment hook '/home/robosub/robosub_driver/install/motorinfo/share/motorinfo/hook/ament_prefix_path.ps1'
[21.505s] INFO:colcon.colcon_core.shell:Creating environment descriptor '/home/robosub/robosub_driver/install/motorinfo/share/motorinfo/hook/ament_prefix_path.dsv'
[21.514s] INFO:colcon.colcon_core.shell:Creating environment hook '/home/robosub/robosub_driver/install/motorinfo/share/motorinfo/hook/ament_prefix_path.sh'
[21.523s] INFO:colcon.colcon_core.shell:Skip shell extension 'powershell' for command environment: Not usable outside of PowerShell
[21.524s] DEBUG:colcon.colcon_core.shell:Skip shell extension 'dsv' for command environment
[23.407s] INFO:colcon.colcon_core.task.python.build:Building Python package in '/home/robosub/robosub_driver/src/motorinfo'
[23.409s] INFO:colcon.colcon_core.shell:Skip shell extension 'powershell' for command environment: Not usable outside of PowerShell
[23.409s] DEBUG:colcon.colcon_core.shell:Skip shell extension 'dsv' for command environment
[28.660s] DEBUG:colcon.colcon_core.event_handler.log_command:Invoking command in '/home/robosub/robosub_driver/src/motorinfo': AMENT_PREFIX_PATH=/home/robosub/robosub_driver/install/sensorinfo:/home/robosub/robosub_driver/install/motorinfo:/opt/ros/jazzy DEBUGINFOD_URLS=https://debuginfod.ubuntu.com PYTHONPATH=/home/robosub/robosub_driver/build/motorinfo/prefix_override:/usr/lib/python3/dist-packages/colcon_core/task/python/colcon_distutils_commands:/home/robosub/robosub_driver/install/motorinfo/lib/python3.12/site-packages:/home/robosub/robosub_driver/install/sensorinfo/lib/python3.12/site-packages:/home/robosub/robosub_driver/install/motorinfo/lib/python3.12/site-packages:/home/robosub/robosub_driver/install/ms5837/lib/python3.12/site-packages:/opt/ros/jazzy/lib/python3.12/site-packages /usr/bin/python3 -W ignore:setup.py install is deprecated -W ignore:easy_install command is deprecated setup.py egg_info --egg-base ../../build/motorinfo build --build-base /home/robosub/robosub_driver/build/motorinfo/build install --record /home/robosub/robosub_driver/build/motorinfo/install.log --single-version-externally-managed install_data
[33.441s] Level 1:colcon.colcon_core.environment:checking '/home/robosub/robosub_driver/install/motorinfo' for CMake module files
[33.449s] DEBUG:colcon.colcon_core.event_handler.log_command:Invoked command in '/home/robosub/robosub_driver/src/motorinfo' returned '0': AMENT_PREFIX_PATH=/home/robosub/robosub_driver/install/sensorinfo:/home/robosub/robosub_driver/install/motorinfo:/opt/ros/jazzy DEBUGINFOD_URLS=https://debuginfod.ubuntu.com PYTHONPATH=/home/robosub/robosub_driver/build/motorinfo/prefix_override:/usr/lib/python3/dist-packages/colcon_core/task/python/colcon_distutils_commands:/home/robosub/robosub_driver/install/motorinfo/lib/python3.12/site-packages:/home/robosub/robosub_driver/install/sensorinfo/lib/python3.12/site-packages:/home/robosub/robosub_driver/install/motorinfo/lib/python3.12/site-packages:/home/robosub/robosub_driver/install/ms5837/lib/python3.12/site-packages:/opt/ros/jazzy/lib/python3.12/site-packages /usr/bin/python3 -W ignore:setup.py install is deprecated -W ignore:easy_install command is deprecated setup.py egg_info --egg-base ../../build/motorinfo build --build-base /home/robosub/robosub_driver/build/motorinfo/build install --record /home/robosub/robosub_driver/build/motorinfo/install.log --single-version-externally-managed install_data
[33.456s] Level 1:colcon.colcon_core.environment:checking '/home/robosub/robosub_driver/install/motorinfo' for CMake config files
[33.467s] Level 1:colcon.colcon_core.environment:checking '/home/robosub/robosub_driver/install/motorinfo/lib'
[33.470s] Level 1:colcon.colcon_core.environment:checking '/home/robosub/robosub_driver/install/motorinfo/bin'
[33.471s] Level 1:colcon.colcon_core.environment:checking '/home/robosub/robosub_driver/install/motorinfo/lib/pkgconfig/motorinfo.pc'
[33.474s] Level 1:colcon.colcon_core.environment:checking '/home/robosub/robosub_driver/install/motorinfo/lib/python3.12/site-packages'
[33.479s] Level 1:colcon.colcon_core.shell:create_environment_hook('motorinfo', 'pythonpath')
[33.483s] INFO:colcon.colcon_core.shell:Creating environment hook '/home/robosub/robosub_driver/install/motorinfo/share/motorinfo/hook/pythonpath.ps1'
[33.496s] INFO:colcon.colcon_core.shell:Creating environment descriptor '/home/robosub/robosub_driver/install/motorinfo/share/motorinfo/hook/pythonpath.dsv'
[33.512s] INFO:colcon.colcon_core.shell:Creating environment hook '/home/robosub/robosub_driver/install/motorinfo/share/motorinfo/hook/pythonpath.sh'
[33.521s] Level 1:colcon.colcon_core.environment:checking '/home/robosub/robosub_driver/install/motorinfo/bin'
[33.524s] Level 1:colcon.colcon_core.environment:create_environment_scripts_only(motorinfo)
[33.528s] INFO:colcon.colcon_core.shell:Creating package script '/home/robosub/robosub_driver/install/motorinfo/share/motorinfo/package.ps1'
[33.536s] INFO:colcon.colcon_core.shell:Creating package descriptor '/home/robosub/robosub_driver/install/motorinfo/share/motorinfo/package.dsv'
[33.546s] INFO:colcon.colcon_core.shell:Creating package script '/home/robosub/robosub_driver/install/motorinfo/share/motorinfo/package.sh'
[33.555s] INFO:colcon.colcon_core.shell:Creating package script '/home/robosub/robosub_driver/install/motorinfo/share/motorinfo/package.bash'
[33.568s] INFO:colcon.colcon_core.shell:Creating package script '/home/robosub/robosub_driver/install/motorinfo/share/motorinfo/package.zsh'
[33.580s] Level 1:colcon.colcon_core.environment:create_file_with_runtime_dependencies(/home/robosub/robosub_driver/install/motorinfo/share/colcon-core/packages/motorinfo)
[33.586s] DEBUG:colcon.colcon_parallel_executor.executor.parallel:closing loop
[33.593s] DEBUG:colcon.colcon_parallel_executor.executor.parallel:loop closed
[33.594s] DEBUG:colcon.colcon_parallel_executor.executor.parallel:run_until_complete finished with '0'
[33.599s] DEBUG:colcon.colcon_core.event_reactor:joining thread
[33.672s] INFO:colcon.colcon_core.plugin_system:Skipping extension 'colcon_notification.desktop_notification.terminal_notifier': Not used on non-Darwin systems
[33.673s] INFO:colcon.colcon_core.plugin_system:Skipping extension 'colcon_notification.desktop_notification.win32': Not used on non-Windows systems
[33.674s] INFO:colcon.colcon_notification.desktop_notification:Sending desktop notification using 'notify2'
[33.843s] DEBUG:colcon.colcon_core.event_reactor:joined thread
[33.844s] INFO:colcon.colcon_core.shell:Creating prefix script '/home/robosub/robosub_driver/install/local_setup.ps1'
[33.850s] INFO:colcon.colcon_core.shell:Creating prefix util module '/home/robosub/robosub_driver/install/_local_setup_util_ps1.py'
[33.859s] INFO:colcon.colcon_core.shell:Creating prefix chain script '/home/robosub/robosub_driver/install/setup.ps1'
[33.869s] INFO:colcon.colcon_core.shell:Creating prefix script '/home/robosub/robosub_driver/install/local_setup.sh'
[33.873s] INFO:colcon.colcon_core.shell:Creating prefix util module '/home/robosub/robosub_driver/install/_local_setup_util_sh.py'
[33.876s] INFO:colcon.colcon_core.shell:Creating prefix chain script '/home/robosub/robosub_driver/install/setup.sh'
[33.886s] INFO:colcon.colcon_core.shell:Creating prefix script '/home/robosub/robosub_driver/install/local_setup.bash'
[33.891s] INFO:colcon.colcon_core.shell:Creating prefix chain script '/home/robosub/robosub_driver/install/setup.bash'
[33.897s] INFO:colcon.colcon_core.shell:Creating prefix script '/home/robosub/robosub_driver/install/local_setup.zsh'
[33.901s] INFO:colcon.colcon_core.shell:Creating prefix chain script '/home/robosub/robosub_driver/install/setup.zsh'
