/home/robosub/robosub_driver/install/motorinfo/lib/python3.12/site-packages/motorinfo/__init__.py
/home/robosub/robosub_driver/install/motorinfo/lib/python3.12/site-packages/motorinfo/motorauv2.py
/home/robosub/robosub_driver/install/motorinfo/lib/python3.12/site-packages/motorinfo/motorauv.py
/home/robosub/robosub_driver/install/motorinfo/lib/python3.12/site-packages/motorinfo/motorcommand.py
/home/robosub/robosub_driver/install/motorinfo/lib/python3.12/site-packages/motorinfo/motorkey.py
/home/robosub/robosub_driver/install/motorinfo/lib/python3.12/site-packages/motorinfo/__pycache__/__init__.cpython-312.pyc
/home/robosub/robosub_driver/install/motorinfo/lib/python3.12/site-packages/motorinfo/__pycache__/motorauv2.cpython-312.pyc
/home/robosub/robosub_driver/install/motorinfo/lib/python3.12/site-packages/motorinfo/__pycache__/motorauv.cpython-312.pyc
/home/robosub/robosub_driver/install/motorinfo/lib/python3.12/site-packages/motorinfo/__pycache__/motorcommand.cpython-312.pyc
/home/robosub/robosub_driver/install/motorinfo/lib/python3.12/site-packages/motorinfo/__pycache__/motorkey.cpython-312.pyc
/home/robosub/robosub_driver/install/motorinfo/share/ament_index/resource_index/packages/motorinfo
/home/robosub/robosub_driver/install/motorinfo/share/motorinfo/package.xml
/home/robosub/robosub_driver/install/motorinfo/lib/python3.12/site-packages/motorinfo-0.0.0-py3.12.egg-info/SOURCES.txt
/home/robosub/robosub_driver/install/motorinfo/lib/python3.12/site-packages/motorinfo-0.0.0-py3.12.egg-info/top_level.txt
/home/robosub/robosub_driver/install/motorinfo/lib/python3.12/site-packages/motorinfo-0.0.0-py3.12.egg-info/PKG-INFO
/home/robosub/robosub_driver/install/motorinfo/lib/python3.12/site-packages/motorinfo-0.0.0-py3.12.egg-info/zip-safe
/home/robosub/robosub_driver/install/motorinfo/lib/python3.12/site-packages/motorinfo-0.0.0-py3.12.egg-info/requires.txt
/home/robosub/robosub_driver/install/motorinfo/lib/python3.12/site-packages/motorinfo-0.0.0-py3.12.egg-info/dependency_links.txt
/home/robosub/robosub_driver/install/motorinfo/lib/python3.12/site-packages/motorinfo-0.0.0-py3.12.egg-info/entry_points.txt
/home/robosub/robosub_driver/install/motorinfo/lib/motorinfo/motorauv
/home/robosub/robosub_driver/install/motorinfo/lib/motorinfo/motorauv2
/home/robosub/robosub_driver/install/motorinfo/lib/motorinfo/motorcommand
/home/robosub/robosub_driver/install/motorinfo/lib/motorinfo/motorkey
