running develop
running egg_info
creating sensorinfo.egg-info
writing sensorinfo.egg-info/PKG-INFO
writing dependency_links to sensorinfo.egg-info/dependency_links.txt
writing entry points to sensorinfo.egg-info/entry_points.txt
writing requirements to sensorinfo.egg-info/requires.txt
writing top-level names to sensorinfo.egg-info/top_level.txt
writing manifest file 'sensorinfo.egg-info/SOURCES.txt'
reading manifest file 'sensorinfo.egg-info/SOURCES.txt'
writing manifest file 'sensorinfo.egg-info/SOURCES.txt'
running build_ext
Creating /home/robosub/robosub_driver/install/sensorinfo/lib/python3.12/site-packages/sensorinfo.egg-link (link to .)
Installing depth script to /home/robosub/robosub_driver/install/sensorinfo/lib/sensorinfo
Installing depthIMU script to /home/robosub/robosub_driver/install/sensorinfo/lib/sensorinfo
Installing hydrophone script to /home/robosub/robosub_driver/install/sensorinfo/lib/sensorinfo
Installing imu script to /home/robosub/robosub_driver/install/sensorinfo/lib/sensorinfo

Installed /home/robosub/robosub_driver/build/sensorinfo
running symlink_data
creating /home/robosub/robosub_driver/install/sensorinfo/share/ament_index
creating /home/robosub/robosub_driver/install/sensorinfo/share/ament_index/resource_index
creating /home/robosub/robosub_driver/install/sensorinfo/share/ament_index/resource_index/packages
symbolically linking /home/robosub/robosub_driver/build/sensorinfo/resource/sensorinfo -> /home/robosub/robosub_driver/install/sensorinfo/share/ament_index/resource_index/packages
symbolically linking /home/robosub/robosub_driver/build/sensorinfo/package.xml -> /home/robosub/robosub_driver/install/sensorinfo/share/sensorinfo
