[0.526s] DEBUG:colcon:Command line arguments: ['/usr/bin/colcon', 'build', '--packages-select', 'camerainfo']
[0.527s] DEBUG:colcon:Parsed command line arguments: Namespace(log_base=None, log_level=None, verb_name='build', build_base='build', install_base='install', merge_install=False, symlink_install=False, test_result_base=None, continue_on_error=False, executor='parallel', parallel_workers=4, event_handlers=None, ignore_user_meta=False, metas=['./colcon.meta'], base_paths=['.'], packages_ignore=None, packages_ignore_regex=None, paths=None, packages_up_to=None, packages_up_to_regex=None, packages_above=None, packages_above_and_dependencies=None, packages_above_depth=None, packages_select_by_dep=None, packages_skip_by_dep=None, packages_skip_up_to=None, packages_select_build_failed=False, packages_skip_build_finished=False, packages_select_test_failures=False, packages_skip_test_passed=False, packages_select=['camerainfo'], packages_skip=None, packages_select_regex=None, packages_skip_regex=None, packages_start=None, packages_end=None, allow_overriding=[], cmake_args=None, cmake_target=None, cmake_target_skip_unavailable=False, cmake_clean_cache=False, cmake_clean_first=False, cmake_force_configure=False, ament_cmake_args=None, catkin_cmake_args=None, catkin_skip_building_tests=False, mixin_files=None, mixin=None, verb_parser=<colcon_mixin.mixin.mixin_argument.MixinArgumentDecorator object at 0xffff84983e60>, verb_extension=<colcon_core.verb.build.BuildVerb object at 0xffff84b68a70>, main=<bound method BuildVerb.main of <colcon_core.verb.build.BuildVerb object at 0xffff84b68a70>>, mixin_verb=('build',))
[0.747s] Level 1:colcon.colcon_core.package_discovery:discover_packages(colcon_meta) check parameters
[0.747s] Level 1:colcon.colcon_core.package_discovery:discover_packages(recursive) check parameters
[0.748s] Level 1:colcon.colcon_core.package_discovery:discover_packages(ignore) check parameters
[0.748s] Level 1:colcon.colcon_core.package_discovery:discover_packages(path) check parameters
[0.748s] Level 1:colcon.colcon_core.package_discovery:discover_packages(colcon_meta) discover
[0.748s] Level 1:colcon.colcon_core.package_discovery:discover_packages(recursive) discover
[0.748s] INFO:colcon.colcon_core.package_discovery:Crawling recursively for packages in '/home/robosub/robosub_navigator'
[0.749s] Level 1:colcon.colcon_core.package_identification:_identify(.) by extensions ['ignore', 'ignore_ament_install']
[0.749s] Level 1:colcon.colcon_core.package_identification:_identify(.) by extension 'ignore'
[0.750s] Level 1:colcon.colcon_core.package_identification:_identify(.) by extension 'ignore_ament_install'
[0.750s] Level 1:colcon.colcon_core.package_identification:_identify(.) by extensions ['colcon_pkg']
[0.750s] Level 1:colcon.colcon_core.package_identification:_identify(.) by extension 'colcon_pkg'
[0.750s] Level 1:colcon.colcon_core.package_identification:_identify(.) by extensions ['colcon_meta']
[0.750s] Level 1:colcon.colcon_core.package_identification:_identify(.) by extension 'colcon_meta'
[0.751s] Level 1:colcon.colcon_core.package_identification:_identify(.) by extensions ['ros']
[0.751s] Level 1:colcon.colcon_core.package_identification:_identify(.) by extension 'ros'
[0.865s] Level 1:colcon.colcon_core.package_identification:_identify(.) by extensions ['cmake', 'python']
[0.865s] Level 1:colcon.colcon_core.package_identification:_identify(.) by extension 'cmake'
[0.866s] Level 1:colcon.colcon_core.package_identification:_identify(.) by extension 'python'
[0.866s] Level 1:colcon.colcon_core.package_identification:_identify(.) by extensions ['python_setup_py']
[0.867s] Level 1:colcon.colcon_core.package_identification:_identify(.) by extension 'python_setup_py'
[0.867s] Level 1:colcon.colcon_core.package_identification:_identify(build) by extensions ['ignore', 'ignore_ament_install']
[0.868s] Level 1:colcon.colcon_core.package_identification:_identify(build) by extension 'ignore'
[0.868s] Level 1:colcon.colcon_core.package_identification:_identify(build) ignored
[0.869s] Level 1:colcon.colcon_core.package_identification:_identify(config) by extensions ['ignore', 'ignore_ament_install']
[0.870s] Level 1:colcon.colcon_core.package_identification:_identify(config) by extension 'ignore'
[0.870s] Level 1:colcon.colcon_core.package_identification:_identify(config) by extension 'ignore_ament_install'
[0.871s] Level 1:colcon.colcon_core.package_identification:_identify(config) by extensions ['colcon_pkg']
[0.871s] Level 1:colcon.colcon_core.package_identification:_identify(config) by extension 'colcon_pkg'
[0.871s] Level 1:colcon.colcon_core.package_identification:_identify(config) by extensions ['colcon_meta']
[0.871s] Level 1:colcon.colcon_core.package_identification:_identify(config) by extension 'colcon_meta'
[0.871s] Level 1:colcon.colcon_core.package_identification:_identify(config) by extensions ['ros']
[0.871s] Level 1:colcon.colcon_core.package_identification:_identify(config) by extension 'ros'
[0.872s] Level 1:colcon.colcon_core.package_identification:_identify(config) by extensions ['cmake', 'python']
[0.872s] Level 1:colcon.colcon_core.package_identification:_identify(config) by extension 'cmake'
[0.872s] Level 1:colcon.colcon_core.package_identification:_identify(config) by extension 'python'
[0.872s] Level 1:colcon.colcon_core.package_identification:_identify(config) by extensions ['python_setup_py']
[0.873s] Level 1:colcon.colcon_core.package_identification:_identify(config) by extension 'python_setup_py'
[0.873s] Level 1:colcon.colcon_core.package_identification:_identify(install) by extensions ['ignore', 'ignore_ament_install']
[0.874s] Level 1:colcon.colcon_core.package_identification:_identify(install) by extension 'ignore'
[0.874s] Level 1:colcon.colcon_core.package_identification:_identify(install) ignored
[0.874s] Level 1:colcon.colcon_core.package_identification:_identify(log) by extensions ['ignore', 'ignore_ament_install']
[0.875s] Level 1:colcon.colcon_core.package_identification:_identify(log) by extension 'ignore'
[0.875s] Level 1:colcon.colcon_core.package_identification:_identify(log) ignored
[0.875s] Level 1:colcon.colcon_core.package_identification:_identify(mlmodel) by extensions ['ignore', 'ignore_ament_install']
[0.876s] Level 1:colcon.colcon_core.package_identification:_identify(mlmodel) by extension 'ignore'
[0.876s] Level 1:colcon.colcon_core.package_identification:_identify(mlmodel) by extension 'ignore_ament_install'
[0.876s] Level 1:colcon.colcon_core.package_identification:_identify(mlmodel) by extensions ['colcon_pkg']
[0.877s] Level 1:colcon.colcon_core.package_identification:_identify(mlmodel) by extension 'colcon_pkg'
[0.877s] Level 1:colcon.colcon_core.package_identification:_identify(mlmodel) by extensions ['colcon_meta']
[0.877s] Level 1:colcon.colcon_core.package_identification:_identify(mlmodel) by extension 'colcon_meta'
[0.877s] Level 1:colcon.colcon_core.package_identification:_identify(mlmodel) by extensions ['ros']
[0.877s] Level 1:colcon.colcon_core.package_identification:_identify(mlmodel) by extension 'ros'
[0.878s] Level 1:colcon.colcon_core.package_identification:_identify(mlmodel) by extensions ['cmake', 'python']
[0.878s] Level 1:colcon.colcon_core.package_identification:_identify(mlmodel) by extension 'cmake'
[0.878s] Level 1:colcon.colcon_core.package_identification:_identify(mlmodel) by extension 'python'
[0.878s] Level 1:colcon.colcon_core.package_identification:_identify(mlmodel) by extensions ['python_setup_py']
[0.878s] Level 1:colcon.colcon_core.package_identification:_identify(mlmodel) by extension 'python_setup_py'
[0.879s] Level 1:colcon.colcon_core.package_identification:_identify(src) by extensions ['ignore', 'ignore_ament_install']
[0.879s] Level 1:colcon.colcon_core.package_identification:_identify(src) by extension 'ignore'
[0.880s] Level 1:colcon.colcon_core.package_identification:_identify(src) by extension 'ignore_ament_install'
[0.880s] Level 1:colcon.colcon_core.package_identification:_identify(src) by extensions ['colcon_pkg']
[0.881s] Level 1:colcon.colcon_core.package_identification:_identify(src) by extension 'colcon_pkg'
[0.881s] Level 1:colcon.colcon_core.package_identification:_identify(src) by extensions ['colcon_meta']
[0.881s] Level 1:colcon.colcon_core.package_identification:_identify(src) by extension 'colcon_meta'
[0.882s] Level 1:colcon.colcon_core.package_identification:_identify(src) by extensions ['ros']
[0.882s] Level 1:colcon.colcon_core.package_identification:_identify(src) by extension 'ros'
[0.883s] Level 1:colcon.colcon_core.package_identification:_identify(src) by extensions ['cmake', 'python']
[0.883s] Level 1:colcon.colcon_core.package_identification:_identify(src) by extension 'cmake'
[0.883s] Level 1:colcon.colcon_core.package_identification:_identify(src) by extension 'python'
[0.884s] Level 1:colcon.colcon_core.package_identification:_identify(src) by extensions ['python_setup_py']
[0.884s] Level 1:colcon.colcon_core.package_identification:_identify(src) by extension 'python_setup_py'
[0.885s] Level 1:colcon.colcon_core.package_identification:_identify(src/camerainfo) by extensions ['ignore', 'ignore_ament_install']
[0.885s] Level 1:colcon.colcon_core.package_identification:_identify(src/camerainfo) by extension 'ignore'
[0.885s] Level 1:colcon.colcon_core.package_identification:_identify(src/camerainfo) by extension 'ignore_ament_install'
[0.886s] Level 1:colcon.colcon_core.package_identification:_identify(src/camerainfo) by extensions ['colcon_pkg']
[0.886s] Level 1:colcon.colcon_core.package_identification:_identify(src/camerainfo) by extension 'colcon_pkg'
[0.886s] Level 1:colcon.colcon_core.package_identification:_identify(src/camerainfo) by extensions ['colcon_meta']
[0.886s] Level 1:colcon.colcon_core.package_identification:_identify(src/camerainfo) by extension 'colcon_meta'
[0.886s] Level 1:colcon.colcon_core.package_identification:_identify(src/camerainfo) by extensions ['ros']
[0.886s] Level 1:colcon.colcon_core.package_identification:_identify(src/camerainfo) by extension 'ros'
[0.897s] DEBUG:colcon.colcon_core.package_identification:Package 'src/camerainfo' with type 'ros.ament_python' and name 'camerainfo'
[0.898s] Level 1:colcon.colcon_core.package_discovery:discover_packages(recursive) using defaults
[0.898s] Level 1:colcon.colcon_core.package_discovery:discover_packages(ignore) discover
[0.898s] Level 1:colcon.colcon_core.package_discovery:discover_packages(ignore) using defaults
[0.898s] Level 1:colcon.colcon_core.package_discovery:discover_packages(path) discover
[0.898s] Level 1:colcon.colcon_core.package_discovery:discover_packages(path) using defaults
[0.974s] Level 1:colcon.colcon_core.package_discovery:discover_packages(prefix_path) check parameters
[0.975s] Level 1:colcon.colcon_core.package_discovery:discover_packages(prefix_path) discover
[0.983s] DEBUG:colcon.colcon_installed_package_information.package_discovery:Found 1 installed packages in /home/robosub/robosub_navigator/install
[0.994s] DEBUG:colcon.colcon_installed_package_information.package_discovery:Found 287 installed packages in /opt/ros/jazzy
[0.998s] Level 1:colcon.colcon_core.package_discovery:discover_packages(prefix_path) using defaults
[1.283s] Level 5:colcon.colcon_core.verb:set package 'camerainfo' build argument 'cmake_args' from command line to 'None'
[1.283s] Level 5:colcon.colcon_core.verb:set package 'camerainfo' build argument 'cmake_target' from command line to 'None'
[1.284s] Level 5:colcon.colcon_core.verb:set package 'camerainfo' build argument 'cmake_target_skip_unavailable' from command line to 'False'
[1.285s] Level 5:colcon.colcon_core.verb:set package 'camerainfo' build argument 'cmake_clean_cache' from command line to 'False'
[1.285s] Level 5:colcon.colcon_core.verb:set package 'camerainfo' build argument 'cmake_clean_first' from command line to 'False'
[1.286s] Level 5:colcon.colcon_core.verb:set package 'camerainfo' build argument 'cmake_force_configure' from command line to 'False'
[1.286s] Level 5:colcon.colcon_core.verb:set package 'camerainfo' build argument 'ament_cmake_args' from command line to 'None'
[1.286s] Level 5:colcon.colcon_core.verb:set package 'camerainfo' build argument 'catkin_cmake_args' from command line to 'None'
[1.286s] Level 5:colcon.colcon_core.verb:set package 'camerainfo' build argument 'catkin_skip_building_tests' from command line to 'False'
[1.286s] DEBUG:colcon.colcon_core.verb:Building package 'camerainfo' with the following arguments: {'ament_cmake_args': None, 'build_base': '/home/robosub/robosub_navigator/build/camerainfo', 'catkin_cmake_args': None, 'catkin_skip_building_tests': False, 'cmake_args': None, 'cmake_clean_cache': False, 'cmake_clean_first': False, 'cmake_force_configure': False, 'cmake_target': None, 'cmake_target_skip_unavailable': False, 'install_base': '/home/robosub/robosub_navigator/install/camerainfo', 'merge_install': False, 'path': '/home/robosub/robosub_navigator/src/camerainfo', 'symlink_install': False, 'test_result_base': None}
[1.287s] INFO:colcon.colcon_core.executor:Executing jobs using 'parallel' executor
[1.291s] DEBUG:colcon.colcon_parallel_executor.executor.parallel:run_until_complete
[1.292s] INFO:colcon.colcon_ros.task.ament_python.build:Building ROS package in '/home/robosub/robosub_navigator/src/camerainfo' with build type 'ament_python'
[1.293s] Level 1:colcon.colcon_core.shell:create_environment_hook('camerainfo', 'ament_prefix_path')
[1.308s] INFO:colcon.colcon_core.plugin_system:Skipping extension 'colcon_core.shell.bat': Not used on non-Windows systems
[1.309s] INFO:colcon.colcon_core.shell:Creating environment hook '/home/robosub/robosub_navigator/install/camerainfo/share/camerainfo/hook/ament_prefix_path.ps1'
[1.313s] INFO:colcon.colcon_core.shell:Creating environment descriptor '/home/robosub/robosub_navigator/install/camerainfo/share/camerainfo/hook/ament_prefix_path.dsv'
[1.334s] INFO:colcon.colcon_core.shell:Creating environment hook '/home/robosub/robosub_navigator/install/camerainfo/share/camerainfo/hook/ament_prefix_path.sh'
[1.339s] INFO:colcon.colcon_core.shell:Skip shell extension 'powershell' for command environment: Not usable outside of PowerShell
[1.340s] DEBUG:colcon.colcon_core.shell:Skip shell extension 'dsv' for command environment
[3.870s] INFO:colcon.colcon_core.task.python.build:Building Python package in '/home/robosub/robosub_navigator/src/camerainfo'
[3.872s] INFO:colcon.colcon_core.shell:Skip shell extension 'powershell' for command environment: Not usable outside of PowerShell
[3.872s] DEBUG:colcon.colcon_core.shell:Skip shell extension 'dsv' for command environment
[8.123s] DEBUG:colcon.colcon_core.event_handler.log_command:Invoking command in '/home/robosub/robosub_navigator/src/camerainfo': DEBUGINFOD_URLS=https://debuginfod.ubuntu.com PYTHONPATH=/home/robosub/robosub_navigator/build/camerainfo/prefix_override:/usr/lib/python3/dist-packages/colcon_core/task/python/colcon_distutils_commands:/home/robosub/robosub_navigator/install/camerainfo/lib/python3.12/site-packages:${PYTHONPATH} /usr/bin/python3 -W ignore:setup.py install is deprecated -W ignore:easy_install command is deprecated setup.py egg_info --egg-base ../../build/camerainfo build --build-base /home/robosub/robosub_navigator/build/camerainfo/build install --record /home/robosub/robosub_navigator/build/camerainfo/install.log --single-version-externally-managed install_data
[13.616s] DEBUG:colcon.colcon_core.event_handler.log_command:Invoked command in '/home/robosub/robosub_navigator/src/camerainfo' returned '0': DEBUGINFOD_URLS=https://debuginfod.ubuntu.com PYTHONPATH=/home/robosub/robosub_navigator/build/camerainfo/prefix_override:/usr/lib/python3/dist-packages/colcon_core/task/python/colcon_distutils_commands:/home/robosub/robosub_navigator/install/camerainfo/lib/python3.12/site-packages:${PYTHONPATH} /usr/bin/python3 -W ignore:setup.py install is deprecated -W ignore:easy_install command is deprecated setup.py egg_info --egg-base ../../build/camerainfo build --build-base /home/robosub/robosub_navigator/build/camerainfo/build install --record /home/robosub/robosub_navigator/build/camerainfo/install.log --single-version-externally-managed install_data
[13.646s] Level 1:colcon.colcon_core.environment:checking '/home/robosub/robosub_navigator/install/camerainfo' for CMake module files
[13.651s] Level 1:colcon.colcon_core.environment:checking '/home/robosub/robosub_navigator/install/camerainfo' for CMake config files
[13.659s] Level 1:colcon.colcon_core.environment:checking '/home/robosub/robosub_navigator/install/camerainfo/lib'
[13.660s] Level 1:colcon.colcon_core.environment:checking '/home/robosub/robosub_navigator/install/camerainfo/bin'
[13.660s] Level 1:colcon.colcon_core.environment:checking '/home/robosub/robosub_navigator/install/camerainfo/lib/pkgconfig/camerainfo.pc'
[13.661s] Level 1:colcon.colcon_core.environment:checking '/home/robosub/robosub_navigator/install/camerainfo/lib/python3.12/site-packages'
[13.662s] Level 1:colcon.colcon_core.shell:create_environment_hook('camerainfo', 'pythonpath')
[13.663s] INFO:colcon.colcon_core.shell:Creating environment hook '/home/robosub/robosub_navigator/install/camerainfo/share/camerainfo/hook/pythonpath.ps1'
[13.665s] INFO:colcon.colcon_core.shell:Creating environment descriptor '/home/robosub/robosub_navigator/install/camerainfo/share/camerainfo/hook/pythonpath.dsv'
[13.667s] INFO:colcon.colcon_core.shell:Creating environment hook '/home/robosub/robosub_navigator/install/camerainfo/share/camerainfo/hook/pythonpath.sh'
[13.670s] Level 1:colcon.colcon_core.environment:checking '/home/robosub/robosub_navigator/install/camerainfo/bin'
[13.670s] Level 1:colcon.colcon_core.environment:create_environment_scripts_only(camerainfo)
[13.672s] INFO:colcon.colcon_core.shell:Creating package script '/home/robosub/robosub_navigator/install/camerainfo/share/camerainfo/package.ps1'
[13.677s] INFO:colcon.colcon_core.shell:Creating package descriptor '/home/robosub/robosub_navigator/install/camerainfo/share/camerainfo/package.dsv'
[13.681s] INFO:colcon.colcon_core.shell:Creating package script '/home/robosub/robosub_navigator/install/camerainfo/share/camerainfo/package.sh'
[13.684s] INFO:colcon.colcon_core.shell:Creating package script '/home/robosub/robosub_navigator/install/camerainfo/share/camerainfo/package.bash'
[13.689s] INFO:colcon.colcon_core.shell:Creating package script '/home/robosub/robosub_navigator/install/camerainfo/share/camerainfo/package.zsh'
[13.693s] Level 1:colcon.colcon_core.environment:create_file_with_runtime_dependencies(/home/robosub/robosub_navigator/install/camerainfo/share/colcon-core/packages/camerainfo)
[13.695s] DEBUG:colcon.colcon_parallel_executor.executor.parallel:closing loop
[13.697s] DEBUG:colcon.colcon_parallel_executor.executor.parallel:loop closed
[13.700s] DEBUG:colcon.colcon_parallel_executor.executor.parallel:run_until_complete finished with '0'
[13.701s] DEBUG:colcon.colcon_core.event_reactor:joining thread
[13.745s] INFO:colcon.colcon_core.plugin_system:Skipping extension 'colcon_notification.desktop_notification.terminal_notifier': Not used on non-Darwin systems
[13.746s] INFO:colcon.colcon_core.plugin_system:Skipping extension 'colcon_notification.desktop_notification.win32': Not used on non-Windows systems
[13.746s] INFO:colcon.colcon_notification.desktop_notification:Sending desktop notification using 'notify2'
[13.902s] DEBUG:colcon.colcon_core.event_reactor:joined thread
[13.904s] INFO:colcon.colcon_core.shell:Creating prefix script '/home/robosub/robosub_navigator/install/local_setup.ps1'
[13.908s] INFO:colcon.colcon_core.shell:Creating prefix util module '/home/robosub/robosub_navigator/install/_local_setup_util_ps1.py'
[13.920s] INFO:colcon.colcon_core.shell:Creating prefix chain script '/home/robosub/robosub_navigator/install/setup.ps1'
[13.928s] INFO:colcon.colcon_core.shell:Creating prefix script '/home/robosub/robosub_navigator/install/local_setup.sh'
[13.933s] INFO:colcon.colcon_core.shell:Creating prefix util module '/home/robosub/robosub_navigator/install/_local_setup_util_sh.py'
[13.936s] INFO:colcon.colcon_core.shell:Creating prefix chain script '/home/robosub/robosub_navigator/install/setup.sh'
[13.941s] INFO:colcon.colcon_core.shell:Creating prefix script '/home/robosub/robosub_navigator/install/local_setup.bash'
[13.944s] INFO:colcon.colcon_core.shell:Creating prefix chain script '/home/robosub/robosub_navigator/install/setup.bash'
[13.949s] INFO:colcon.colcon_core.shell:Creating prefix script '/home/robosub/robosub_navigator/install/local_setup.zsh'
[13.952s] INFO:colcon.colcon_core.shell:Creating prefix chain script '/home/robosub/robosub_navigator/install/setup.zsh'
