/home/robosub/robosub_navigator/install/camerainfo/lib/python3.12/site-packages/camerainfo/__init__.py
/home/robosub/robosub_navigator/install/camerainfo/lib/python3.12/site-packages/camerainfo/grippercam.py
/home/robosub/robosub_navigator/install/camerainfo/lib/python3.12/site-packages/camerainfo/cam.py
/home/robosub/robosub_navigator/install/camerainfo/lib/python3.12/site-packages/camerainfo/frontcam.py
/home/robosub/robosub_navigator/install/camerainfo/lib/python3.12/site-packages/camerainfo/__pycache__/__init__.cpython-312.pyc
/home/robosub/robosub_navigator/install/camerainfo/lib/python3.12/site-packages/camerainfo/__pycache__/grippercam.cpython-312.pyc
/home/robosub/robosub_navigator/install/camerainfo/lib/python3.12/site-packages/camerainfo/__pycache__/cam.cpython-312.pyc
/home/robosub/robosub_navigator/install/camerainfo/lib/python3.12/site-packages/camerainfo/__pycache__/frontcam.cpython-312.pyc
/home/robosub/robosub_navigator/install/camerainfo/share/ament_index/resource_index/packages/camerainfo
/home/robosub/robosub_navigator/install/camerainfo/share/camerainfo/package.xml
/home/robosub/robosub_navigator/install/camerainfo/share/camerainfo/launch/camlaunch.xml
/home/robosub/robosub_navigator/install/camerainfo/share/camerainfo/launch/fclaunch.py
/home/robosub/robosub_navigator/install/camerainfo/lib/python3.12/site-packages/camerainfo-0.0.0-py3.12.egg-info/SOURCES.txt
/home/robosub/robosub_navigator/install/camerainfo/lib/python3.12/site-packages/camerainfo-0.0.0-py3.12.egg-info/top_level.txt
/home/robosub/robosub_navigator/install/camerainfo/lib/python3.12/site-packages/camerainfo-0.0.0-py3.12.egg-info/PKG-INFO
/home/robosub/robosub_navigator/install/camerainfo/lib/python3.12/site-packages/camerainfo-0.0.0-py3.12.egg-info/zip-safe
/home/robosub/robosub_navigator/install/camerainfo/lib/python3.12/site-packages/camerainfo-0.0.0-py3.12.egg-info/requires.txt
/home/robosub/robosub_navigator/install/camerainfo/lib/python3.12/site-packages/camerainfo-0.0.0-py3.12.egg-info/dependency_links.txt
/home/robosub/robosub_navigator/install/camerainfo/lib/python3.12/site-packages/camerainfo-0.0.0-py3.12.egg-info/entry_points.txt
/home/robosub/robosub_navigator/install/camerainfo/lib/camerainfo/cam
/home/robosub/robosub_navigator/install/camerainfo/lib/camerainfo/frontcam
/home/robosub/robosub_navigator/install/camerainfo/lib/camerainfo/grippercam
