[5.634s] Invoking command in '/home/robosub/robosub_navigator/src/camerainfo': DEBUGINFOD_URLS=https://debuginfod.ubuntu.com PYTHONPATH=/home/robosub/robosub_navigator/build/camerainfo/prefix_override:/usr/lib/python3/dist-packages/colcon_core/task/python/colcon_distutils_commands:/home/robosub/robosub_navigator/install/camerainfo/lib/python3.12/site-packages:${PYTHONPATH} /usr/bin/python3 -W ignore:setup.py install is deprecated -W ignore:easy_install command is deprecated setup.py egg_info --egg-base ../../build/camerainfo build --build-base /home/robosub/robosub_navigator/build/camerainfo/build install --record /home/robosub/robosub_navigator/build/camerainfo/install.log --single-version-externally-managed install_data
[7.403s] running egg_info
[7.547s] writing ../../build/camerainfo/camerainfo.egg-info/PKG-INFO
[7.548s] writing dependency_links to ../../build/camerainfo/camerainfo.egg-info/dependency_links.txt
[8.168s] writing entry points to ../../build/camerainfo/camerainfo.egg-info/entry_points.txt
[9.329s] writing requirements to ../../build/camerainfo/camerainfo.egg-info/requires.txt
[9.348s] writing top-level names to ../../build/camerainfo/camerainfo.egg-info/top_level.txt
[9.615s] reading manifest file '../../build/camerainfo/camerainfo.egg-info/SOURCES.txt'
[9.620s] writing manifest file '../../build/camerainfo/camerainfo.egg-info/SOURCES.txt'
[9.623s] running build
[9.624s] running build_py
[9.625s] copying camerainfo/frontcam.py -> /home/robosub/robosub_navigator/build/camerainfo/build/lib/camerainfo
[9.626s] running install
[9.661s] running install_lib
[9.787s] copying /home/robosub/robosub_navigator/build/camerainfo/build/lib/camerainfo/frontcam.py -> /home/robosub/robosub_navigator/install/camerainfo/lib/python3.12/site-packages/camerainfo
[9.790s] byte-compiling /home/robosub/robosub_navigator/install/camerainfo/lib/python3.12/site-packages/camerainfo/frontcam.py to frontcam.cpython-312.pyc
[9.796s] running install_data
[9.798s] running install_egg_info
[9.933s] removing '/home/robosub/robosub_navigator/install/camerainfo/lib/python3.12/site-packages/camerainfo-0.0.0-py3.12.egg-info' (and everything under it)
[9.939s] Copying ../../build/camerainfo/camerainfo.egg-info to /home/robosub/robosub_navigator/install/camerainfo/lib/python3.12/site-packages/camerainfo-0.0.0-py3.12.egg-info
[9.953s] running install_scripts
[10.879s] Installing cam script to /home/robosub/robosub_navigator/install/camerainfo/lib/camerainfo
[10.880s] Installing frontcam script to /home/robosub/robosub_navigator/install/camerainfo/lib/camerainfo
[10.882s] Installing grippercam script to /home/robosub/robosub_navigator/install/camerainfo/lib/camerainfo
[10.884s] writing list of installed files to '/home/robosub/robosub_navigator/build/camerainfo/install.log'
[11.078s] Invoked command in '/home/robosub/robosub_navigator/src/camerainfo' returned '0': DEBUGINFOD_URLS=https://debuginfod.ubuntu.com PYTHONPATH=/home/robosub/robosub_navigator/build/camerainfo/prefix_override:/usr/lib/python3/dist-packages/colcon_core/task/python/colcon_distutils_commands:/home/robosub/robosub_navigator/install/camerainfo/lib/python3.12/site-packages:${PYTHONPATH} /usr/bin/python3 -W ignore:setup.py install is deprecated -W ignore:easy_install command is deprecated setup.py egg_info --egg-base ../../build/camerainfo build --build-base /home/robosub/robosub_navigator/build/camerainfo/build install --record /home/robosub/robosub_navigator/build/camerainfo/install.log --single-version-externally-managed install_data
