running egg_info
writing ../../build/motorinfo/motorinfo.egg-info/PKG-INFO
writing dependency_links to ../../build/motorinfo/motorinfo.egg-info/dependency_links.txt
writing entry points to ../../build/motorinfo/motorinfo.egg-info/entry_points.txt
writing requirements to ../../build/motorinfo/motorinfo.egg-info/requires.txt
writing top-level names to ../../build/motorinfo/motorinfo.egg-info/top_level.txt
reading manifest file '../../build/motorinfo/motorinfo.egg-info/SOURCES.txt'
writing manifest file '../../build/motorinfo/motorinfo.egg-info/SOURCES.txt'
running build
running build_py
copying motorinfo/motorauv.py -> /home/robosub/robosub_driver/build/motorinfo/build/lib/motorinfo
copying motorinfo/motorcommand.py -> /home/robosub/robosub_driver/build/motorinfo/build/lib/motorinfo
running install
running install_lib
copying /home/robosub/robosub_driver/build/motorinfo/build/lib/motorinfo/motorauv.py -> /home/robosub/robosub_driver/install/motorinfo/lib/python3.12/site-packages/motorinfo
copying /home/robosub/robosub_driver/build/motorinfo/build/lib/motorinfo/motorcommand.py -> /home/robosub/robosub_driver/install/motorinfo/lib/python3.12/site-packages/motorinfo
byte-compiling /home/robosub/robosub_driver/install/motorinfo/lib/python3.12/site-packages/motorinfo/motorauv.py to motorauv.cpython-312.pyc
byte-compiling /home/robosub/robosub_driver/install/motorinfo/lib/python3.12/site-packages/motorinfo/motorcommand.py to motorcommand.cpython-312.pyc
running install_data
running install_egg_info
removing '/home/robosub/robosub_driver/install/motorinfo/lib/python3.12/site-packages/motorinfo-0.0.0-py3.12.egg-info' (and everything under it)
Copying ../../build/motorinfo/motorinfo.egg-info to /home/robosub/robosub_driver/install/motorinfo/lib/python3.12/site-packages/motorinfo-0.0.0-py3.12.egg-info
running install_scripts
Installing motorauv script to /home/robosub/robosub_driver/install/motorinfo/lib/motorinfo
Installing motorauv2 script to /home/robosub/robosub_driver/install/motorinfo/lib/motorinfo
Installing motorcommand script to /home/robosub/robosub_driver/install/motorinfo/lib/motorinfo
Installing motorkey script to /home/robosub/robosub_driver/install/motorinfo/lib/motorinfo
writing list of installed files to '/home/robosub/robosub_driver/build/motorinfo/install.log'
