[6.827s] Invoking command in '/home/robosub/robosub_navigator/src/camerainfo': DEBUGINFOD_URLS=https://debuginfod.ubuntu.com PYTHONPATH=/home/robosub/robosub_navigator/build/camerainfo/prefix_override:/usr/lib/python3/dist-packages/colcon_core/task/python/colcon_distutils_commands:/home/robosub/robosub_navigator/install/camerainfo/lib/python3.12/site-packages:${PYTHONPATH} /usr/bin/python3 -W ignore:setup.py install is deprecated -W ignore:easy_install command is deprecated setup.py egg_info --egg-base ../../build/camerainfo build --build-base /home/robosub/robosub_navigator/build/camerainfo/build install --record /home/robosub/robosub_navigator/build/camerainfo/install.log --single-version-externally-managed install_data
[9.194s] running egg_info
[9.566s] writing ../../build/camerainfo/camerainfo.egg-info/PKG-INFO
[9.574s] writing dependency_links to ../../build/camerainfo/camerainfo.egg-info/dependency_links.txt
[9.584s] writing entry points to ../../build/camerainfo/camerainfo.egg-info/entry_points.txt
[9.590s] writing requirements to ../../build/camerainfo/camerainfo.egg-info/requires.txt
[9.596s] writing top-level names to ../../build/camerainfo/camerainfo.egg-info/top_level.txt
[10.186s] reading manifest file '../../build/camerainfo/camerainfo.egg-info/SOURCES.txt'
[10.190s] writing manifest file '../../build/camerainfo/camerainfo.egg-info/SOURCES.txt'
[10.192s] running build
[10.193s] running build_py
[10.195s] copying camerainfo/frontcam.py -> /home/robosub/robosub_navigator/build/camerainfo/build/lib/camerainfo
[10.200s] running install
[10.239s] running install_lib
[10.433s] copying /home/robosub/robosub_navigator/build/camerainfo/build/lib/camerainfo/frontcam.py -> /home/robosub/robosub_navigator/install/camerainfo/lib/python3.12/site-packages/camerainfo
[10.437s] byte-compiling /home/robosub/robosub_navigator/install/camerainfo/lib/python3.12/site-packages/camerainfo/frontcam.py to frontcam.cpython-312.pyc
[10.443s] running install_data
[10.444s] running install_egg_info
[10.647s] removing '/home/robosub/robosub_navigator/install/camerainfo/lib/python3.12/site-packages/camerainfo-0.0.0-py3.12.egg-info' (and everything under it)
[10.651s] Copying ../../build/camerainfo/camerainfo.egg-info to /home/robosub/robosub_navigator/install/camerainfo/lib/python3.12/site-packages/camerainfo-0.0.0-py3.12.egg-info
[10.657s] running install_scripts
[12.069s] Installing cam script to /home/robosub/robosub_navigator/install/camerainfo/lib/camerainfo
[12.071s] Installing frontcam script to /home/robosub/robosub_navigator/install/camerainfo/lib/camerainfo
[12.074s] Installing grippercam script to /home/robosub/robosub_navigator/install/camerainfo/lib/camerainfo
[12.076s] writing list of installed files to '/home/robosub/robosub_navigator/build/camerainfo/install.log'
[12.321s] Invoked command in '/home/robosub/robosub_navigator/src/camerainfo' returned '0': DEBUGINFOD_URLS=https://debuginfod.ubuntu.com PYTHONPATH=/home/robosub/robosub_navigator/build/camerainfo/prefix_override:/usr/lib/python3/dist-packages/colcon_core/task/python/colcon_distutils_commands:/home/robosub/robosub_navigator/install/camerainfo/lib/python3.12/site-packages:${PYTHONPATH} /usr/bin/python3 -W ignore:setup.py install is deprecated -W ignore:easy_install command is deprecated setup.py egg_info --egg-base ../../build/camerainfo build --build-base /home/robosub/robosub_navigator/build/camerainfo/build install --record /home/robosub/robosub_navigator/build/camerainfo/install.log --single-version-externally-managed install_data
