[0.482s] DEBUG:colcon:Command line arguments: ['/usr/bin/colcon', 'build', '--packages-select', 'motorinfo']
[0.482s] DEBUG:colcon:Parsed command line arguments: Namespace(log_base=None, log_level=None, verb_name='build', build_base='build', install_base='install', merge_install=False, symlink_install=False, test_result_base=None, continue_on_error=False, executor='parallel', parallel_workers=4, event_handlers=None, ignore_user_meta=False, metas=['./colcon.meta'], base_paths=['.'], packages_ignore=None, packages_ignore_regex=None, paths=None, packages_up_to=None, packages_up_to_regex=None, packages_above=None, packages_above_and_dependencies=None, packages_above_depth=None, packages_select_by_dep=None, packages_skip_by_dep=None, packages_skip_up_to=None, packages_select_build_failed=False, packages_skip_build_finished=False, packages_select_test_failures=False, packages_skip_test_passed=False, packages_select=['motorinfo'], packages_skip=None, packages_select_regex=None, packages_skip_regex=None, packages_start=None, packages_end=None, allow_overriding=[], cmake_args=None, cmake_target=None, cmake_target_skip_unavailable=False, cmake_clean_cache=False, cmake_clean_first=False, cmake_force_configure=False, ament_cmake_args=None, catkin_cmake_args=None, catkin_skip_building_tests=False, mixin_files=None, mixin=None, verb_parser=<colcon_mixin.mixin.mixin_argument.MixinArgumentDecorator object at 0xffffbc3f8bf0>, verb_extension=<colcon_core.verb.build.BuildVerb object at 0xffffbc4e9d90>, main=<bound method BuildVerb.main of <colcon_core.verb.build.BuildVerb object at 0xffffbc4e9d90>>, mixin_verb=('build',))
[0.656s] Level 1:colcon.colcon_core.package_discovery:discover_packages(colcon_meta) check parameters
[0.656s] Level 1:colcon.colcon_core.package_discovery:discover_packages(recursive) check parameters
[0.656s] Level 1:colcon.colcon_core.package_discovery:discover_packages(ignore) check parameters
[0.656s] Level 1:colcon.colcon_core.package_discovery:discover_packages(path) check parameters
[0.657s] Level 1:colcon.colcon_core.package_discovery:discover_packages(colcon_meta) discover
[0.657s] Level 1:colcon.colcon_core.package_discovery:discover_packages(recursive) discover
[0.657s] INFO:colcon.colcon_core.package_discovery:Crawling recursively for packages in '/home/robosub/robosub_driver'
[0.657s] Level 1:colcon.colcon_core.package_identification:_identify(.) by extensions ['ignore', 'ignore_ament_install']
[0.658s] Level 1:colcon.colcon_core.package_identification:_identify(.) by extension 'ignore'
[0.658s] Level 1:colcon.colcon_core.package_identification:_identify(.) by extension 'ignore_ament_install'
[0.658s] Level 1:colcon.colcon_core.package_identification:_identify(.) by extensions ['colcon_pkg']
[0.658s] Level 1:colcon.colcon_core.package_identification:_identify(.) by extension 'colcon_pkg'
[0.659s] Level 1:colcon.colcon_core.package_identification:_identify(.) by extensions ['colcon_meta']
[0.659s] Level 1:colcon.colcon_core.package_identification:_identify(.) by extension 'colcon_meta'
[0.659s] Level 1:colcon.colcon_core.package_identification:_identify(.) by extensions ['ros']
[0.659s] Level 1:colcon.colcon_core.package_identification:_identify(.) by extension 'ros'
[0.773s] Level 1:colcon.colcon_core.package_identification:_identify(.) by extensions ['cmake', 'python']
[0.773s] Level 1:colcon.colcon_core.package_identification:_identify(.) by extension 'cmake'
[0.773s] Level 1:colcon.colcon_core.package_identification:_identify(.) by extension 'python'
[0.774s] Level 1:colcon.colcon_core.package_identification:_identify(.) by extensions ['python_setup_py']
[0.774s] Level 1:colcon.colcon_core.package_identification:_identify(.) by extension 'python_setup_py'
[0.774s] Level 1:colcon.colcon_core.package_identification:_identify(build) by extensions ['ignore', 'ignore_ament_install']
[0.775s] Level 1:colcon.colcon_core.package_identification:_identify(build) by extension 'ignore'
[0.776s] Level 1:colcon.colcon_core.package_identification:_identify(build) ignored
[0.776s] Level 1:colcon.colcon_core.package_identification:_identify(install) by extensions ['ignore', 'ignore_ament_install']
[0.777s] Level 1:colcon.colcon_core.package_identification:_identify(install) by extension 'ignore'
[0.777s] Level 1:colcon.colcon_core.package_identification:_identify(install) ignored
[0.777s] Level 1:colcon.colcon_core.package_identification:_identify(library) by extensions ['ignore', 'ignore_ament_install']
[0.778s] Level 1:colcon.colcon_core.package_identification:_identify(library) by extension 'ignore'
[0.778s] Level 1:colcon.colcon_core.package_identification:_identify(library) by extension 'ignore_ament_install'
[0.779s] Level 1:colcon.colcon_core.package_identification:_identify(library) by extensions ['colcon_pkg']
[0.779s] Level 1:colcon.colcon_core.package_identification:_identify(library) by extension 'colcon_pkg'
[0.780s] Level 1:colcon.colcon_core.package_identification:_identify(library) by extensions ['colcon_meta']
[0.780s] Level 1:colcon.colcon_core.package_identification:_identify(library) by extension 'colcon_meta'
[0.780s] Level 1:colcon.colcon_core.package_identification:_identify(library) by extensions ['ros']
[0.780s] Level 1:colcon.colcon_core.package_identification:_identify(library) by extension 'ros'
[0.781s] Level 1:colcon.colcon_core.package_identification:_identify(library) by extensions ['cmake', 'python']
[0.781s] Level 1:colcon.colcon_core.package_identification:_identify(library) by extension 'cmake'
[0.781s] Level 1:colcon.colcon_core.package_identification:_identify(library) by extension 'python'
[0.782s] Level 1:colcon.colcon_core.package_identification:_identify(library) by extensions ['python_setup_py']
[0.782s] Level 1:colcon.colcon_core.package_identification:_identify(library) by extension 'python_setup_py'
[0.782s] Level 1:colcon.colcon_core.package_identification:_identify(library/build) by extensions ['ignore', 'ignore_ament_install']
[0.783s] Level 1:colcon.colcon_core.package_identification:_identify(library/build) by extension 'ignore'
[0.783s] Level 1:colcon.colcon_core.package_identification:_identify(library/build) ignored
[0.784s] Level 1:colcon.colcon_core.package_identification:_identify(library/install) by extensions ['ignore', 'ignore_ament_install']
[0.784s] Level 1:colcon.colcon_core.package_identification:_identify(library/install) by extension 'ignore'
[0.785s] Level 1:colcon.colcon_core.package_identification:_identify(library/install) ignored
[0.785s] Level 1:colcon.colcon_core.package_identification:_identify(library/log) by extensions ['ignore', 'ignore_ament_install']
[0.786s] Level 1:colcon.colcon_core.package_identification:_identify(library/log) by extension 'ignore'
[0.786s] Level 1:colcon.colcon_core.package_identification:_identify(library/log) ignored
[0.787s] Level 1:colcon.colcon_core.package_identification:_identify(library/ms5837-python) by extensions ['ignore', 'ignore_ament_install']
[0.788s] Level 1:colcon.colcon_core.package_identification:_identify(library/ms5837-python) by extension 'ignore'
[0.788s] Level 1:colcon.colcon_core.package_identification:_identify(library/ms5837-python) by extension 'ignore_ament_install'
[0.789s] Level 1:colcon.colcon_core.package_identification:_identify(library/ms5837-python) by extensions ['colcon_pkg']
[0.790s] Level 1:colcon.colcon_core.package_identification:_identify(library/ms5837-python) by extension 'colcon_pkg'
[0.790s] Level 1:colcon.colcon_core.package_identification:_identify(library/ms5837-python) by extensions ['colcon_meta']
[0.790s] Level 1:colcon.colcon_core.package_identification:_identify(library/ms5837-python) by extension 'colcon_meta'
[0.791s] Level 1:colcon.colcon_core.package_identification:_identify(library/ms5837-python) by extensions ['ros']
[0.791s] Level 1:colcon.colcon_core.package_identification:_identify(library/ms5837-python) by extension 'ros'
[0.791s] Level 1:colcon.colcon_core.package_identification:_identify(library/ms5837-python) by extensions ['cmake', 'python']
[0.792s] Level 1:colcon.colcon_core.package_identification:_identify(library/ms5837-python) by extension 'cmake'
[0.792s] Level 1:colcon.colcon_core.package_identification:_identify(library/ms5837-python) by extension 'python'
[0.792s] Level 1:colcon.colcon_core.package_identification:_identify(library/ms5837-python) by extensions ['python_setup_py']
[0.793s] Level 1:colcon.colcon_core.package_identification:_identify(library/ms5837-python) by extension 'python_setup_py'
[1.836s] DEBUG:colcon.colcon_core.package_identification:Package 'library/ms5837-python' with type 'python' and name 'ms5837'
[1.837s] Level 1:colcon.colcon_core.package_identification:_identify(log) by extensions ['ignore', 'ignore_ament_install']
[1.838s] Level 1:colcon.colcon_core.package_identification:_identify(log) by extension 'ignore'
[1.838s] Level 1:colcon.colcon_core.package_identification:_identify(log) ignored
[1.838s] Level 1:colcon.colcon_core.package_identification:_identify(src) by extensions ['ignore', 'ignore_ament_install']
[1.839s] Level 1:colcon.colcon_core.package_identification:_identify(src) by extension 'ignore'
[1.839s] Level 1:colcon.colcon_core.package_identification:_identify(src) by extension 'ignore_ament_install'
[1.839s] Level 1:colcon.colcon_core.package_identification:_identify(src) by extensions ['colcon_pkg']
[1.839s] Level 1:colcon.colcon_core.package_identification:_identify(src) by extension 'colcon_pkg'
[1.840s] Level 1:colcon.colcon_core.package_identification:_identify(src) by extensions ['colcon_meta']
[1.840s] Level 1:colcon.colcon_core.package_identification:_identify(src) by extension 'colcon_meta'
[1.840s] Level 1:colcon.colcon_core.package_identification:_identify(src) by extensions ['ros']
[1.840s] Level 1:colcon.colcon_core.package_identification:_identify(src) by extension 'ros'
[1.840s] Level 1:colcon.colcon_core.package_identification:_identify(src) by extensions ['cmake', 'python']
[1.840s] Level 1:colcon.colcon_core.package_identification:_identify(src) by extension 'cmake'
[1.841s] Level 1:colcon.colcon_core.package_identification:_identify(src) by extension 'python'
[1.841s] Level 1:colcon.colcon_core.package_identification:_identify(src) by extensions ['python_setup_py']
[1.841s] Level 1:colcon.colcon_core.package_identification:_identify(src) by extension 'python_setup_py'
[1.841s] Level 1:colcon.colcon_core.package_identification:_identify(src/motorinfo) by extensions ['ignore', 'ignore_ament_install']
[1.842s] Level 1:colcon.colcon_core.package_identification:_identify(src/motorinfo) by extension 'ignore'
[1.842s] Level 1:colcon.colcon_core.package_identification:_identify(src/motorinfo) by extension 'ignore_ament_install'
[1.842s] Level 1:colcon.colcon_core.package_identification:_identify(src/motorinfo) by extensions ['colcon_pkg']
[1.842s] Level 1:colcon.colcon_core.package_identification:_identify(src/motorinfo) by extension 'colcon_pkg'
[1.842s] Level 1:colcon.colcon_core.package_identification:_identify(src/motorinfo) by extensions ['colcon_meta']
[1.843s] Level 1:colcon.colcon_core.package_identification:_identify(src/motorinfo) by extension 'colcon_meta'
[1.843s] Level 1:colcon.colcon_core.package_identification:_identify(src/motorinfo) by extensions ['ros']
[1.843s] Level 1:colcon.colcon_core.package_identification:_identify(src/motorinfo) by extension 'ros'
[1.853s] DEBUG:colcon.colcon_core.package_identification:Package 'src/motorinfo' with type 'ros.ament_python' and name 'motorinfo'
[1.854s] Level 1:colcon.colcon_core.package_identification:_identify(src/sensorinfo) by extensions ['ignore', 'ignore_ament_install']
[1.854s] Level 1:colcon.colcon_core.package_identification:_identify(src/sensorinfo) by extension 'ignore'
[1.854s] Level 1:colcon.colcon_core.package_identification:_identify(src/sensorinfo) by extension 'ignore_ament_install'
[1.855s] Level 1:colcon.colcon_core.package_identification:_identify(src/sensorinfo) by extensions ['colcon_pkg']
[1.855s] Level 1:colcon.colcon_core.package_identification:_identify(src/sensorinfo) by extension 'colcon_pkg'
[1.855s] Level 1:colcon.colcon_core.package_identification:_identify(src/sensorinfo) by extensions ['colcon_meta']
[1.855s] Level 1:colcon.colcon_core.package_identification:_identify(src/sensorinfo) by extension 'colcon_meta'
[1.855s] Level 1:colcon.colcon_core.package_identification:_identify(src/sensorinfo) by extensions ['ros']
[1.855s] Level 1:colcon.colcon_core.package_identification:_identify(src/sensorinfo) by extension 'ros'
[1.860s] DEBUG:colcon.colcon_core.package_identification:Package 'src/sensorinfo' with type 'ros.ament_python' and name 'sensorinfo'
[1.861s] Level 1:colcon.colcon_core.package_discovery:discover_packages(recursive) using defaults
[1.861s] Level 1:colcon.colcon_core.package_discovery:discover_packages(ignore) discover
[1.861s] Level 1:colcon.colcon_core.package_discovery:discover_packages(ignore) using defaults
[1.861s] Level 1:colcon.colcon_core.package_discovery:discover_packages(path) discover
[1.861s] Level 1:colcon.colcon_core.package_discovery:discover_packages(path) using defaults
[1.939s] INFO:colcon.colcon_core.package_selection:Skipping not selected package 'ms5837' in 'library/ms5837-python'
[1.940s] INFO:colcon.colcon_core.package_selection:Skipping not selected package 'sensorinfo' in 'src/sensorinfo'
[1.942s] Level 1:colcon.colcon_core.package_discovery:discover_packages(prefix_path) check parameters
[1.942s] Level 1:colcon.colcon_core.package_discovery:discover_packages(prefix_path) discover
[1.951s] DEBUG:colcon.colcon_installed_package_information.package_discovery:Found 3 installed packages in /home/robosub/robosub_driver/install
[1.961s] DEBUG:colcon.colcon_installed_package_information.package_discovery:Found 284 installed packages in /opt/ros/jazzy
[1.968s] Level 1:colcon.colcon_core.package_discovery:discover_packages(prefix_path) using defaults
[2.165s] Level 5:colcon.colcon_core.verb:set package 'motorinfo' build argument 'cmake_args' from command line to 'None'
[2.165s] Level 5:colcon.colcon_core.verb:set package 'motorinfo' build argument 'cmake_target' from command line to 'None'
[2.165s] Level 5:colcon.colcon_core.verb:set package 'motorinfo' build argument 'cmake_target_skip_unavailable' from command line to 'False'
[2.165s] Level 5:colcon.colcon_core.verb:set package 'motorinfo' build argument 'cmake_clean_cache' from command line to 'False'
[2.165s] Level 5:colcon.colcon_core.verb:set package 'motorinfo' build argument 'cmake_clean_first' from command line to 'False'
[2.165s] Level 5:colcon.colcon_core.verb:set package 'motorinfo' build argument 'cmake_force_configure' from command line to 'False'
[2.166s] Level 5:colcon.colcon_core.verb:set package 'motorinfo' build argument 'ament_cmake_args' from command line to 'None'
[2.166s] Level 5:colcon.colcon_core.verb:set package 'motorinfo' build argument 'catkin_cmake_args' from command line to 'None'
[2.166s] Level 5:colcon.colcon_core.verb:set package 'motorinfo' build argument 'catkin_skip_building_tests' from command line to 'False'
[2.166s] DEBUG:colcon.colcon_core.verb:Building package 'motorinfo' with the following arguments: {'ament_cmake_args': None, 'build_base': '/home/robosub/robosub_driver/build/motorinfo', 'catkin_cmake_args': None, 'catkin_skip_building_tests': False, 'cmake_args': None, 'cmake_clean_cache': False, 'cmake_clean_first': False, 'cmake_force_configure': False, 'cmake_target': None, 'cmake_target_skip_unavailable': False, 'install_base': '/home/robosub/robosub_driver/install/motorinfo', 'merge_install': False, 'path': '/home/robosub/robosub_driver/src/motorinfo', 'symlink_install': False, 'test_result_base': None}
[2.167s] INFO:colcon.colcon_core.executor:Executing jobs using 'parallel' executor
[2.170s] DEBUG:colcon.colcon_parallel_executor.executor.parallel:run_until_complete
[2.171s] INFO:colcon.colcon_ros.task.ament_python.build:Building ROS package in '/home/robosub/robosub_driver/src/motorinfo' with build type 'ament_python'
[2.171s] Level 1:colcon.colcon_core.shell:create_environment_hook('motorinfo', 'ament_prefix_path')
[2.183s] INFO:colcon.colcon_core.plugin_system:Skipping extension 'colcon_core.shell.bat': Not used on non-Windows systems
[2.184s] INFO:colcon.colcon_core.shell:Creating environment hook '/home/robosub/robosub_driver/install/motorinfo/share/motorinfo/hook/ament_prefix_path.ps1'
[2.188s] INFO:colcon.colcon_core.shell:Creating environment descriptor '/home/robosub/robosub_driver/install/motorinfo/share/motorinfo/hook/ament_prefix_path.dsv'
[2.191s] INFO:colcon.colcon_core.shell:Creating environment hook '/home/robosub/robosub_driver/install/motorinfo/share/motorinfo/hook/ament_prefix_path.sh'
[2.195s] INFO:colcon.colcon_core.shell:Skip shell extension 'powershell' for command environment: Not usable outside of PowerShell
[2.196s] DEBUG:colcon.colcon_core.shell:Skip shell extension 'dsv' for command environment
[3.919s] INFO:colcon.colcon_core.task.python.build:Building Python package in '/home/robosub/robosub_driver/src/motorinfo'
[3.920s] INFO:colcon.colcon_core.shell:Skip shell extension 'powershell' for command environment: Not usable outside of PowerShell
[3.920s] DEBUG:colcon.colcon_core.shell:Skip shell extension 'dsv' for command environment
[8.759s] DEBUG:colcon.colcon_core.event_handler.log_command:Invoking command in '/home/robosub/robosub_driver/src/motorinfo': AMENT_PREFIX_PATH=/home/robosub/robosub_driver/install/sensorinfo:/home/robosub/robosub_driver/install/motorinfo:/opt/ros/jazzy DEBUGINFOD_URLS=https://debuginfod.ubuntu.com PYTHONPATH=/home/robosub/robosub_driver/build/motorinfo/prefix_override:/usr/lib/python3/dist-packages/colcon_core/task/python/colcon_distutils_commands:/home/robosub/robosub_driver/install/motorinfo/lib/python3.12/site-packages:/home/robosub/robosub_driver/install/sensorinfo/lib/python3.12/site-packages:/home/robosub/robosub_driver/install/motorinfo/lib/python3.12/site-packages:/home/robosub/robosub_driver/install/ms5837/lib/python3.12/site-packages:/opt/ros/jazzy/lib/python3.12/site-packages /usr/bin/python3 -W ignore:setup.py install is deprecated -W ignore:easy_install command is deprecated setup.py egg_info --egg-base ../../build/motorinfo build --build-base /home/robosub/robosub_driver/build/motorinfo/build install --record /home/robosub/robosub_driver/build/motorinfo/install.log --single-version-externally-managed install_data
[13.476s] DEBUG:colcon.colcon_core.event_handler.log_command:Invoked command in '/home/robosub/robosub_driver/src/motorinfo' returned '0': AMENT_PREFIX_PATH=/home/robosub/robosub_driver/install/sensorinfo:/home/robosub/robosub_driver/install/motorinfo:/opt/ros/jazzy DEBUGINFOD_URLS=https://debuginfod.ubuntu.com PYTHONPATH=/home/robosub/robosub_driver/build/motorinfo/prefix_override:/usr/lib/python3/dist-packages/colcon_core/task/python/colcon_distutils_commands:/home/robosub/robosub_driver/install/motorinfo/lib/python3.12/site-packages:/home/robosub/robosub_driver/install/sensorinfo/lib/python3.12/site-packages:/home/robosub/robosub_driver/install/motorinfo/lib/python3.12/site-packages:/home/robosub/robosub_driver/install/ms5837/lib/python3.12/site-packages:/opt/ros/jazzy/lib/python3.12/site-packages /usr/bin/python3 -W ignore:setup.py install is deprecated -W ignore:easy_install command is deprecated setup.py egg_info --egg-base ../../build/motorinfo build --build-base /home/robosub/robosub_driver/build/motorinfo/build install --record /home/robosub/robosub_driver/build/motorinfo/install.log --single-version-externally-managed install_data
[13.491s] Level 1:colcon.colcon_core.environment:checking '/home/robosub/robosub_driver/install/motorinfo' for CMake module files
[13.495s] Level 1:colcon.colcon_core.environment:checking '/home/robosub/robosub_driver/install/motorinfo' for CMake config files
[13.501s] Level 1:colcon.colcon_core.environment:checking '/home/robosub/robosub_driver/install/motorinfo/lib'
[13.502s] Level 1:colcon.colcon_core.environment:checking '/home/robosub/robosub_driver/install/motorinfo/bin'
[13.503s] Level 1:colcon.colcon_core.environment:checking '/home/robosub/robosub_driver/install/motorinfo/lib/pkgconfig/motorinfo.pc'
[13.504s] Level 1:colcon.colcon_core.environment:checking '/home/robosub/robosub_driver/install/motorinfo/lib/python3.12/site-packages'
[13.505s] Level 1:colcon.colcon_core.shell:create_environment_hook('motorinfo', 'pythonpath')
[13.507s] INFO:colcon.colcon_core.shell:Creating environment hook '/home/robosub/robosub_driver/install/motorinfo/share/motorinfo/hook/pythonpath.ps1'
[13.512s] INFO:colcon.colcon_core.shell:Creating environment descriptor '/home/robosub/robosub_driver/install/motorinfo/share/motorinfo/hook/pythonpath.dsv'
[13.517s] INFO:colcon.colcon_core.shell:Creating environment hook '/home/robosub/robosub_driver/install/motorinfo/share/motorinfo/hook/pythonpath.sh'
[13.523s] Level 1:colcon.colcon_core.environment:checking '/home/robosub/robosub_driver/install/motorinfo/bin'
[13.524s] Level 1:colcon.colcon_core.environment:create_environment_scripts_only(motorinfo)
[13.525s] INFO:colcon.colcon_core.shell:Creating package script '/home/robosub/robosub_driver/install/motorinfo/share/motorinfo/package.ps1'
[13.528s] INFO:colcon.colcon_core.shell:Creating package descriptor '/home/robosub/robosub_driver/install/motorinfo/share/motorinfo/package.dsv'
[13.531s] INFO:colcon.colcon_core.shell:Creating package script '/home/robosub/robosub_driver/install/motorinfo/share/motorinfo/package.sh'
[13.536s] INFO:colcon.colcon_core.shell:Creating package script '/home/robosub/robosub_driver/install/motorinfo/share/motorinfo/package.bash'
[13.544s] INFO:colcon.colcon_core.shell:Creating package script '/home/robosub/robosub_driver/install/motorinfo/share/motorinfo/package.zsh'
[13.549s] Level 1:colcon.colcon_core.environment:create_file_with_runtime_dependencies(/home/robosub/robosub_driver/install/motorinfo/share/colcon-core/packages/motorinfo)
[13.551s] DEBUG:colcon.colcon_parallel_executor.executor.parallel:closing loop
[13.554s] DEBUG:colcon.colcon_parallel_executor.executor.parallel:loop closed
[13.556s] DEBUG:colcon.colcon_parallel_executor.executor.parallel:run_until_complete finished with '0'
[13.556s] DEBUG:colcon.colcon_core.event_reactor:joining thread
[13.590s] INFO:colcon.colcon_core.plugin_system:Skipping extension 'colcon_notification.desktop_notification.terminal_notifier': Not used on non-Darwin systems
[13.591s] INFO:colcon.colcon_core.plugin_system:Skipping extension 'colcon_notification.desktop_notification.win32': Not used on non-Windows systems
[13.591s] INFO:colcon.colcon_notification.desktop_notification:Sending desktop notification using 'notify2'
[13.720s] DEBUG:colcon.colcon_core.event_reactor:joined thread
[13.721s] INFO:colcon.colcon_core.shell:Creating prefix script '/home/robosub/robosub_driver/install/local_setup.ps1'
[13.726s] INFO:colcon.colcon_core.shell:Creating prefix util module '/home/robosub/robosub_driver/install/_local_setup_util_ps1.py'
[13.736s] INFO:colcon.colcon_core.shell:Creating prefix chain script '/home/robosub/robosub_driver/install/setup.ps1'
[13.753s] INFO:colcon.colcon_core.shell:Creating prefix script '/home/robosub/robosub_driver/install/local_setup.sh'
[13.760s] INFO:colcon.colcon_core.shell:Creating prefix util module '/home/robosub/robosub_driver/install/_local_setup_util_sh.py'
[13.768s] INFO:colcon.colcon_core.shell:Creating prefix chain script '/home/robosub/robosub_driver/install/setup.sh'
[13.778s] INFO:colcon.colcon_core.shell:Creating prefix script '/home/robosub/robosub_driver/install/local_setup.bash'
[13.781s] INFO:colcon.colcon_core.shell:Creating prefix chain script '/home/robosub/robosub_driver/install/setup.bash'
[13.786s] INFO:colcon.colcon_core.shell:Creating prefix script '/home/robosub/robosub_driver/install/local_setup.zsh'
[13.789s] INFO:colcon.colcon_core.shell:Creating prefix chain script '/home/robosub/robosub_driver/install/setup.zsh'
