[6.971s] Invoking command in '/home/robosub/robosub_navigator/src/camerainfo': DEBUGINFOD_URLS=https://debuginfod.ubuntu.com PYTHONPATH=/home/robosub/robosub_navigator/build/camerainfo/prefix_override:/usr/lib/python3/dist-packages/colcon_core/task/python/colcon_distutils_commands:/home/robosub/robosub_navigator/install/camerainfo/lib/python3.12/site-packages:${PYTHONPATH} /usr/bin/python3 -W ignore:setup.py install is deprecated -W ignore:easy_install command is deprecated setup.py egg_info --egg-base ../../build/camerainfo build --build-base /home/robosub/robosub_navigator/build/camerainfo/build install --record /home/robosub/robosub_navigator/build/camerainfo/install.log --single-version-externally-managed install_data
[8.965s] running egg_info
[9.087s] writing ../../build/camerainfo/camerainfo.egg-info/PKG-INFO
[9.088s] writing dependency_links to ../../build/camerainfo/camerainfo.egg-info/dependency_links.txt
[9.090s] writing entry points to ../../build/camerainfo/camerainfo.egg-info/entry_points.txt
[9.091s] writing requirements to ../../build/camerainfo/camerainfo.egg-info/requires.txt
[9.093s] writing top-level names to ../../build/camerainfo/camerainfo.egg-info/top_level.txt
[9.453s] reading manifest file '../../build/camerainfo/camerainfo.egg-info/SOURCES.txt'
[9.458s] writing manifest file '../../build/camerainfo/camerainfo.egg-info/SOURCES.txt'
[9.459s] running build
[9.460s] running build_py
[9.461s] copying camerainfo/frontcam.py -> /home/robosub/robosub_navigator/build/camerainfo/build/lib/camerainfo
[9.471s] running install
[9.498s] running install_lib
[9.655s] copying /home/robosub/robosub_navigator/build/camerainfo/build/lib/camerainfo/frontcam.py -> /home/robosub/robosub_navigator/install/camerainfo/lib/python3.12/site-packages/camerainfo
[9.659s] byte-compiling /home/robosub/robosub_navigator/install/camerainfo/lib/python3.12/site-packages/camerainfo/frontcam.py to frontcam.cpython-312.pyc
[9.673s] running install_data
[9.673s] running install_egg_info
[9.808s] removing '/home/robosub/robosub_navigator/install/camerainfo/lib/python3.12/site-packages/camerainfo-0.0.0-py3.12.egg-info' (and everything under it)
[9.810s] Copying ../../build/camerainfo/camerainfo.egg-info to /home/robosub/robosub_navigator/install/camerainfo/lib/python3.12/site-packages/camerainfo-0.0.0-py3.12.egg-info
[9.819s] running install_scripts
[10.889s] Installing cam script to /home/robosub/robosub_navigator/install/camerainfo/lib/camerainfo
[10.890s] Installing frontcam script to /home/robosub/robosub_navigator/install/camerainfo/lib/camerainfo
[10.892s] Installing grippercam script to /home/robosub/robosub_navigator/install/camerainfo/lib/camerainfo
[10.894s] writing list of installed files to '/home/robosub/robosub_navigator/build/camerainfo/install.log'
[11.099s] Invoked command in '/home/robosub/robosub_navigator/src/camerainfo' returned '0': DEBUGINFOD_URLS=https://debuginfod.ubuntu.com PYTHONPATH=/home/robosub/robosub_navigator/build/camerainfo/prefix_override:/usr/lib/python3/dist-packages/colcon_core/task/python/colcon_distutils_commands:/home/robosub/robosub_navigator/install/camerainfo/lib/python3.12/site-packages:${PYTHONPATH} /usr/bin/python3 -W ignore:setup.py install is deprecated -W ignore:easy_install command is deprecated setup.py egg_info --egg-base ../../build/camerainfo build --build-base /home/robosub/robosub_navigator/build/camerainfo/build install --record /home/robosub/robosub_navigator/build/camerainfo/install.log --single-version-externally-managed install_data
