[4.522s] Invoking command in '/home/robosub/robosub_navigator/src/camerainfo': DEBUGINFOD_URLS=https://debuginfod.ubuntu.com PYTHONPATH=/home/robosub/robosub_navigator/build/camerainfo/prefix_override:/usr/lib/python3/dist-packages/colcon_core/task/python/colcon_distutils_commands:/home/robosub/robosub_navigator/install/camerainfo/lib/python3.12/site-packages:${PYTHONPATH} /usr/bin/python3 -W ignore:setup.py install is deprecated -W ignore:easy_install command is deprecated setup.py egg_info --egg-base ../../build/camerainfo build --build-base /home/robosub/robosub_navigator/build/camerainfo/build install --record /home/robosub/robosub_navigator/build/camerainfo/install.log --single-version-externally-managed install_data
[5.665s] running egg_info
[5.748s] writing ../../build/camerainfo/camerainfo.egg-info/PKG-INFO
[5.750s] writing dependency_links to ../../build/camerainfo/camerainfo.egg-info/dependency_links.txt
[5.753s] writing entry points to ../../build/camerainfo/camerainfo.egg-info/entry_points.txt
[5.753s] writing requirements to ../../build/camerainfo/camerainfo.egg-info/requires.txt
[5.765s] writing top-level names to ../../build/camerainfo/camerainfo.egg-info/top_level.txt
[5.946s] reading manifest file '../../build/camerainfo/camerainfo.egg-info/SOURCES.txt'
[5.950s] writing manifest file '../../build/camerainfo/camerainfo.egg-info/SOURCES.txt'
[5.951s] running build
[5.951s] running build_py
[5.955s] running install
[5.980s] running install_lib
[6.070s] running install_data
[6.071s] running install_egg_info
[6.160s] removing '/home/robosub/robosub_navigator/install/camerainfo/lib/python3.12/site-packages/camerainfo-0.0.0-py3.12.egg-info' (and everything under it)
[6.162s] Copying ../../build/camerainfo/camerainfo.egg-info to /home/robosub/robosub_navigator/install/camerainfo/lib/python3.12/site-packages/camerainfo-0.0.0-py3.12.egg-info
[6.168s] running install_scripts
[6.797s] Installing cam script to /home/robosub/robosub_navigator/install/camerainfo/lib/camerainfo
[6.798s] Installing frontcam script to /home/robosub/robosub_navigator/install/camerainfo/lib/camerainfo
[6.800s] Installing grippercam script to /home/robosub/robosub_navigator/install/camerainfo/lib/camerainfo
[6.802s] writing list of installed files to '/home/robosub/robosub_navigator/build/camerainfo/install.log'
[6.945s] Invoked command in '/home/robosub/robosub_navigator/src/camerainfo' returned '0': DEBUGINFOD_URLS=https://debuginfod.ubuntu.com PYTHONPATH=/home/robosub/robosub_navigator/build/camerainfo/prefix_override:/usr/lib/python3/dist-packages/colcon_core/task/python/colcon_distutils_commands:/home/robosub/robosub_navigator/install/camerainfo/lib/python3.12/site-packages:${PYTHONPATH} /usr/bin/python3 -W ignore:setup.py install is deprecated -W ignore:easy_install command is deprecated setup.py egg_info --egg-base ../../build/camerainfo build --build-base /home/robosub/robosub_navigator/build/camerainfo/build install --record /home/robosub/robosub_navigator/build/camerainfo/install.log --single-version-externally-managed install_data
