/home/robosub/robosub_driver/install/sensorinfo/lib/python3.12/site-packages/sensorinfo/__init__.py
/home/robosub/robosub_driver/install/sensorinfo/lib/python3.12/site-packages/sensorinfo/imu.py
/home/robosub/robosub_driver/install/sensorinfo/lib/python3.12/site-packages/sensorinfo/hydrophone.py
/home/robosub/robosub_driver/install/sensorinfo/lib/python3.12/site-packages/sensorinfo/depth.py
/home/robosub/robosub_driver/install/sensorinfo/lib/python3.12/site-packages/sensorinfo/depthIMU.py
/home/robosub/robosub_driver/install/sensorinfo/lib/python3.12/site-packages/sensorinfo/__pycache__/__init__.cpython-312.pyc
/home/robosub/robosub_driver/install/sensorinfo/lib/python3.12/site-packages/sensorinfo/__pycache__/imu.cpython-312.pyc
/home/robosub/robosub_driver/install/sensorinfo/lib/python3.12/site-packages/sensorinfo/__pycache__/hydrophone.cpython-312.pyc
/home/robosub/robosub_driver/install/sensorinfo/lib/python3.12/site-packages/sensorinfo/__pycache__/depth.cpython-312.pyc
/home/robosub/robosub_driver/install/sensorinfo/lib/python3.12/site-packages/sensorinfo/__pycache__/depthIMU.cpython-312.pyc
/home/robosub/robosub_driver/install/sensorinfo/share/ament_index/resource_index/packages/sensorinfo
/home/robosub/robosub_driver/install/sensorinfo/share/sensorinfo/package.xml
/home/robosub/robosub_driver/install/sensorinfo/lib/python3.12/site-packages/sensorinfo-0.0.0-py3.12.egg-info/SOURCES.txt
/home/robosub/robosub_driver/install/sensorinfo/lib/python3.12/site-packages/sensorinfo-0.0.0-py3.12.egg-info/top_level.txt
/home/robosub/robosub_driver/install/sensorinfo/lib/python3.12/site-packages/sensorinfo-0.0.0-py3.12.egg-info/PKG-INFO
/home/robosub/robosub_driver/install/sensorinfo/lib/python3.12/site-packages/sensorinfo-0.0.0-py3.12.egg-info/zip-safe
/home/robosub/robosub_driver/install/sensorinfo/lib/python3.12/site-packages/sensorinfo-0.0.0-py3.12.egg-info/requires.txt
/home/robosub/robosub_driver/install/sensorinfo/lib/python3.12/site-packages/sensorinfo-0.0.0-py3.12.egg-info/dependency_links.txt
/home/robosub/robosub_driver/install/sensorinfo/lib/python3.12/site-packages/sensorinfo-0.0.0-py3.12.egg-info/entry_points.txt
/home/robosub/robosub_driver/install/sensorinfo/lib/sensorinfo/depth
/home/robosub/robosub_driver/install/sensorinfo/lib/sensorinfo/depthIMU
/home/robosub/robosub_driver/install/sensorinfo/lib/sensorinfo/hydrophone
/home/robosub/robosub_driver/install/sensorinfo/lib/sensorinfo/imu
