[5.641s] Invoking command in '/home/robosub/robosub_navigator/src/camerainfo': DEBUGINFOD_URLS=https://debuginfod.ubuntu.com PYTHONPATH=/home/robosub/robosub_navigator/build/camerainfo/prefix_override:/usr/lib/python3/dist-packages/colcon_core/task/python/colcon_distutils_commands:/home/robosub/robosub_navigator/install/camerainfo/lib/python3.12/site-packages:${PYTHONPATH} /usr/bin/python3 -W ignore:setup.py install is deprecated -W ignore:easy_install command is deprecated setup.py egg_info --egg-base ../../build/camerainfo build --build-base /home/robosub/robosub_navigator/build/camerainfo/build install --record /home/robosub/robosub_navigator/build/camerainfo/install.log --single-version-externally-managed install_data
[7.353s] running egg_info
[7.475s] writing ../../build/camerainfo/camerainfo.egg-info/PKG-INFO
[7.477s] writing dependency_links to ../../build/camerainfo/camerainfo.egg-info/dependency_links.txt
[7.484s] writing entry points to ../../build/camerainfo/camerainfo.egg-info/entry_points.txt
[7.488s] writing requirements to ../../build/camerainfo/camerainfo.egg-info/requires.txt
[7.489s] writing top-level names to ../../build/camerainfo/camerainfo.egg-info/top_level.txt
[7.804s] reading manifest file '../../build/camerainfo/camerainfo.egg-info/SOURCES.txt'
[7.812s] writing manifest file '../../build/camerainfo/camerainfo.egg-info/SOURCES.txt'
[7.817s] running build
[7.818s] running build_py
[7.823s] copying camerainfo/frontcam.py -> /home/robosub/robosub_navigator/build/camerainfo/build/lib/camerainfo
[7.828s] running install
[7.853s] running install_lib
[7.982s] copying /home/robosub/robosub_navigator/build/camerainfo/build/lib/camerainfo/frontcam.py -> /home/robosub/robosub_navigator/install/camerainfo/lib/python3.12/site-packages/camerainfo
[7.985s] byte-compiling /home/robosub/robosub_navigator/install/camerainfo/lib/python3.12/site-packages/camerainfo/frontcam.py to frontcam.cpython-312.pyc
[7.994s] running install_data
[7.995s] running install_egg_info
[8.161s] removing '/home/robosub/robosub_navigator/install/camerainfo/lib/python3.12/site-packages/camerainfo-0.0.0-py3.12.egg-info' (and everything under it)
[8.163s] Copying ../../build/camerainfo/camerainfo.egg-info to /home/robosub/robosub_navigator/install/camerainfo/lib/python3.12/site-packages/camerainfo-0.0.0-py3.12.egg-info
[8.168s] running install_scripts
[9.405s] Installing cam script to /home/robosub/robosub_navigator/install/camerainfo/lib/camerainfo
[9.406s] Installing frontcam script to /home/robosub/robosub_navigator/install/camerainfo/lib/camerainfo
[9.411s] Installing grippercam script to /home/robosub/robosub_navigator/install/camerainfo/lib/camerainfo
[9.415s] writing list of installed files to '/home/robosub/robosub_navigator/build/camerainfo/install.log'
[9.617s] Invoked command in '/home/robosub/robosub_navigator/src/camerainfo' returned '0': DEBUGINFOD_URLS=https://debuginfod.ubuntu.com PYTHONPATH=/home/robosub/robosub_navigator/build/camerainfo/prefix_override:/usr/lib/python3/dist-packages/colcon_core/task/python/colcon_distutils_commands:/home/robosub/robosub_navigator/install/camerainfo/lib/python3.12/site-packages:${PYTHONPATH} /usr/bin/python3 -W ignore:setup.py install is deprecated -W ignore:easy_install command is deprecated setup.py egg_info --egg-base ../../build/camerainfo build --build-base /home/robosub/robosub_navigator/build/camerainfo/build install --record /home/robosub/robosub_navigator/build/camerainfo/install.log --single-version-externally-managed install_data
