[6.347s] Invoking command in '/home/robosub/robosub_navigator/src/camerainfo': DEBUGINFOD_URLS=https://debuginfod.ubuntu.com PYTHONPATH=/home/robosub/robosub_navigator/build/camerainfo/prefix_override:/usr/lib/python3/dist-packages/colcon_core/task/python/colcon_distutils_commands:/home/robosub/robosub_navigator/install/camerainfo/lib/python3.12/site-packages:${PYTHONPATH} /usr/bin/python3 -W ignore:setup.py install is deprecated -W ignore:easy_install command is deprecated setup.py egg_info --egg-base ../../build/camerainfo build --build-base /home/robosub/robosub_navigator/build/camerainfo/build install --record /home/robosub/robosub_navigator/build/camerainfo/install.log --single-version-externally-managed install_data
[8.098s] running egg_info
[8.258s] writing ../../build/camerainfo/camerainfo.egg-info/PKG-INFO
[8.260s] writing dependency_links to ../../build/camerainfo/camerainfo.egg-info/dependency_links.txt
[8.262s] writing entry points to ../../build/camerainfo/camerainfo.egg-info/entry_points.txt
[8.267s] writing requirements to ../../build/camerainfo/camerainfo.egg-info/requires.txt
[8.268s] writing top-level names to ../../build/camerainfo/camerainfo.egg-info/top_level.txt
[8.572s] reading manifest file '../../build/camerainfo/camerainfo.egg-info/SOURCES.txt'
[8.576s] writing manifest file '../../build/camerainfo/camerainfo.egg-info/SOURCES.txt'
[8.576s] running build
[8.577s] running build_py
[8.578s] copying camerainfo/frontcam.py -> /home/robosub/robosub_navigator/build/camerainfo/build/lib/camerainfo
[8.580s] running install
[8.606s] running install_lib
[8.769s] copying /home/robosub/robosub_navigator/build/camerainfo/build/lib/camerainfo/frontcam.py -> /home/robosub/robosub_navigator/install/camerainfo/lib/python3.12/site-packages/camerainfo
[8.773s] byte-compiling /home/robosub/robosub_navigator/install/camerainfo/lib/python3.12/site-packages/camerainfo/frontcam.py to frontcam.cpython-312.pyc
[8.781s] running install_data
[8.782s] running install_egg_info
[8.915s] removing '/home/robosub/robosub_navigator/install/camerainfo/lib/python3.12/site-packages/camerainfo-0.0.0-py3.12.egg-info' (and everything under it)
[8.917s] Copying ../../build/camerainfo/camerainfo.egg-info to /home/robosub/robosub_navigator/install/camerainfo/lib/python3.12/site-packages/camerainfo-0.0.0-py3.12.egg-info
[8.925s] running install_scripts
[9.998s] Installing cam script to /home/robosub/robosub_navigator/install/camerainfo/lib/camerainfo
[9.999s] Installing frontcam script to /home/robosub/robosub_navigator/install/camerainfo/lib/camerainfo
[10.003s] Installing grippercam script to /home/robosub/robosub_navigator/install/camerainfo/lib/camerainfo
[10.006s] writing list of installed files to '/home/robosub/robosub_navigator/build/camerainfo/install.log'
[10.217s] Invoked command in '/home/robosub/robosub_navigator/src/camerainfo' returned '0': DEBUGINFOD_URLS=https://debuginfod.ubuntu.com PYTHONPATH=/home/robosub/robosub_navigator/build/camerainfo/prefix_override:/usr/lib/python3/dist-packages/colcon_core/task/python/colcon_distutils_commands:/home/robosub/robosub_navigator/install/camerainfo/lib/python3.12/site-packages:${PYTHONPATH} /usr/bin/python3 -W ignore:setup.py install is deprecated -W ignore:easy_install command is deprecated setup.py egg_info --egg-base ../../build/camerainfo build --build-base /home/robosub/robosub_navigator/build/camerainfo/build install --record /home/robosub/robosub_navigator/build/camerainfo/install.log --single-version-externally-managed install_data
