[0.585s] DEBUG:colcon:Command line arguments: ['/usr/bin/colcon', 'build', '--packages-select', 'camerainfo']
[0.586s] DEBUG:colcon:Parsed command line arguments: Namespace(log_base=None, log_level=None, verb_name='build', build_base='build', install_base='install', merge_install=False, symlink_install=False, test_result_base=None, continue_on_error=False, executor='parallel', parallel_workers=4, event_handlers=None, ignore_user_meta=False, metas=['./colcon.meta'], base_paths=['.'], packages_ignore=None, packages_ignore_regex=None, paths=None, packages_up_to=None, packages_up_to_regex=None, packages_above=None, packages_above_and_dependencies=None, packages_above_depth=None, packages_select_by_dep=None, packages_skip_by_dep=None, packages_skip_up_to=None, packages_select_build_failed=False, packages_skip_build_finished=False, packages_select_test_failures=False, packages_skip_test_passed=False, packages_select=['camerainfo'], packages_skip=None, packages_select_regex=None, packages_skip_regex=None, packages_start=None, packages_end=None, allow_overriding=[], cmake_args=None, cmake_target=None, cmake_target_skip_unavailable=False, cmake_clean_cache=False, cmake_clean_first=False, cmake_force_configure=False, ament_cmake_args=None, catkin_cmake_args=None, catkin_skip_building_tests=False, mixin_files=None, mixin=None, verb_parser=<colcon_mixin.mixin.mixin_argument.MixinArgumentDecorator object at 0xffffaa9140b0>, verb_extension=<colcon_core.verb.build.BuildVerb object at 0xffffaaacc980>, main=<bound method BuildVerb.main of <colcon_core.verb.build.BuildVerb object at 0xffffaaacc980>>, mixin_verb=('build',))
[0.802s] Level 1:colcon.colcon_core.package_discovery:discover_packages(colcon_meta) check parameters
[0.803s] Level 1:colcon.colcon_core.package_discovery:discover_packages(recursive) check parameters
[0.803s] Level 1:colcon.colcon_core.package_discovery:discover_packages(ignore) check parameters
[0.803s] Level 1:colcon.colcon_core.package_discovery:discover_packages(path) check parameters
[0.803s] Level 1:colcon.colcon_core.package_discovery:discover_packages(colcon_meta) discover
[0.804s] Level 1:colcon.colcon_core.package_discovery:discover_packages(recursive) discover
[0.804s] INFO:colcon.colcon_core.package_discovery:Crawling recursively for packages in '/home/robosub/robosub_navigator'
[0.804s] Level 1:colcon.colcon_core.package_identification:_identify(.) by extensions ['ignore', 'ignore_ament_install']
[0.805s] Level 1:colcon.colcon_core.package_identification:_identify(.) by extension 'ignore'
[0.805s] Level 1:colcon.colcon_core.package_identification:_identify(.) by extension 'ignore_ament_install'
[0.806s] Level 1:colcon.colcon_core.package_identification:_identify(.) by extensions ['colcon_pkg']
[0.806s] Level 1:colcon.colcon_core.package_identification:_identify(.) by extension 'colcon_pkg'
[0.806s] Level 1:colcon.colcon_core.package_identification:_identify(.) by extensions ['colcon_meta']
[0.806s] Level 1:colcon.colcon_core.package_identification:_identify(.) by extension 'colcon_meta'
[0.806s] Level 1:colcon.colcon_core.package_identification:_identify(.) by extensions ['ros']
[0.806s] Level 1:colcon.colcon_core.package_identification:_identify(.) by extension 'ros'
[0.929s] Level 1:colcon.colcon_core.package_identification:_identify(.) by extensions ['cmake', 'python']
[0.929s] Level 1:colcon.colcon_core.package_identification:_identify(.) by extension 'cmake'
[0.929s] Level 1:colcon.colcon_core.package_identification:_identify(.) by extension 'python'
[0.930s] Level 1:colcon.colcon_core.package_identification:_identify(.) by extensions ['python_setup_py']
[0.930s] Level 1:colcon.colcon_core.package_identification:_identify(.) by extension 'python_setup_py'
[0.930s] Level 1:colcon.colcon_core.package_identification:_identify(build) by extensions ['ignore', 'ignore_ament_install']
[0.931s] Level 1:colcon.colcon_core.package_identification:_identify(build) by extension 'ignore'
[0.931s] Level 1:colcon.colcon_core.package_identification:_identify(build) ignored
[0.932s] Level 1:colcon.colcon_core.package_identification:_identify(config) by extensions ['ignore', 'ignore_ament_install']
[0.933s] Level 1:colcon.colcon_core.package_identification:_identify(config) by extension 'ignore'
[0.933s] Level 1:colcon.colcon_core.package_identification:_identify(config) by extension 'ignore_ament_install'
[0.934s] Level 1:colcon.colcon_core.package_identification:_identify(config) by extensions ['colcon_pkg']
[0.934s] Level 1:colcon.colcon_core.package_identification:_identify(config) by extension 'colcon_pkg'
[0.934s] Level 1:colcon.colcon_core.package_identification:_identify(config) by extensions ['colcon_meta']
[0.934s] Level 1:colcon.colcon_core.package_identification:_identify(config) by extension 'colcon_meta'
[0.935s] Level 1:colcon.colcon_core.package_identification:_identify(config) by extensions ['ros']
[0.935s] Level 1:colcon.colcon_core.package_identification:_identify(config) by extension 'ros'
[0.936s] Level 1:colcon.colcon_core.package_identification:_identify(config) by extensions ['cmake', 'python']
[0.936s] Level 1:colcon.colcon_core.package_identification:_identify(config) by extension 'cmake'
[0.936s] Level 1:colcon.colcon_core.package_identification:_identify(config) by extension 'python'
[0.937s] Level 1:colcon.colcon_core.package_identification:_identify(config) by extensions ['python_setup_py']
[0.937s] Level 1:colcon.colcon_core.package_identification:_identify(config) by extension 'python_setup_py'
[0.938s] Level 1:colcon.colcon_core.package_identification:_identify(install) by extensions ['ignore', 'ignore_ament_install']
[0.939s] Level 1:colcon.colcon_core.package_identification:_identify(install) by extension 'ignore'
[0.939s] Level 1:colcon.colcon_core.package_identification:_identify(install) ignored
[0.940s] Level 1:colcon.colcon_core.package_identification:_identify(log) by extensions ['ignore', 'ignore_ament_install']
[0.940s] Level 1:colcon.colcon_core.package_identification:_identify(log) by extension 'ignore'
[0.941s] Level 1:colcon.colcon_core.package_identification:_identify(log) ignored
[0.941s] Level 1:colcon.colcon_core.package_identification:_identify(mlmodel) by extensions ['ignore', 'ignore_ament_install']
[0.941s] Level 1:colcon.colcon_core.package_identification:_identify(mlmodel) by extension 'ignore'
[0.942s] Level 1:colcon.colcon_core.package_identification:_identify(mlmodel) by extension 'ignore_ament_install'
[0.942s] Level 1:colcon.colcon_core.package_identification:_identify(mlmodel) by extensions ['colcon_pkg']
[0.942s] Level 1:colcon.colcon_core.package_identification:_identify(mlmodel) by extension 'colcon_pkg'
[0.943s] Level 1:colcon.colcon_core.package_identification:_identify(mlmodel) by extensions ['colcon_meta']
[0.943s] Level 1:colcon.colcon_core.package_identification:_identify(mlmodel) by extension 'colcon_meta'
[0.943s] Level 1:colcon.colcon_core.package_identification:_identify(mlmodel) by extensions ['ros']
[0.943s] Level 1:colcon.colcon_core.package_identification:_identify(mlmodel) by extension 'ros'
[0.944s] Level 1:colcon.colcon_core.package_identification:_identify(mlmodel) by extensions ['cmake', 'python']
[0.944s] Level 1:colcon.colcon_core.package_identification:_identify(mlmodel) by extension 'cmake'
[0.944s] Level 1:colcon.colcon_core.package_identification:_identify(mlmodel) by extension 'python'
[0.944s] Level 1:colcon.colcon_core.package_identification:_identify(mlmodel) by extensions ['python_setup_py']
[0.945s] Level 1:colcon.colcon_core.package_identification:_identify(mlmodel) by extension 'python_setup_py'
[0.945s] Level 1:colcon.colcon_core.package_identification:_identify(src) by extensions ['ignore', 'ignore_ament_install']
[0.946s] Level 1:colcon.colcon_core.package_identification:_identify(src) by extension 'ignore'
[0.946s] Level 1:colcon.colcon_core.package_identification:_identify(src) by extension 'ignore_ament_install'
[0.946s] Level 1:colcon.colcon_core.package_identification:_identify(src) by extensions ['colcon_pkg']
[0.947s] Level 1:colcon.colcon_core.package_identification:_identify(src) by extension 'colcon_pkg'
[0.947s] Level 1:colcon.colcon_core.package_identification:_identify(src) by extensions ['colcon_meta']
[0.947s] Level 1:colcon.colcon_core.package_identification:_identify(src) by extension 'colcon_meta'
[0.947s] Level 1:colcon.colcon_core.package_identification:_identify(src) by extensions ['ros']
[0.948s] Level 1:colcon.colcon_core.package_identification:_identify(src) by extension 'ros'
[0.948s] Level 1:colcon.colcon_core.package_identification:_identify(src) by extensions ['cmake', 'python']
[0.948s] Level 1:colcon.colcon_core.package_identification:_identify(src) by extension 'cmake'
[0.949s] Level 1:colcon.colcon_core.package_identification:_identify(src) by extension 'python'
[0.949s] Level 1:colcon.colcon_core.package_identification:_identify(src) by extensions ['python_setup_py']
[0.949s] Level 1:colcon.colcon_core.package_identification:_identify(src) by extension 'python_setup_py'
[0.950s] Level 1:colcon.colcon_core.package_identification:_identify(src/camerainfo) by extensions ['ignore', 'ignore_ament_install']
[0.950s] Level 1:colcon.colcon_core.package_identification:_identify(src/camerainfo) by extension 'ignore'
[0.951s] Level 1:colcon.colcon_core.package_identification:_identify(src/camerainfo) by extension 'ignore_ament_install'
[0.951s] Level 1:colcon.colcon_core.package_identification:_identify(src/camerainfo) by extensions ['colcon_pkg']
[0.951s] Level 1:colcon.colcon_core.package_identification:_identify(src/camerainfo) by extension 'colcon_pkg'
[0.951s] Level 1:colcon.colcon_core.package_identification:_identify(src/camerainfo) by extensions ['colcon_meta']
[0.951s] Level 1:colcon.colcon_core.package_identification:_identify(src/camerainfo) by extension 'colcon_meta'
[0.952s] Level 1:colcon.colcon_core.package_identification:_identify(src/camerainfo) by extensions ['ros']
[0.952s] Level 1:colcon.colcon_core.package_identification:_identify(src/camerainfo) by extension 'ros'
[0.965s] DEBUG:colcon.colcon_core.package_identification:Package 'src/camerainfo' with type 'ros.ament_python' and name 'camerainfo'
[0.966s] Level 1:colcon.colcon_core.package_discovery:discover_packages(recursive) using defaults
[0.966s] Level 1:colcon.colcon_core.package_discovery:discover_packages(ignore) discover
[0.966s] Level 1:colcon.colcon_core.package_discovery:discover_packages(ignore) using defaults
[0.966s] Level 1:colcon.colcon_core.package_discovery:discover_packages(path) discover
[0.966s] Level 1:colcon.colcon_core.package_discovery:discover_packages(path) using defaults
[1.046s] Level 1:colcon.colcon_core.package_discovery:discover_packages(prefix_path) check parameters
[1.046s] Level 1:colcon.colcon_core.package_discovery:discover_packages(prefix_path) discover
[1.055s] DEBUG:colcon.colcon_installed_package_information.package_discovery:Found 1 installed packages in /home/robosub/robosub_navigator/install
[1.066s] DEBUG:colcon.colcon_installed_package_information.package_discovery:Found 287 installed packages in /opt/ros/jazzy
[1.070s] Level 1:colcon.colcon_core.package_discovery:discover_packages(prefix_path) using defaults
[1.389s] Level 5:colcon.colcon_core.verb:set package 'camerainfo' build argument 'cmake_args' from command line to 'None'
[1.390s] Level 5:colcon.colcon_core.verb:set package 'camerainfo' build argument 'cmake_target' from command line to 'None'
[1.390s] Level 5:colcon.colcon_core.verb:set package 'camerainfo' build argument 'cmake_target_skip_unavailable' from command line to 'False'
[1.390s] Level 5:colcon.colcon_core.verb:set package 'camerainfo' build argument 'cmake_clean_cache' from command line to 'False'
[1.391s] Level 5:colcon.colcon_core.verb:set package 'camerainfo' build argument 'cmake_clean_first' from command line to 'False'
[1.391s] Level 5:colcon.colcon_core.verb:set package 'camerainfo' build argument 'cmake_force_configure' from command line to 'False'
[1.391s] Level 5:colcon.colcon_core.verb:set package 'camerainfo' build argument 'ament_cmake_args' from command line to 'None'
[1.392s] Level 5:colcon.colcon_core.verb:set package 'camerainfo' build argument 'catkin_cmake_args' from command line to 'None'
[1.392s] Level 5:colcon.colcon_core.verb:set package 'camerainfo' build argument 'catkin_skip_building_tests' from command line to 'False'
[1.392s] DEBUG:colcon.colcon_core.verb:Building package 'camerainfo' with the following arguments: {'ament_cmake_args': None, 'build_base': '/home/robosub/robosub_navigator/build/camerainfo', 'catkin_cmake_args': None, 'catkin_skip_building_tests': False, 'cmake_args': None, 'cmake_clean_cache': False, 'cmake_clean_first': False, 'cmake_force_configure': False, 'cmake_target': None, 'cmake_target_skip_unavailable': False, 'install_base': '/home/robosub/robosub_navigator/install/camerainfo', 'merge_install': False, 'path': '/home/robosub/robosub_navigator/src/camerainfo', 'symlink_install': False, 'test_result_base': None}
[1.394s] INFO:colcon.colcon_core.executor:Executing jobs using 'parallel' executor
[1.405s] DEBUG:colcon.colcon_parallel_executor.executor.parallel:run_until_complete
[1.406s] INFO:colcon.colcon_ros.task.ament_python.build:Building ROS package in '/home/robosub/robosub_navigator/src/camerainfo' with build type 'ament_python'
[1.412s] Level 1:colcon.colcon_core.shell:create_environment_hook('camerainfo', 'ament_prefix_path')
[1.439s] INFO:colcon.colcon_core.plugin_system:Skipping extension 'colcon_core.shell.bat': Not used on non-Windows systems
[1.444s] INFO:colcon.colcon_core.shell:Creating environment hook '/home/robosub/robosub_navigator/install/camerainfo/share/camerainfo/hook/ament_prefix_path.ps1'
[1.452s] INFO:colcon.colcon_core.shell:Creating environment descriptor '/home/robosub/robosub_navigator/install/camerainfo/share/camerainfo/hook/ament_prefix_path.dsv'
[1.459s] INFO:colcon.colcon_core.shell:Creating environment hook '/home/robosub/robosub_navigator/install/camerainfo/share/camerainfo/hook/ament_prefix_path.sh'
[1.471s] INFO:colcon.colcon_core.shell:Skip shell extension 'powershell' for command environment: Not usable outside of PowerShell
[1.472s] DEBUG:colcon.colcon_core.shell:Skip shell extension 'dsv' for command environment
[3.235s] INFO:colcon.colcon_core.task.python.build:Building Python package in '/home/robosub/robosub_navigator/src/camerainfo'
[3.236s] INFO:colcon.colcon_core.shell:Skip shell extension 'powershell' for command environment: Not usable outside of PowerShell
[3.236s] DEBUG:colcon.colcon_core.shell:Skip shell extension 'dsv' for command environment
[8.130s] DEBUG:colcon.colcon_core.event_handler.log_command:Invoking command in '/home/robosub/robosub_navigator/src/camerainfo': DEBUGINFOD_URLS=https://debuginfod.ubuntu.com PYTHONPATH=/home/robosub/robosub_navigator/build/camerainfo/prefix_override:/usr/lib/python3/dist-packages/colcon_core/task/python/colcon_distutils_commands:/home/robosub/robosub_navigator/install/camerainfo/lib/python3.12/site-packages:${PYTHONPATH} /usr/bin/python3 -W ignore:setup.py install is deprecated -W ignore:easy_install command is deprecated setup.py egg_info --egg-base ../../build/camerainfo build --build-base /home/robosub/robosub_navigator/build/camerainfo/build install --record /home/robosub/robosub_navigator/build/camerainfo/install.log --single-version-externally-managed install_data
[12.837s] DEBUG:colcon.colcon_core.event_handler.log_command:Invoked command in '/home/robosub/robosub_navigator/src/camerainfo' returned '0': DEBUGINFOD_URLS=https://debuginfod.ubuntu.com PYTHONPATH=/home/robosub/robosub_navigator/build/camerainfo/prefix_override:/usr/lib/python3/dist-packages/colcon_core/task/python/colcon_distutils_commands:/home/robosub/robosub_navigator/install/camerainfo/lib/python3.12/site-packages:${PYTHONPATH} /usr/bin/python3 -W ignore:setup.py install is deprecated -W ignore:easy_install command is deprecated setup.py egg_info --egg-base ../../build/camerainfo build --build-base /home/robosub/robosub_navigator/build/camerainfo/build install --record /home/robosub/robosub_navigator/build/camerainfo/install.log --single-version-externally-managed install_data
[12.853s] Level 1:colcon.colcon_core.environment:checking '/home/robosub/robosub_navigator/install/camerainfo' for CMake module files
[12.856s] Level 1:colcon.colcon_core.environment:checking '/home/robosub/robosub_navigator/install/camerainfo' for CMake config files
[12.860s] Level 1:colcon.colcon_core.environment:checking '/home/robosub/robosub_navigator/install/camerainfo/lib'
[12.861s] Level 1:colcon.colcon_core.environment:checking '/home/robosub/robosub_navigator/install/camerainfo/bin'
[12.861s] Level 1:colcon.colcon_core.environment:checking '/home/robosub/robosub_navigator/install/camerainfo/lib/pkgconfig/camerainfo.pc'
[12.862s] Level 1:colcon.colcon_core.environment:checking '/home/robosub/robosub_navigator/install/camerainfo/lib/python3.12/site-packages'
[12.862s] Level 1:colcon.colcon_core.shell:create_environment_hook('camerainfo', 'pythonpath')
[12.863s] INFO:colcon.colcon_core.shell:Creating environment hook '/home/robosub/robosub_navigator/install/camerainfo/share/camerainfo/hook/pythonpath.ps1'
[12.865s] INFO:colcon.colcon_core.shell:Creating environment descriptor '/home/robosub/robosub_navigator/install/camerainfo/share/camerainfo/hook/pythonpath.dsv'
[12.867s] INFO:colcon.colcon_core.shell:Creating environment hook '/home/robosub/robosub_navigator/install/camerainfo/share/camerainfo/hook/pythonpath.sh'
[12.869s] Level 1:colcon.colcon_core.environment:checking '/home/robosub/robosub_navigator/install/camerainfo/bin'
[12.870s] Level 1:colcon.colcon_core.environment:create_environment_scripts_only(camerainfo)
[12.870s] INFO:colcon.colcon_core.shell:Creating package script '/home/robosub/robosub_navigator/install/camerainfo/share/camerainfo/package.ps1'
[12.873s] INFO:colcon.colcon_core.shell:Creating package descriptor '/home/robosub/robosub_navigator/install/camerainfo/share/camerainfo/package.dsv'
[12.876s] INFO:colcon.colcon_core.shell:Creating package script '/home/robosub/robosub_navigator/install/camerainfo/share/camerainfo/package.sh'
[12.879s] INFO:colcon.colcon_core.shell:Creating package script '/home/robosub/robosub_navigator/install/camerainfo/share/camerainfo/package.bash'
[12.882s] INFO:colcon.colcon_core.shell:Creating package script '/home/robosub/robosub_navigator/install/camerainfo/share/camerainfo/package.zsh'
[12.885s] Level 1:colcon.colcon_core.environment:create_file_with_runtime_dependencies(/home/robosub/robosub_navigator/install/camerainfo/share/colcon-core/packages/camerainfo)
[12.887s] DEBUG:colcon.colcon_parallel_executor.executor.parallel:closing loop
[12.888s] DEBUG:colcon.colcon_parallel_executor.executor.parallel:loop closed
[12.889s] DEBUG:colcon.colcon_parallel_executor.executor.parallel:run_until_complete finished with '0'
[12.890s] DEBUG:colcon.colcon_core.event_reactor:joining thread
[12.930s] INFO:colcon.colcon_core.plugin_system:Skipping extension 'colcon_notification.desktop_notification.terminal_notifier': Not used on non-Darwin systems
[12.931s] INFO:colcon.colcon_core.plugin_system:Skipping extension 'colcon_notification.desktop_notification.win32': Not used on non-Windows systems
[12.932s] INFO:colcon.colcon_notification.desktop_notification:Sending desktop notification using 'notify2'
[13.037s] DEBUG:colcon.colcon_core.event_reactor:joined thread
[13.039s] INFO:colcon.colcon_core.shell:Creating prefix script '/home/robosub/robosub_navigator/install/local_setup.ps1'
[13.043s] INFO:colcon.colcon_core.shell:Creating prefix util module '/home/robosub/robosub_navigator/install/_local_setup_util_ps1.py'
[13.049s] INFO:colcon.colcon_core.shell:Creating prefix chain script '/home/robosub/robosub_navigator/install/setup.ps1'
[13.057s] INFO:colcon.colcon_core.shell:Creating prefix script '/home/robosub/robosub_navigator/install/local_setup.sh'
[13.061s] INFO:colcon.colcon_core.shell:Creating prefix util module '/home/robosub/robosub_navigator/install/_local_setup_util_sh.py'
[13.067s] INFO:colcon.colcon_core.shell:Creating prefix chain script '/home/robosub/robosub_navigator/install/setup.sh'
[13.072s] INFO:colcon.colcon_core.shell:Creating prefix script '/home/robosub/robosub_navigator/install/local_setup.bash'
[13.075s] INFO:colcon.colcon_core.shell:Creating prefix chain script '/home/robosub/robosub_navigator/install/setup.bash'
[13.080s] INFO:colcon.colcon_core.shell:Creating prefix script '/home/robosub/robosub_navigator/install/local_setup.zsh'
[13.082s] INFO:colcon.colcon_core.shell:Creating prefix chain script '/home/robosub/robosub_navigator/install/setup.zsh'
