[6.722s] Invoking command in '/home/robosub/robosub_navigator/src/camerainfo': DEBUGINFOD_URLS=https://debuginfod.ubuntu.com PYTHONPATH=/home/robosub/robosub_navigator/build/camerainfo/prefix_override:/usr/lib/python3/dist-packages/colcon_core/task/python/colcon_distutils_commands:/home/robosub/robosub_navigator/install/camerainfo/lib/python3.12/site-packages:${PYTHONPATH} /usr/bin/python3 -W ignore:setup.py install is deprecated -W ignore:easy_install command is deprecated setup.py egg_info --egg-base ../../build/camerainfo build --build-base /home/robosub/robosub_navigator/build/camerainfo/build install --record /home/robosub/robosub_navigator/build/camerainfo/install.log --single-version-externally-managed install_data
[9.136s] running egg_info
[9.272s] writing ../../build/camerainfo/camerainfo.egg-info/PKG-INFO
[9.293s] writing dependency_links to ../../build/camerainfo/camerainfo.egg-info/dependency_links.txt
[9.294s] writing entry points to ../../build/camerainfo/camerainfo.egg-info/entry_points.txt
[9.302s] writing requirements to ../../build/camerainfo/camerainfo.egg-info/requires.txt
[9.305s] writing top-level names to ../../build/camerainfo/camerainfo.egg-info/top_level.txt
[9.623s] reading manifest file '../../build/camerainfo/camerainfo.egg-info/SOURCES.txt'
[9.627s] writing manifest file '../../build/camerainfo/camerainfo.egg-info/SOURCES.txt'
[9.890s] running build
[9.891s] running build_py
[9.897s] copying camerainfo/frontcam.py -> /home/robosub/robosub_navigator/build/camerainfo/build/lib/camerainfo
[9.898s] running install
[9.934s] running install_lib
[10.069s] copying /home/robosub/robosub_navigator/build/camerainfo/build/lib/camerainfo/frontcam.py -> /home/robosub/robosub_navigator/install/camerainfo/lib/python3.12/site-packages/camerainfo
[10.071s] byte-compiling /home/robosub/robosub_navigator/install/camerainfo/lib/python3.12/site-packages/camerainfo/frontcam.py to frontcam.cpython-312.pyc
[10.080s] running install_data
[10.083s] running install_egg_info
[10.250s] removing '/home/robosub/robosub_navigator/install/camerainfo/lib/python3.12/site-packages/camerainfo-0.0.0-py3.12.egg-info' (and everything under it)
[10.254s] Copying ../../build/camerainfo/camerainfo.egg-info to /home/robosub/robosub_navigator/install/camerainfo/lib/python3.12/site-packages/camerainfo-0.0.0-py3.12.egg-info
[10.258s] running install_scripts
[11.236s] Installing cam script to /home/robosub/robosub_navigator/install/camerainfo/lib/camerainfo
[11.237s] Installing frontcam script to /home/robosub/robosub_navigator/install/camerainfo/lib/camerainfo
[11.238s] Installing grippercam script to /home/robosub/robosub_navigator/install/camerainfo/lib/camerainfo
[11.240s] writing list of installed files to '/home/robosub/robosub_navigator/build/camerainfo/install.log'
[11.429s] Invoked command in '/home/robosub/robosub_navigator/src/camerainfo' returned '0': DEBUGINFOD_URLS=https://debuginfod.ubuntu.com PYTHONPATH=/home/robosub/robosub_navigator/build/camerainfo/prefix_override:/usr/lib/python3/dist-packages/colcon_core/task/python/colcon_distutils_commands:/home/robosub/robosub_navigator/install/camerainfo/lib/python3.12/site-packages:${PYTHONPATH} /usr/bin/python3 -W ignore:setup.py install is deprecated -W ignore:easy_install command is deprecated setup.py egg_info --egg-base ../../build/camerainfo build --build-base /home/robosub/robosub_navigator/build/camerainfo/build install --record /home/robosub/robosub_navigator/build/camerainfo/install.log --single-version-externally-managed install_data
