[10.629s] Invoking command in '/home/robosub/robosub_navigator/src/camerainfo': DEBUGINFOD_URLS=https://debuginfod.ubuntu.com PYTHONPATH=/home/robosub/robosub_navigator/build/camerainfo/prefix_override:/usr/lib/python3/dist-packages/colcon_core/task/python/colcon_distutils_commands:/home/robosub/robosub_navigator/install/camerainfo/lib/python3.12/site-packages:${PYTHONPATH} /usr/bin/python3 -W ignore:setup.py install is deprecated -W ignore:easy_install command is deprecated setup.py egg_info --egg-base ../../build/camerainfo build --build-base /home/robosub/robosub_navigator/build/camerainfo/build install --record /home/robosub/robosub_navigator/build/camerainfo/install.log --single-version-externally-managed install_data
[18.980s] running egg_info
[19.641s] writing ../../build/camerainfo/camerainfo.egg-info/PKG-INFO
[19.646s] writing dependency_links to ../../build/camerainfo/camerainfo.egg-info/dependency_links.txt
[19.660s] writing entry points to ../../build/camerainfo/camerainfo.egg-info/entry_points.txt
[19.674s] writing requirements to ../../build/camerainfo/camerainfo.egg-info/requires.txt
[19.675s] writing top-level names to ../../build/camerainfo/camerainfo.egg-info/top_level.txt
[20.825s] reading manifest file '../../build/camerainfo/camerainfo.egg-info/SOURCES.txt'
[20.840s] writing manifest file '../../build/camerainfo/camerainfo.egg-info/SOURCES.txt'
[20.849s] running build
[20.850s] running build_py
[20.858s] copying camerainfo/frontcam.py -> /home/robosub/robosub_navigator/build/camerainfo/build/lib/camerainfo
[20.868s] running install
[21.039s] running install_lib
[22.050s] copying /home/robosub/robosub_navigator/build/camerainfo/build/lib/camerainfo/frontcam.py -> /home/robosub/robosub_navigator/install/camerainfo/lib/python3.12/site-packages/camerainfo
[22.070s] byte-compiling /home/robosub/robosub_navigator/install/camerainfo/lib/python3.12/site-packages/camerainfo/frontcam.py to frontcam.cpython-312.pyc
[22.107s] running install_data
[22.113s] running install_egg_info
[23.166s] removing '/home/robosub/robosub_navigator/install/camerainfo/lib/python3.12/site-packages/camerainfo-0.0.0-py3.12.egg-info' (and everything under it)
[23.173s] Copying ../../build/camerainfo/camerainfo.egg-info to /home/robosub/robosub_navigator/install/camerainfo/lib/python3.12/site-packages/camerainfo-0.0.0-py3.12.egg-info
[23.213s] running install_scripts
[29.191s] Installing cam script to /home/robosub/robosub_navigator/install/camerainfo/lib/camerainfo
[29.206s] Installing frontcam script to /home/robosub/robosub_navigator/install/camerainfo/lib/camerainfo
[29.212s] Installing grippercam script to /home/robosub/robosub_navigator/install/camerainfo/lib/camerainfo
[29.214s] writing list of installed files to '/home/robosub/robosub_navigator/build/camerainfo/install.log'
[29.565s] Invoked command in '/home/robosub/robosub_navigator/src/camerainfo' returned '0': DEBUGINFOD_URLS=https://debuginfod.ubuntu.com PYTHONPATH=/home/robosub/robosub_navigator/build/camerainfo/prefix_override:/usr/lib/python3/dist-packages/colcon_core/task/python/colcon_distutils_commands:/home/robosub/robosub_navigator/install/camerainfo/lib/python3.12/site-packages:${PYTHONPATH} /usr/bin/python3 -W ignore:setup.py install is deprecated -W ignore:easy_install command is deprecated setup.py egg_info --egg-base ../../build/camerainfo build --build-base /home/robosub/robosub_navigator/build/camerainfo/build install --record /home/robosub/robosub_navigator/build/camerainfo/install.log --single-version-externally-managed install_data
