[0.486s] DEBUG:colcon:Command line arguments: ['/usr/bin/colcon', 'build', '--symlink-install']
[0.486s] DEBUG:colcon:Parsed command line arguments: Namespace(log_base=None, log_level=None, verb_name='build', build_base='build', install_base='install', merge_install=False, symlink_install=True, test_result_base=None, continue_on_error=False, executor='parallel', parallel_workers=4, event_handlers=None, ignore_user_meta=False, metas=['./colcon.meta'], base_paths=['.'], packages_ignore=None, packages_ignore_regex=None, paths=None, packages_up_to=None, packages_up_to_regex=None, packages_above=None, packages_above_and_dependencies=None, packages_above_depth=None, packages_select_by_dep=None, packages_skip_by_dep=None, packages_skip_up_to=None, packages_select_build_failed=False, packages_skip_build_finished=False, packages_select_test_failures=False, packages_skip_test_passed=False, packages_select=None, packages_skip=None, packages_select_regex=None, packages_skip_regex=None, packages_start=None, packages_end=None, allow_overriding=[], cmake_args=None, cmake_target=None, cmake_target_skip_unavailable=False, cmake_clean_cache=False, cmake_clean_first=False, cmake_force_configure=False, ament_cmake_args=None, catkin_cmake_args=None, catkin_skip_building_tests=False, mixin_files=None, mixin=None, verb_parser=<colcon_mixin.mixin.mixin_argument.MixinArgumentDecorator object at 0xffff8d5b4da0>, verb_extension=<colcon_core.verb.build.BuildVerb object at 0xffff8d76a420>, main=<bound method BuildVerb.main of <colcon_core.verb.build.BuildVerb object at 0xffff8d76a420>>, mixin_verb=('build',))
[0.700s] Level 1:colcon.colcon_core.package_discovery:discover_packages(colcon_meta) check parameters
[0.701s] Level 1:colcon.colcon_core.package_discovery:discover_packages(recursive) check parameters
[0.701s] Level 1:colcon.colcon_core.package_discovery:discover_packages(ignore) check parameters
[0.701s] Level 1:colcon.colcon_core.package_discovery:discover_packages(path) check parameters
[0.701s] Level 1:colcon.colcon_core.package_discovery:discover_packages(colcon_meta) discover
[0.701s] Level 1:colcon.colcon_core.package_discovery:discover_packages(recursive) discover
[0.702s] INFO:colcon.colcon_core.package_discovery:Crawling recursively for packages in '/home/robosub/robosub_driver'
[0.702s] Level 1:colcon.colcon_core.package_identification:_identify(.) by extensions ['ignore', 'ignore_ament_install']
[0.702s] Level 1:colcon.colcon_core.package_identification:_identify(.) by extension 'ignore'
[0.703s] Level 1:colcon.colcon_core.package_identification:_identify(.) by extension 'ignore_ament_install'
[0.703s] Level 1:colcon.colcon_core.package_identification:_identify(.) by extensions ['colcon_pkg']
[0.703s] Level 1:colcon.colcon_core.package_identification:_identify(.) by extension 'colcon_pkg'
[0.703s] Level 1:colcon.colcon_core.package_identification:_identify(.) by extensions ['colcon_meta']
[0.703s] Level 1:colcon.colcon_core.package_identification:_identify(.) by extension 'colcon_meta'
[0.704s] Level 1:colcon.colcon_core.package_identification:_identify(.) by extensions ['ros']
[0.704s] Level 1:colcon.colcon_core.package_identification:_identify(.) by extension 'ros'
[0.838s] Level 1:colcon.colcon_core.package_identification:_identify(.) by extensions ['cmake', 'python']
[0.838s] Level 1:colcon.colcon_core.package_identification:_identify(.) by extension 'cmake'
[0.839s] Level 1:colcon.colcon_core.package_identification:_identify(.) by extension 'python'
[0.839s] Level 1:colcon.colcon_core.package_identification:_identify(.) by extensions ['python_setup_py']
[0.839s] Level 1:colcon.colcon_core.package_identification:_identify(.) by extension 'python_setup_py'
[0.840s] Level 1:colcon.colcon_core.package_identification:_identify(build) by extensions ['ignore', 'ignore_ament_install']
[0.840s] Level 1:colcon.colcon_core.package_identification:_identify(build) by extension 'ignore'
[0.840s] Level 1:colcon.colcon_core.package_identification:_identify(build) ignored
[0.841s] Level 1:colcon.colcon_core.package_identification:_identify(install) by extensions ['ignore', 'ignore_ament_install']
[0.842s] Level 1:colcon.colcon_core.package_identification:_identify(install) by extension 'ignore'
[0.842s] Level 1:colcon.colcon_core.package_identification:_identify(install) ignored
[0.843s] Level 1:colcon.colcon_core.package_identification:_identify(library) by extensions ['ignore', 'ignore_ament_install']
[0.843s] Level 1:colcon.colcon_core.package_identification:_identify(library) by extension 'ignore'
[0.843s] Level 1:colcon.colcon_core.package_identification:_identify(library) by extension 'ignore_ament_install'
[0.843s] Level 1:colcon.colcon_core.package_identification:_identify(library) by extensions ['colcon_pkg']
[0.843s] Level 1:colcon.colcon_core.package_identification:_identify(library) by extension 'colcon_pkg'
[0.844s] Level 1:colcon.colcon_core.package_identification:_identify(library) by extensions ['colcon_meta']
[0.844s] Level 1:colcon.colcon_core.package_identification:_identify(library) by extension 'colcon_meta'
[0.844s] Level 1:colcon.colcon_core.package_identification:_identify(library) by extensions ['ros']
[0.844s] Level 1:colcon.colcon_core.package_identification:_identify(library) by extension 'ros'
[0.844s] Level 1:colcon.colcon_core.package_identification:_identify(library) by extensions ['cmake', 'python']
[0.844s] Level 1:colcon.colcon_core.package_identification:_identify(library) by extension 'cmake'
[0.845s] Level 1:colcon.colcon_core.package_identification:_identify(library) by extension 'python'
[0.845s] Level 1:colcon.colcon_core.package_identification:_identify(library) by extensions ['python_setup_py']
[0.845s] Level 1:colcon.colcon_core.package_identification:_identify(library) by extension 'python_setup_py'
[0.845s] Level 1:colcon.colcon_core.package_identification:_identify(library/build) by extensions ['ignore', 'ignore_ament_install']
[0.846s] Level 1:colcon.colcon_core.package_identification:_identify(library/build) by extension 'ignore'
[0.846s] Level 1:colcon.colcon_core.package_identification:_identify(library/build) ignored
[0.846s] Level 1:colcon.colcon_core.package_identification:_identify(library/install) by extensions ['ignore', 'ignore_ament_install']
[0.846s] Level 1:colcon.colcon_core.package_identification:_identify(library/install) by extension 'ignore'
[0.847s] Level 1:colcon.colcon_core.package_identification:_identify(library/install) ignored
[0.847s] Level 1:colcon.colcon_core.package_identification:_identify(library/log) by extensions ['ignore', 'ignore_ament_install']
[0.847s] Level 1:colcon.colcon_core.package_identification:_identify(library/log) by extension 'ignore'
[0.847s] Level 1:colcon.colcon_core.package_identification:_identify(library/log) ignored
[0.848s] Level 1:colcon.colcon_core.package_identification:_identify(library/ms5837-python) by extensions ['ignore', 'ignore_ament_install']
[0.848s] Level 1:colcon.colcon_core.package_identification:_identify(library/ms5837-python) by extension 'ignore'
[0.848s] Level 1:colcon.colcon_core.package_identification:_identify(library/ms5837-python) by extension 'ignore_ament_install'
[0.849s] Level 1:colcon.colcon_core.package_identification:_identify(library/ms5837-python) by extensions ['colcon_pkg']
[0.849s] Level 1:colcon.colcon_core.package_identification:_identify(library/ms5837-python) by extension 'colcon_pkg'
[0.849s] Level 1:colcon.colcon_core.package_identification:_identify(library/ms5837-python) by extensions ['colcon_meta']
[0.849s] Level 1:colcon.colcon_core.package_identification:_identify(library/ms5837-python) by extension 'colcon_meta'
[0.849s] Level 1:colcon.colcon_core.package_identification:_identify(library/ms5837-python) by extensions ['ros']
[0.849s] Level 1:colcon.colcon_core.package_identification:_identify(library/ms5837-python) by extension 'ros'
[0.850s] Level 1:colcon.colcon_core.package_identification:_identify(library/ms5837-python) by extensions ['cmake', 'python']
[0.850s] Level 1:colcon.colcon_core.package_identification:_identify(library/ms5837-python) by extension 'cmake'
[0.850s] Level 1:colcon.colcon_core.package_identification:_identify(library/ms5837-python) by extension 'python'
[0.851s] Level 1:colcon.colcon_core.package_identification:_identify(library/ms5837-python) by extensions ['python_setup_py']
[0.851s] Level 1:colcon.colcon_core.package_identification:_identify(library/ms5837-python) by extension 'python_setup_py'
[1.779s] DEBUG:colcon.colcon_core.package_identification:Package 'library/ms5837-python' with type 'python' and name 'ms5837'
[1.780s] Level 1:colcon.colcon_core.package_identification:_identify(log) by extensions ['ignore', 'ignore_ament_install']
[1.780s] Level 1:colcon.colcon_core.package_identification:_identify(log) by extension 'ignore'
[1.781s] Level 1:colcon.colcon_core.package_identification:_identify(log) ignored
[1.781s] Level 1:colcon.colcon_core.package_identification:_identify(src) by extensions ['ignore', 'ignore_ament_install']
[1.782s] Level 1:colcon.colcon_core.package_identification:_identify(src) by extension 'ignore'
[1.782s] Level 1:colcon.colcon_core.package_identification:_identify(src) by extension 'ignore_ament_install'
[1.782s] Level 1:colcon.colcon_core.package_identification:_identify(src) by extensions ['colcon_pkg']
[1.782s] Level 1:colcon.colcon_core.package_identification:_identify(src) by extension 'colcon_pkg'
[1.783s] Level 1:colcon.colcon_core.package_identification:_identify(src) by extensions ['colcon_meta']
[1.783s] Level 1:colcon.colcon_core.package_identification:_identify(src) by extension 'colcon_meta'
[1.783s] Level 1:colcon.colcon_core.package_identification:_identify(src) by extensions ['ros']
[1.783s] Level 1:colcon.colcon_core.package_identification:_identify(src) by extension 'ros'
[1.783s] Level 1:colcon.colcon_core.package_identification:_identify(src) by extensions ['cmake', 'python']
[1.784s] Level 1:colcon.colcon_core.package_identification:_identify(src) by extension 'cmake'
[1.784s] Level 1:colcon.colcon_core.package_identification:_identify(src) by extension 'python'
[1.784s] Level 1:colcon.colcon_core.package_identification:_identify(src) by extensions ['python_setup_py']
[1.784s] Level 1:colcon.colcon_core.package_identification:_identify(src) by extension 'python_setup_py'
[1.785s] Level 1:colcon.colcon_core.package_identification:_identify(src/motorinfo) by extensions ['ignore', 'ignore_ament_install']
[1.785s] Level 1:colcon.colcon_core.package_identification:_identify(src/motorinfo) by extension 'ignore'
[1.786s] Level 1:colcon.colcon_core.package_identification:_identify(src/motorinfo) by extension 'ignore_ament_install'
[1.786s] Level 1:colcon.colcon_core.package_identification:_identify(src/motorinfo) by extensions ['colcon_pkg']
[1.786s] Level 1:colcon.colcon_core.package_identification:_identify(src/motorinfo) by extension 'colcon_pkg'
[1.786s] Level 1:colcon.colcon_core.package_identification:_identify(src/motorinfo) by extensions ['colcon_meta']
[1.786s] Level 1:colcon.colcon_core.package_identification:_identify(src/motorinfo) by extension 'colcon_meta'
[1.787s] Level 1:colcon.colcon_core.package_identification:_identify(src/motorinfo) by extensions ['ros']
[1.787s] Level 1:colcon.colcon_core.package_identification:_identify(src/motorinfo) by extension 'ros'
[1.798s] DEBUG:colcon.colcon_core.package_identification:Package 'src/motorinfo' with type 'ros.ament_python' and name 'motorinfo'
[1.799s] Level 1:colcon.colcon_core.package_identification:_identify(src/sensorinfo) by extensions ['ignore', 'ignore_ament_install']
[1.799s] Level 1:colcon.colcon_core.package_identification:_identify(src/sensorinfo) by extension 'ignore'
[1.799s] Level 1:colcon.colcon_core.package_identification:_identify(src/sensorinfo) by extension 'ignore_ament_install'
[1.800s] Level 1:colcon.colcon_core.package_identification:_identify(src/sensorinfo) by extensions ['colcon_pkg']
[1.800s] Level 1:colcon.colcon_core.package_identification:_identify(src/sensorinfo) by extension 'colcon_pkg'
[1.800s] Level 1:colcon.colcon_core.package_identification:_identify(src/sensorinfo) by extensions ['colcon_meta']
[1.800s] Level 1:colcon.colcon_core.package_identification:_identify(src/sensorinfo) by extension 'colcon_meta'
[1.800s] Level 1:colcon.colcon_core.package_identification:_identify(src/sensorinfo) by extensions ['ros']
[1.800s] Level 1:colcon.colcon_core.package_identification:_identify(src/sensorinfo) by extension 'ros'
[1.805s] DEBUG:colcon.colcon_core.package_identification:Package 'src/sensorinfo' with type 'ros.ament_python' and name 'sensorinfo'
[1.805s] Level 1:colcon.colcon_core.package_discovery:discover_packages(recursive) using defaults
[1.806s] Level 1:colcon.colcon_core.package_discovery:discover_packages(ignore) discover
[1.806s] Level 1:colcon.colcon_core.package_discovery:discover_packages(ignore) using defaults
[1.806s] Level 1:colcon.colcon_core.package_discovery:discover_packages(path) discover
[1.806s] Level 1:colcon.colcon_core.package_discovery:discover_packages(path) using defaults
[1.876s] Level 1:colcon.colcon_core.package_discovery:discover_packages(prefix_path) check parameters
[1.876s] Level 1:colcon.colcon_core.package_discovery:discover_packages(prefix_path) discover
[1.880s] WARNING:colcon.colcon_ros.prefix_path.ament:The path '/home/robosub/robosub_driver/install/motorinfo' in the environment variable AMENT_PREFIX_PATH doesn't exist
[1.880s] WARNING:colcon.colcon_ros.prefix_path.ament:The path '/home/robosub/robosub_driver/install/sensorinfo' in the environment variable AMENT_PREFIX_PATH doesn't exist
[1.881s] WARNING:colcon.colcon_ros.prefix_path.ament:The path '/home/robosub/robosub_driver/install/motion_interface' in the environment variable AMENT_PREFIX_PATH doesn't exist
[1.881s] WARNING:colcon.colcon_ros.prefix_path.catkin:The path '/home/robosub/robosub_driver/install/motion_interface' in the environment variable CMAKE_PREFIX_PATH doesn't exist
[1.884s] DEBUG:colcon.colcon_installed_package_information.package_discovery:Found 0 installed packages in /home/robosub/robosub_driver/install
[1.895s] DEBUG:colcon.colcon_installed_package_information.package_discovery:Found 284 installed packages in /opt/ros/jazzy
[1.903s] Level 1:colcon.colcon_core.package_discovery:discover_packages(prefix_path) using defaults
[2.151s] Level 5:colcon.colcon_core.verb:set package 'ms5837' build argument 'cmake_args' from command line to 'None'
[2.151s] Level 5:colcon.colcon_core.verb:set package 'ms5837' build argument 'cmake_target' from command line to 'None'
[2.151s] Level 5:colcon.colcon_core.verb:set package 'ms5837' build argument 'cmake_target_skip_unavailable' from command line to 'False'
[2.151s] Level 5:colcon.colcon_core.verb:set package 'ms5837' build argument 'cmake_clean_cache' from command line to 'False'
[2.151s] Level 5:colcon.colcon_core.verb:set package 'ms5837' build argument 'cmake_clean_first' from command line to 'False'
[2.151s] Level 5:colcon.colcon_core.verb:set package 'ms5837' build argument 'cmake_force_configure' from command line to 'False'
[2.152s] Level 5:colcon.colcon_core.verb:set package 'ms5837' build argument 'ament_cmake_args' from command line to 'None'
[2.152s] Level 5:colcon.colcon_core.verb:set package 'ms5837' build argument 'catkin_cmake_args' from command line to 'None'
[2.152s] Level 5:colcon.colcon_core.verb:set package 'ms5837' build argument 'catkin_skip_building_tests' from command line to 'False'
[2.152s] DEBUG:colcon.colcon_core.verb:Building package 'ms5837' with the following arguments: {'ament_cmake_args': None, 'build_base': '/home/robosub/robosub_driver/build/ms5837', 'catkin_cmake_args': None, 'catkin_skip_building_tests': False, 'cmake_args': None, 'cmake_clean_cache': False, 'cmake_clean_first': False, 'cmake_force_configure': False, 'cmake_target': None, 'cmake_target_skip_unavailable': False, 'install_base': '/home/robosub/robosub_driver/install/ms5837', 'merge_install': False, 'path': '/home/robosub/robosub_driver/library/ms5837-python', 'symlink_install': True, 'test_result_base': None}
[2.153s] Level 5:colcon.colcon_core.verb:set package 'sensorinfo' build argument 'cmake_args' from command line to 'None'
[2.153s] Level 5:colcon.colcon_core.verb:set package 'sensorinfo' build argument 'cmake_target' from command line to 'None'
[2.153s] Level 5:colcon.colcon_core.verb:set package 'sensorinfo' build argument 'cmake_target_skip_unavailable' from command line to 'False'
[2.154s] Level 5:colcon.colcon_core.verb:set package 'sensorinfo' build argument 'cmake_clean_cache' from command line to 'False'
[2.154s] Level 5:colcon.colcon_core.verb:set package 'sensorinfo' build argument 'cmake_clean_first' from command line to 'False'
[2.154s] Level 5:colcon.colcon_core.verb:set package 'sensorinfo' build argument 'cmake_force_configure' from command line to 'False'
[2.154s] Level 5:colcon.colcon_core.verb:set package 'sensorinfo' build argument 'ament_cmake_args' from command line to 'None'
[2.154s] Level 5:colcon.colcon_core.verb:set package 'sensorinfo' build argument 'catkin_cmake_args' from command line to 'None'
[2.154s] Level 5:colcon.colcon_core.verb:set package 'sensorinfo' build argument 'catkin_skip_building_tests' from command line to 'False'
[2.154s] DEBUG:colcon.colcon_core.verb:Building package 'sensorinfo' with the following arguments: {'ament_cmake_args': None, 'build_base': '/home/robosub/robosub_driver/build/sensorinfo', 'catkin_cmake_args': None, 'catkin_skip_building_tests': False, 'cmake_args': None, 'cmake_clean_cache': False, 'cmake_clean_first': False, 'cmake_force_configure': False, 'cmake_target': None, 'cmake_target_skip_unavailable': False, 'install_base': '/home/robosub/robosub_driver/install/sensorinfo', 'merge_install': False, 'path': '/home/robosub/robosub_driver/src/sensorinfo', 'symlink_install': True, 'test_result_base': None}
[2.155s] Level 5:colcon.colcon_core.verb:set package 'motorinfo' build argument 'cmake_args' from command line to 'None'
[2.156s] Level 5:colcon.colcon_core.verb:set package 'motorinfo' build argument 'cmake_target' from command line to 'None'
[2.156s] Level 5:colcon.colcon_core.verb:set package 'motorinfo' build argument 'cmake_target_skip_unavailable' from command line to 'False'
[2.156s] Level 5:colcon.colcon_core.verb:set package 'motorinfo' build argument 'cmake_clean_cache' from command line to 'False'
[2.156s] Level 5:colcon.colcon_core.verb:set package 'motorinfo' build argument 'cmake_clean_first' from command line to 'False'
[2.156s] Level 5:colcon.colcon_core.verb:set package 'motorinfo' build argument 'cmake_force_configure' from command line to 'False'
[2.156s] Level 5:colcon.colcon_core.verb:set package 'motorinfo' build argument 'ament_cmake_args' from command line to 'None'
[2.156s] Level 5:colcon.colcon_core.verb:set package 'motorinfo' build argument 'catkin_cmake_args' from command line to 'None'
[2.156s] Level 5:colcon.colcon_core.verb:set package 'motorinfo' build argument 'catkin_skip_building_tests' from command line to 'False'
[2.156s] DEBUG:colcon.colcon_core.verb:Building package 'motorinfo' with the following arguments: {'ament_cmake_args': None, 'build_base': '/home/robosub/robosub_driver/build/motorinfo', 'catkin_cmake_args': None, 'catkin_skip_building_tests': False, 'cmake_args': None, 'cmake_clean_cache': False, 'cmake_clean_first': False, 'cmake_force_configure': False, 'cmake_target': None, 'cmake_target_skip_unavailable': False, 'install_base': '/home/robosub/robosub_driver/install/motorinfo', 'merge_install': False, 'path': '/home/robosub/robosub_driver/src/motorinfo', 'symlink_install': True, 'test_result_base': None}
[2.157s] INFO:colcon.colcon_core.executor:Executing jobs using 'parallel' executor
[2.160s] DEBUG:colcon.colcon_parallel_executor.executor.parallel:run_until_complete
[2.161s] INFO:colcon.colcon_ros.task.ament_python.build:Building ROS package in '/home/robosub/robosub_driver/src/sensorinfo' with build type 'ament_python'
[2.162s] Level 1:colcon.colcon_core.shell:create_environment_hook('sensorinfo', 'ament_prefix_path')
[2.172s] INFO:colcon.colcon_core.plugin_system:Skipping extension 'colcon_core.shell.bat': Not used on non-Windows systems
[2.173s] INFO:colcon.colcon_core.shell:Creating environment hook '/home/robosub/robosub_driver/install/sensorinfo/share/sensorinfo/hook/ament_prefix_path.ps1'
[2.176s] INFO:colcon.colcon_core.shell:Creating environment descriptor '/home/robosub/robosub_driver/install/sensorinfo/share/sensorinfo/hook/ament_prefix_path.dsv'
[2.179s] INFO:colcon.colcon_core.shell:Creating environment hook '/home/robosub/robosub_driver/install/sensorinfo/share/sensorinfo/hook/ament_prefix_path.sh'
[2.183s] INFO:colcon.colcon_core.shell:Skip shell extension 'powershell' for command environment: Not usable outside of PowerShell
[2.183s] DEBUG:colcon.colcon_core.shell:Skip shell extension 'dsv' for command environment
[2.205s] INFO:colcon.colcon_core.task.python.build:Building Python package in '/home/robosub/robosub_driver/library/ms5837-python'
[2.206s] INFO:colcon.colcon_core.shell:Skip shell extension 'powershell' for command environment: Not usable outside of PowerShell
[2.206s] DEBUG:colcon.colcon_core.shell:Skip shell extension 'dsv' for command environment
[3.645s] INFO:colcon.colcon_core.task.python.build:Building Python package in '/home/robosub/robosub_driver/src/sensorinfo'
[3.646s] INFO:colcon.colcon_core.shell:Skip shell extension 'powershell' for command environment: Not usable outside of PowerShell
[3.647s] DEBUG:colcon.colcon_core.shell:Skip shell extension 'dsv' for command environment
[17.980s] DEBUG:colcon.colcon_core.event_handler.log_command:Invoking command in '/home/robosub/robosub_driver/build/sensorinfo': DEBUGINFOD_URLS=https://debuginfod.ubuntu.com PYTHONPATH=/home/robosub/robosub_driver/build/sensorinfo/prefix_override:/usr/lib/python3/dist-packages/colcon_core/task/python/colcon_distutils_commands:/home/robosub/robosub_driver/install/sensorinfo/lib/python3.12/site-packages:${PYTHONPATH} /usr/bin/python3 -W ignore:setup.py install is deprecated -W ignore:easy_install command is deprecated setup.py develop --editable --build-directory /home/robosub/robosub_driver/build/sensorinfo/build --no-deps symlink_data
[19.128s] DEBUG:colcon.colcon_core.event_handler.log_command:Invoking command in '/home/robosub/robosub_driver/build/ms5837': DEBUGINFOD_URLS=https://debuginfod.ubuntu.com PYTHONPATH=/home/robosub/robosub_driver/build/ms5837/prefix_override:/usr/lib/python3/dist-packages/colcon_core/task/python/colcon_distutils_commands:/home/robosub/robosub_driver/install/ms5837/lib/python3.12/site-packages:${PYTHONPATH} /usr/bin/python3 -W ignore:setup.py install is deprecated -W ignore:easy_install command is deprecated setup.py develop --editable --build-directory /home/robosub/robosub_driver/build/ms5837/build --no-deps
[35.690s] Level 1:colcon.colcon_core.shell:create_environment_hook('ms5837', 'pythonpath_develop')
[35.694s] DEBUG:colcon.colcon_core.event_handler.log_command:Invoked command in '/home/robosub/robosub_driver/build/ms5837' returned '0': DEBUGINFOD_URLS=https://debuginfod.ubuntu.com PYTHONPATH=/home/robosub/robosub_driver/build/ms5837/prefix_override:/usr/lib/python3/dist-packages/colcon_core/task/python/colcon_distutils_commands:/home/robosub/robosub_driver/install/ms5837/lib/python3.12/site-packages:${PYTHONPATH} /usr/bin/python3 -W ignore:setup.py install is deprecated -W ignore:easy_install command is deprecated setup.py develop --editable --build-directory /home/robosub/robosub_driver/build/ms5837/build --no-deps
[35.697s] INFO:colcon.colcon_core.shell:Creating environment hook '/home/robosub/robosub_driver/build/ms5837/share/ms5837/hook/pythonpath_develop.ps1'
[35.707s] INFO:colcon.colcon_core.shell:Creating environment descriptor '/home/robosub/robosub_driver/build/ms5837/share/ms5837/hook/pythonpath_develop.dsv'
[35.712s] INFO:colcon.colcon_core.shell:Creating environment hook '/home/robosub/robosub_driver/build/ms5837/share/ms5837/hook/pythonpath_develop.sh'
[35.751s] Level 1:colcon.colcon_core.environment:checking '/home/robosub/robosub_driver/install/ms5837' for CMake module files
[35.760s] Level 1:colcon.colcon_core.environment:checking '/home/robosub/robosub_driver/install/ms5837' for CMake config files
[35.770s] Level 1:colcon.colcon_core.environment:checking '/home/robosub/robosub_driver/install/ms5837/lib'
[35.773s] Level 1:colcon.colcon_core.environment:checking '/home/robosub/robosub_driver/install/ms5837/bin'
[35.774s] Level 1:colcon.colcon_core.environment:checking '/home/robosub/robosub_driver/install/ms5837/lib/pkgconfig/ms5837.pc'
[35.777s] Level 1:colcon.colcon_core.environment:checking '/home/robosub/robosub_driver/install/ms5837/lib/python3.12/site-packages'
[35.780s] Level 1:colcon.colcon_core.shell:create_environment_hook('ms5837', 'pythonpath')
[35.782s] INFO:colcon.colcon_core.shell:Creating environment hook '/home/robosub/robosub_driver/install/ms5837/share/ms5837/hook/pythonpath.ps1'
[35.788s] INFO:colcon.colcon_core.shell:Creating environment descriptor '/home/robosub/robosub_driver/install/ms5837/share/ms5837/hook/pythonpath.dsv'
[35.796s] INFO:colcon.colcon_core.shell:Creating environment hook '/home/robosub/robosub_driver/install/ms5837/share/ms5837/hook/pythonpath.sh'
[35.801s] Level 1:colcon.colcon_core.environment:checking '/home/robosub/robosub_driver/install/ms5837/bin'
[35.801s] Level 1:colcon.colcon_core.environment:create_environment_scripts_only(ms5837)
[35.803s] INFO:colcon.colcon_core.shell:Creating package script '/home/robosub/robosub_driver/install/ms5837/share/ms5837/package.ps1'
[35.810s] INFO:colcon.colcon_core.shell:Creating package descriptor '/home/robosub/robosub_driver/install/ms5837/share/ms5837/package.dsv'
[35.819s] INFO:colcon.colcon_core.shell:Creating package script '/home/robosub/robosub_driver/install/ms5837/share/ms5837/package.sh'
[35.825s] INFO:colcon.colcon_core.shell:Creating package script '/home/robosub/robosub_driver/install/ms5837/share/ms5837/package.bash'
[35.831s] INFO:colcon.colcon_core.shell:Creating package script '/home/robosub/robosub_driver/install/ms5837/share/ms5837/package.zsh'
[35.838s] Level 1:colcon.colcon_core.environment:create_file_with_runtime_dependencies(/home/robosub/robosub_driver/install/ms5837/share/colcon-core/packages/ms5837)
[35.902s] Level 1:colcon.colcon_core.shell:create_environment_hook('sensorinfo', 'pythonpath_develop')
[35.903s] INFO:colcon.colcon_core.shell:Creating environment hook '/home/robosub/robosub_driver/build/sensorinfo/share/sensorinfo/hook/pythonpath_develop.ps1'
[35.905s] DEBUG:colcon.colcon_core.event_handler.log_command:Invoked command in '/home/robosub/robosub_driver/build/sensorinfo' returned '0': DEBUGINFOD_URLS=https://debuginfod.ubuntu.com PYTHONPATH=/home/robosub/robosub_driver/build/sensorinfo/prefix_override:/usr/lib/python3/dist-packages/colcon_core/task/python/colcon_distutils_commands:/home/robosub/robosub_driver/install/sensorinfo/lib/python3.12/site-packages:${PYTHONPATH} /usr/bin/python3 -W ignore:setup.py install is deprecated -W ignore:easy_install command is deprecated setup.py develop --editable --build-directory /home/robosub/robosub_driver/build/sensorinfo/build --no-deps symlink_data
[35.907s] INFO:colcon.colcon_core.shell:Creating environment descriptor '/home/robosub/robosub_driver/build/sensorinfo/share/sensorinfo/hook/pythonpath_develop.dsv'
[35.910s] INFO:colcon.colcon_core.shell:Creating environment hook '/home/robosub/robosub_driver/build/sensorinfo/share/sensorinfo/hook/pythonpath_develop.sh'
[35.914s] Level 1:colcon.colcon_core.environment:checking '/home/robosub/robosub_driver/install/sensorinfo' for CMake module files
[35.918s] Level 1:colcon.colcon_core.environment:checking '/home/robosub/robosub_driver/install/sensorinfo' for CMake config files
[35.926s] Level 1:colcon.colcon_core.environment:checking '/home/robosub/robosub_driver/install/sensorinfo/lib'
[35.928s] Level 1:colcon.colcon_core.environment:checking '/home/robosub/robosub_driver/install/sensorinfo/bin'
[35.929s] Level 1:colcon.colcon_core.environment:checking '/home/robosub/robosub_driver/install/sensorinfo/lib/pkgconfig/sensorinfo.pc'
[35.931s] Level 1:colcon.colcon_core.environment:checking '/home/robosub/robosub_driver/install/sensorinfo/lib/python3.12/site-packages'
[35.933s] Level 1:colcon.colcon_core.shell:create_environment_hook('sensorinfo', 'pythonpath')
[35.934s] INFO:colcon.colcon_core.shell:Creating environment hook '/home/robosub/robosub_driver/install/sensorinfo/share/sensorinfo/hook/pythonpath.ps1'
[35.938s] INFO:colcon.colcon_core.shell:Creating environment descriptor '/home/robosub/robosub_driver/install/sensorinfo/share/sensorinfo/hook/pythonpath.dsv'
[35.945s] INFO:colcon.colcon_core.shell:Creating environment hook '/home/robosub/robosub_driver/install/sensorinfo/share/sensorinfo/hook/pythonpath.sh'
[35.952s] Level 1:colcon.colcon_core.environment:checking '/home/robosub/robosub_driver/install/sensorinfo/bin'
[35.952s] Level 1:colcon.colcon_core.environment:create_environment_scripts_only(sensorinfo)
[35.956s] INFO:colcon.colcon_core.shell:Creating package script '/home/robosub/robosub_driver/install/sensorinfo/share/sensorinfo/package.ps1'
[35.963s] INFO:colcon.colcon_core.shell:Creating package descriptor '/home/robosub/robosub_driver/install/sensorinfo/share/sensorinfo/package.dsv'
[35.966s] INFO:colcon.colcon_core.shell:Creating package script '/home/robosub/robosub_driver/install/sensorinfo/share/sensorinfo/package.sh'
[35.969s] INFO:colcon.colcon_core.shell:Creating package script '/home/robosub/robosub_driver/install/sensorinfo/share/sensorinfo/package.bash'
[35.972s] INFO:colcon.colcon_core.shell:Creating package script '/home/robosub/robosub_driver/install/sensorinfo/share/sensorinfo/package.zsh'
[35.974s] Level 1:colcon.colcon_core.environment:create_file_with_runtime_dependencies(/home/robosub/robosub_driver/install/sensorinfo/share/colcon-core/packages/sensorinfo)
[35.976s] INFO:colcon.colcon_ros.task.ament_python.build:Building ROS package in '/home/robosub/robosub_driver/src/motorinfo' with build type 'ament_python'
[35.977s] Level 1:colcon.colcon_core.shell:create_environment_hook('motorinfo', 'ament_prefix_path')
[35.978s] INFO:colcon.colcon_core.shell:Creating environment hook '/home/robosub/robosub_driver/install/motorinfo/share/motorinfo/hook/ament_prefix_path.ps1'
[35.987s] INFO:colcon.colcon_core.shell:Creating environment descriptor '/home/robosub/robosub_driver/install/motorinfo/share/motorinfo/hook/ament_prefix_path.dsv'
[35.997s] INFO:colcon.colcon_core.shell:Creating environment hook '/home/robosub/robosub_driver/install/motorinfo/share/motorinfo/hook/ament_prefix_path.sh'
[36.002s] INFO:colcon.colcon_core.shell:Skip shell extension 'powershell' for command environment: Not usable outside of PowerShell
[36.002s] DEBUG:colcon.colcon_core.shell:Skip shell extension 'dsv' for command environment
[37.534s] INFO:colcon.colcon_core.task.python.build:Building Python package in '/home/robosub/robosub_driver/src/motorinfo'
[37.536s] INFO:colcon.colcon_core.shell:Skip shell extension 'powershell' for command environment: Not usable outside of PowerShell
[37.536s] DEBUG:colcon.colcon_core.shell:Skip shell extension 'dsv' for command environment
[42.116s] DEBUG:colcon.colcon_core.event_handler.log_command:Invoking command in '/home/robosub/robosub_driver/build/motorinfo': AMENT_PREFIX_PATH=/home/robosub/robosub_driver/install/sensorinfo:/home/robosub/robosub_driver/install/motorinfo:/home/robosub/robosub_driver/install/motion_interface:/opt/ros/jazzy DEBUGINFOD_URLS=https://debuginfod.ubuntu.com PYTHONPATH=/home/robosub/robosub_driver/build/motorinfo/prefix_override:/usr/lib/python3/dist-packages/colcon_core/task/python/colcon_distutils_commands:/home/robosub/robosub_driver/install/motorinfo/lib/python3.12/site-packages:/home/robosub/robosub_driver/build/sensorinfo:/home/robosub/robosub_driver/install/sensorinfo/lib/python3.12/site-packages:/home/robosub/robosub_driver/install/motorinfo/lib/python3.12/site-packages:/home/robosub/robosub_driver/install/ms5837/lib/python3.12/site-packages:/home/robosub/robosub_driver/install/motion_interface/lib/python3.12/site-packages:/opt/ros/jazzy/lib/python3.12/site-packages /usr/bin/python3 -W ignore:setup.py install is deprecated -W ignore:easy_install command is deprecated setup.py develop --editable --build-directory /home/robosub/robosub_driver/build/motorinfo/build --no-deps symlink_data
[53.168s] Level 1:colcon.colcon_core.shell:create_environment_hook('motorinfo', 'pythonpath_develop')
[53.169s] INFO:colcon.colcon_core.shell:Creating environment hook '/home/robosub/robosub_driver/build/motorinfo/share/motorinfo/hook/pythonpath_develop.ps1'
[53.170s] DEBUG:colcon.colcon_core.event_handler.log_command:Invoked command in '/home/robosub/robosub_driver/build/motorinfo' returned '0': AMENT_PREFIX_PATH=/home/robosub/robosub_driver/install/sensorinfo:/home/robosub/robosub_driver/install/motorinfo:/home/robosub/robosub_driver/install/motion_interface:/opt/ros/jazzy DEBUGINFOD_URLS=https://debuginfod.ubuntu.com PYTHONPATH=/home/robosub/robosub_driver/build/motorinfo/prefix_override:/usr/lib/python3/dist-packages/colcon_core/task/python/colcon_distutils_commands:/home/robosub/robosub_driver/install/motorinfo/lib/python3.12/site-packages:/home/robosub/robosub_driver/build/sensorinfo:/home/robosub/robosub_driver/install/sensorinfo/lib/python3.12/site-packages:/home/robosub/robosub_driver/install/motorinfo/lib/python3.12/site-packages:/home/robosub/robosub_driver/install/ms5837/lib/python3.12/site-packages:/home/robosub/robosub_driver/install/motion_interface/lib/python3.12/site-packages:/opt/ros/jazzy/lib/python3.12/site-packages /usr/bin/python3 -W ignore:setup.py install is deprecated -W ignore:easy_install command is deprecated setup.py develop --editable --build-directory /home/robosub/robosub_driver/build/motorinfo/build --no-deps symlink_data
[53.172s] INFO:colcon.colcon_core.shell:Creating environment descriptor '/home/robosub/robosub_driver/build/motorinfo/share/motorinfo/hook/pythonpath_develop.dsv'
[53.174s] INFO:colcon.colcon_core.shell:Creating environment hook '/home/robosub/robosub_driver/build/motorinfo/share/motorinfo/hook/pythonpath_develop.sh'
[53.176s] Level 1:colcon.colcon_core.environment:checking '/home/robosub/robosub_driver/install/motorinfo' for CMake module files
[53.179s] Level 1:colcon.colcon_core.environment:checking '/home/robosub/robosub_driver/install/motorinfo' for CMake config files
[53.181s] Level 1:colcon.colcon_core.environment:checking '/home/robosub/robosub_driver/install/motorinfo/lib'
[53.182s] Level 1:colcon.colcon_core.environment:checking '/home/robosub/robosub_driver/install/motorinfo/bin'
[53.182s] Level 1:colcon.colcon_core.environment:checking '/home/robosub/robosub_driver/install/motorinfo/lib/pkgconfig/motorinfo.pc'
[53.183s] Level 1:colcon.colcon_core.environment:checking '/home/robosub/robosub_driver/install/motorinfo/lib/python3.12/site-packages'
[53.184s] Level 1:colcon.colcon_core.shell:create_environment_hook('motorinfo', 'pythonpath')
[53.184s] INFO:colcon.colcon_core.shell:Creating environment hook '/home/robosub/robosub_driver/install/motorinfo/share/motorinfo/hook/pythonpath.ps1'
[53.187s] INFO:colcon.colcon_core.shell:Creating environment descriptor '/home/robosub/robosub_driver/install/motorinfo/share/motorinfo/hook/pythonpath.dsv'
[53.189s] INFO:colcon.colcon_core.shell:Creating environment hook '/home/robosub/robosub_driver/install/motorinfo/share/motorinfo/hook/pythonpath.sh'
[53.192s] Level 1:colcon.colcon_core.environment:checking '/home/robosub/robosub_driver/install/motorinfo/bin'
[53.192s] Level 1:colcon.colcon_core.environment:create_environment_scripts_only(motorinfo)
[53.194s] INFO:colcon.colcon_core.shell:Creating package script '/home/robosub/robosub_driver/install/motorinfo/share/motorinfo/package.ps1'
[53.197s] INFO:colcon.colcon_core.shell:Creating package descriptor '/home/robosub/robosub_driver/install/motorinfo/share/motorinfo/package.dsv'
[53.199s] INFO:colcon.colcon_core.shell:Creating package script '/home/robosub/robosub_driver/install/motorinfo/share/motorinfo/package.sh'
[53.202s] INFO:colcon.colcon_core.shell:Creating package script '/home/robosub/robosub_driver/install/motorinfo/share/motorinfo/package.bash'
[53.204s] INFO:colcon.colcon_core.shell:Creating package script '/home/robosub/robosub_driver/install/motorinfo/share/motorinfo/package.zsh'
[53.206s] Level 1:colcon.colcon_core.environment:create_file_with_runtime_dependencies(/home/robosub/robosub_driver/install/motorinfo/share/colcon-core/packages/motorinfo)
[53.208s] DEBUG:colcon.colcon_parallel_executor.executor.parallel:closing loop
[53.211s] DEBUG:colcon.colcon_parallel_executor.executor.parallel:loop closed
[53.211s] DEBUG:colcon.colcon_parallel_executor.executor.parallel:run_until_complete finished with '0'
[53.212s] DEBUG:colcon.colcon_core.event_reactor:joining thread
[53.254s] INFO:colcon.colcon_core.plugin_system:Skipping extension 'colcon_notification.desktop_notification.terminal_notifier': Not used on non-Darwin systems
[53.254s] INFO:colcon.colcon_core.plugin_system:Skipping extension 'colcon_notification.desktop_notification.win32': Not used on non-Windows systems
[53.254s] INFO:colcon.colcon_notification.desktop_notification:Sending desktop notification using 'notify2'
[53.352s] DEBUG:colcon.colcon_core.event_reactor:joined thread
[53.353s] INFO:colcon.colcon_core.shell:Creating prefix script '/home/robosub/robosub_driver/install/local_setup.ps1'
[53.357s] INFO:colcon.colcon_core.shell:Creating prefix util module '/home/robosub/robosub_driver/install/_local_setup_util_ps1.py'
[53.362s] INFO:colcon.colcon_core.shell:Creating prefix chain script '/home/robosub/robosub_driver/install/setup.ps1'
[53.372s] INFO:colcon.colcon_core.shell:Creating prefix script '/home/robosub/robosub_driver/install/local_setup.sh'
[53.375s] INFO:colcon.colcon_core.shell:Creating prefix util module '/home/robosub/robosub_driver/install/_local_setup_util_sh.py'
[53.379s] INFO:colcon.colcon_core.shell:Creating prefix chain script '/home/robosub/robosub_driver/install/setup.sh'
[53.384s] INFO:colcon.colcon_core.shell:Creating prefix script '/home/robosub/robosub_driver/install/local_setup.bash'
[53.387s] INFO:colcon.colcon_core.shell:Creating prefix chain script '/home/robosub/robosub_driver/install/setup.bash'
[53.391s] INFO:colcon.colcon_core.shell:Creating prefix script '/home/robosub/robosub_driver/install/local_setup.zsh'
[53.394s] INFO:colcon.colcon_core.shell:Creating prefix chain script '/home/robosub/robosub_driver/install/setup.zsh'
