[6.235s] Invoking command in '/home/robosub/robosub_navigator/src/camerainfo': DEBUGINFOD_URLS=https://debuginfod.ubuntu.com PYTHONPATH=/home/robosub/robosub_navigator/build/camerainfo/prefix_override:/usr/lib/python3/dist-packages/colcon_core/task/python/colcon_distutils_commands:/home/robosub/robosub_navigator/install/camerainfo/lib/python3.12/site-packages:${PYTHONPATH} /usr/bin/python3 -W ignore:setup.py install is deprecated -W ignore:easy_install command is deprecated setup.py egg_info --egg-base ../../build/camerainfo build --build-base /home/robosub/robosub_navigator/build/camerainfo/build install --record /home/robosub/robosub_navigator/build/camerainfo/install.log --single-version-externally-managed install_data
[8.077s] running egg_info
[8.214s] writing ../../build/camerainfo/camerainfo.egg-info/PKG-INFO
[8.215s] writing dependency_links to ../../build/camerainfo/camerainfo.egg-info/dependency_links.txt
[8.224s] writing entry points to ../../build/camerainfo/camerainfo.egg-info/entry_points.txt
[8.225s] writing requirements to ../../build/camerainfo/camerainfo.egg-info/requires.txt
[8.235s] writing top-level names to ../../build/camerainfo/camerainfo.egg-info/top_level.txt
[8.504s] reading manifest file '../../build/camerainfo/camerainfo.egg-info/SOURCES.txt'
[8.509s] writing manifest file '../../build/camerainfo/camerainfo.egg-info/SOURCES.txt'
[8.513s] running build
[8.515s] running build_py
[8.517s] copying camerainfo/frontcam.py -> /home/robosub/robosub_navigator/build/camerainfo/build/lib/camerainfo
[8.528s] running install
[8.557s] running install_lib
[8.691s] copying /home/robosub/robosub_navigator/build/camerainfo/build/lib/camerainfo/frontcam.py -> /home/robosub/robosub_navigator/install/camerainfo/lib/python3.12/site-packages/camerainfo
[8.695s] byte-compiling /home/robosub/robosub_navigator/install/camerainfo/lib/python3.12/site-packages/camerainfo/frontcam.py to frontcam.cpython-312.pyc
[8.703s] running install_data
[8.704s] running install_egg_info
[8.859s] removing '/home/robosub/robosub_navigator/install/camerainfo/lib/python3.12/site-packages/camerainfo-0.0.0-py3.12.egg-info' (and everything under it)
[8.862s] Copying ../../build/camerainfo/camerainfo.egg-info to /home/robosub/robosub_navigator/install/camerainfo/lib/python3.12/site-packages/camerainfo-0.0.0-py3.12.egg-info
[8.867s] running install_scripts
[10.095s] Installing cam script to /home/robosub/robosub_navigator/install/camerainfo/lib/camerainfo
[10.096s] Installing frontcam script to /home/robosub/robosub_navigator/install/camerainfo/lib/camerainfo
[10.098s] Installing grippercam script to /home/robosub/robosub_navigator/install/camerainfo/lib/camerainfo
[10.101s] writing list of installed files to '/home/robosub/robosub_navigator/build/camerainfo/install.log'
[10.314s] Invoked command in '/home/robosub/robosub_navigator/src/camerainfo' returned '0': DEBUGINFOD_URLS=https://debuginfod.ubuntu.com PYTHONPATH=/home/robosub/robosub_navigator/build/camerainfo/prefix_override:/usr/lib/python3/dist-packages/colcon_core/task/python/colcon_distutils_commands:/home/robosub/robosub_navigator/install/camerainfo/lib/python3.12/site-packages:${PYTHONPATH} /usr/bin/python3 -W ignore:setup.py install is deprecated -W ignore:easy_install command is deprecated setup.py egg_info --egg-base ../../build/camerainfo build --build-base /home/robosub/robosub_navigator/build/camerainfo/build install --record /home/robosub/robosub_navigator/build/camerainfo/install.log --single-version-externally-managed install_data
