[7.934s] Invoking command in '/home/robosub/robosub_navigator/src/camerainfo': DEBUGINFOD_URLS=https://debuginfod.ubuntu.com PYTHONPATH=/home/robosub/robosub_navigator/build/camerainfo/prefix_override:/usr/lib/python3/dist-packages/colcon_core/task/python/colcon_distutils_commands:/home/robosub/robosub_navigator/install/camerainfo/lib/python3.12/site-packages:${PYTHONPATH} /usr/bin/python3 -W ignore:setup.py install is deprecated -W ignore:easy_install command is deprecated setup.py egg_info --egg-base ../../build/camerainfo build --build-base /home/robosub/robosub_navigator/build/camerainfo/build install --record /home/robosub/robosub_navigator/build/camerainfo/install.log --single-version-externally-managed install_data
[10.276s] running egg_info
[10.532s] writing ../../build/camerainfo/camerainfo.egg-info/PKG-INFO
[10.532s] writing dependency_links to ../../build/camerainfo/camerainfo.egg-info/dependency_links.txt
[10.540s] writing entry points to ../../build/camerainfo/camerainfo.egg-info/entry_points.txt
[10.542s] writing requirements to ../../build/camerainfo/camerainfo.egg-info/requires.txt
[10.547s] writing top-level names to ../../build/camerainfo/camerainfo.egg-info/top_level.txt
[11.127s] reading manifest file '../../build/camerainfo/camerainfo.egg-info/SOURCES.txt'
[11.130s] writing manifest file '../../build/camerainfo/camerainfo.egg-info/SOURCES.txt'
[11.132s] running build
[11.133s] running build_py
[11.134s] copying camerainfo/frontcam.py -> /home/robosub/robosub_navigator/build/camerainfo/build/lib/camerainfo
[11.136s] running install
[11.173s] running install_lib
[11.339s] copying /home/robosub/robosub_navigator/build/camerainfo/build/lib/camerainfo/frontcam.py -> /home/robosub/robosub_navigator/install/camerainfo/lib/python3.12/site-packages/camerainfo
[11.343s] byte-compiling /home/robosub/robosub_navigator/install/camerainfo/lib/python3.12/site-packages/camerainfo/frontcam.py to frontcam.cpython-312.pyc
[11.355s] running install_data
[11.356s] running install_egg_info
[11.523s] removing '/home/robosub/robosub_navigator/install/camerainfo/lib/python3.12/site-packages/camerainfo-0.0.0-py3.12.egg-info' (and everything under it)
[11.525s] Copying ../../build/camerainfo/camerainfo.egg-info to /home/robosub/robosub_navigator/install/camerainfo/lib/python3.12/site-packages/camerainfo-0.0.0-py3.12.egg-info
[11.532s] running install_scripts
[13.481s] Installing cam script to /home/robosub/robosub_navigator/install/camerainfo/lib/camerainfo
[13.500s] Installing frontcam script to /home/robosub/robosub_navigator/install/camerainfo/lib/camerainfo
[13.501s] Installing grippercam script to /home/robosub/robosub_navigator/install/camerainfo/lib/camerainfo
[13.525s] writing list of installed files to '/home/robosub/robosub_navigator/build/camerainfo/install.log'
[13.911s] Invoked command in '/home/robosub/robosub_navigator/src/camerainfo' returned '0': DEBUGINFOD_URLS=https://debuginfod.ubuntu.com PYTHONPATH=/home/robosub/robosub_navigator/build/camerainfo/prefix_override:/usr/lib/python3/dist-packages/colcon_core/task/python/colcon_distutils_commands:/home/robosub/robosub_navigator/install/camerainfo/lib/python3.12/site-packages:${PYTHONPATH} /usr/bin/python3 -W ignore:setup.py install is deprecated -W ignore:easy_install command is deprecated setup.py egg_info --egg-base ../../build/camerainfo build --build-base /home/robosub/robosub_navigator/build/camerainfo/build install --record /home/robosub/robosub_navigator/build/camerainfo/install.log --single-version-externally-managed install_data
