[0.548s] DEBUG:colcon:Command line arguments: ['/usr/bin/colcon', 'build', '--packages-select', 'camerainfo']
[0.549s] DEBUG:colcon:Parsed command line arguments: Namespace(log_base=None, log_level=None, verb_name='build', build_base='build', install_base='install', merge_install=False, symlink_install=False, test_result_base=None, continue_on_error=False, executor='parallel', parallel_workers=4, event_handlers=None, ignore_user_meta=False, metas=['./colcon.meta'], base_paths=['.'], packages_ignore=None, packages_ignore_regex=None, paths=None, packages_up_to=None, packages_up_to_regex=None, packages_above=None, packages_above_and_dependencies=None, packages_above_depth=None, packages_select_by_dep=None, packages_skip_by_dep=None, packages_skip_up_to=None, packages_select_build_failed=False, packages_skip_build_finished=False, packages_select_test_failures=False, packages_skip_test_passed=False, packages_select=['camerainfo'], packages_skip=None, packages_select_regex=None, packages_skip_regex=None, packages_start=None, packages_end=None, allow_overriding=[], cmake_args=None, cmake_target=None, cmake_target_skip_unavailable=False, cmake_clean_cache=False, cmake_clean_first=False, cmake_force_configure=False, ament_cmake_args=None, catkin_cmake_args=None, catkin_skip_building_tests=False, mixin_files=None, mixin=None, verb_parser=<colcon_mixin.mixin.mixin_argument.MixinArgumentDecorator object at 0xffff834b7fb0>, verb_extension=<colcon_core.verb.build.BuildVerb object at 0xffff8369c0e0>, main=<bound method BuildVerb.main of <colcon_core.verb.build.BuildVerb object at 0xffff8369c0e0>>, mixin_verb=('build',))
[0.776s] Level 1:colcon.colcon_core.package_discovery:discover_packages(colcon_meta) check parameters
[0.777s] Level 1:colcon.colcon_core.package_discovery:discover_packages(recursive) check parameters
[0.777s] Level 1:colcon.colcon_core.package_discovery:discover_packages(ignore) check parameters
[0.777s] Level 1:colcon.colcon_core.package_discovery:discover_packages(path) check parameters
[0.777s] Level 1:colcon.colcon_core.package_discovery:discover_packages(colcon_meta) discover
[0.778s] Level 1:colcon.colcon_core.package_discovery:discover_packages(recursive) discover
[0.778s] INFO:colcon.colcon_core.package_discovery:Crawling recursively for packages in '/home/robosub/robosub_navigator'
[0.778s] Level 1:colcon.colcon_core.package_identification:_identify(.) by extensions ['ignore', 'ignore_ament_install']
[0.779s] Level 1:colcon.colcon_core.package_identification:_identify(.) by extension 'ignore'
[0.779s] Level 1:colcon.colcon_core.package_identification:_identify(.) by extension 'ignore_ament_install'
[0.779s] Level 1:colcon.colcon_core.package_identification:_identify(.) by extensions ['colcon_pkg']
[0.780s] Level 1:colcon.colcon_core.package_identification:_identify(.) by extension 'colcon_pkg'
[0.780s] Level 1:colcon.colcon_core.package_identification:_identify(.) by extensions ['colcon_meta']
[0.780s] Level 1:colcon.colcon_core.package_identification:_identify(.) by extension 'colcon_meta'
[0.780s] Level 1:colcon.colcon_core.package_identification:_identify(.) by extensions ['ros']
[0.780s] Level 1:colcon.colcon_core.package_identification:_identify(.) by extension 'ros'
[0.890s] Level 1:colcon.colcon_core.package_identification:_identify(.) by extensions ['cmake', 'python']
[0.890s] Level 1:colcon.colcon_core.package_identification:_identify(.) by extension 'cmake'
[0.890s] Level 1:colcon.colcon_core.package_identification:_identify(.) by extension 'python'
[0.891s] Level 1:colcon.colcon_core.package_identification:_identify(.) by extensions ['python_setup_py']
[0.891s] Level 1:colcon.colcon_core.package_identification:_identify(.) by extension 'python_setup_py'
[0.892s] Level 1:colcon.colcon_core.package_identification:_identify(build) by extensions ['ignore', 'ignore_ament_install']
[0.892s] Level 1:colcon.colcon_core.package_identification:_identify(build) by extension 'ignore'
[0.892s] Level 1:colcon.colcon_core.package_identification:_identify(build) ignored
[0.893s] Level 1:colcon.colcon_core.package_identification:_identify(config) by extensions ['ignore', 'ignore_ament_install']
[0.893s] Level 1:colcon.colcon_core.package_identification:_identify(config) by extension 'ignore'
[0.894s] Level 1:colcon.colcon_core.package_identification:_identify(config) by extension 'ignore_ament_install'
[0.894s] Level 1:colcon.colcon_core.package_identification:_identify(config) by extensions ['colcon_pkg']
[0.894s] Level 1:colcon.colcon_core.package_identification:_identify(config) by extension 'colcon_pkg'
[0.894s] Level 1:colcon.colcon_core.package_identification:_identify(config) by extensions ['colcon_meta']
[0.894s] Level 1:colcon.colcon_core.package_identification:_identify(config) by extension 'colcon_meta'
[0.895s] Level 1:colcon.colcon_core.package_identification:_identify(config) by extensions ['ros']
[0.895s] Level 1:colcon.colcon_core.package_identification:_identify(config) by extension 'ros'
[0.895s] Level 1:colcon.colcon_core.package_identification:_identify(config) by extensions ['cmake', 'python']
[0.895s] Level 1:colcon.colcon_core.package_identification:_identify(config) by extension 'cmake'
[0.896s] Level 1:colcon.colcon_core.package_identification:_identify(config) by extension 'python'
[0.896s] Level 1:colcon.colcon_core.package_identification:_identify(config) by extensions ['python_setup_py']
[0.896s] Level 1:colcon.colcon_core.package_identification:_identify(config) by extension 'python_setup_py'
[0.896s] Level 1:colcon.colcon_core.package_identification:_identify(install) by extensions ['ignore', 'ignore_ament_install']
[0.897s] Level 1:colcon.colcon_core.package_identification:_identify(install) by extension 'ignore'
[0.897s] Level 1:colcon.colcon_core.package_identification:_identify(install) ignored
[0.898s] Level 1:colcon.colcon_core.package_identification:_identify(log) by extensions ['ignore', 'ignore_ament_install']
[0.898s] Level 1:colcon.colcon_core.package_identification:_identify(log) by extension 'ignore'
[0.898s] Level 1:colcon.colcon_core.package_identification:_identify(log) ignored
[0.899s] Level 1:colcon.colcon_core.package_identification:_identify(mlmodel) by extensions ['ignore', 'ignore_ament_install']
[0.899s] Level 1:colcon.colcon_core.package_identification:_identify(mlmodel) by extension 'ignore'
[0.899s] Level 1:colcon.colcon_core.package_identification:_identify(mlmodel) by extension 'ignore_ament_install'
[0.900s] Level 1:colcon.colcon_core.package_identification:_identify(mlmodel) by extensions ['colcon_pkg']
[0.900s] Level 1:colcon.colcon_core.package_identification:_identify(mlmodel) by extension 'colcon_pkg'
[0.900s] Level 1:colcon.colcon_core.package_identification:_identify(mlmodel) by extensions ['colcon_meta']
[0.900s] Level 1:colcon.colcon_core.package_identification:_identify(mlmodel) by extension 'colcon_meta'
[0.900s] Level 1:colcon.colcon_core.package_identification:_identify(mlmodel) by extensions ['ros']
[0.900s] Level 1:colcon.colcon_core.package_identification:_identify(mlmodel) by extension 'ros'
[0.901s] Level 1:colcon.colcon_core.package_identification:_identify(mlmodel) by extensions ['cmake', 'python']
[0.901s] Level 1:colcon.colcon_core.package_identification:_identify(mlmodel) by extension 'cmake'
[0.901s] Level 1:colcon.colcon_core.package_identification:_identify(mlmodel) by extension 'python'
[0.901s] Level 1:colcon.colcon_core.package_identification:_identify(mlmodel) by extensions ['python_setup_py']
[0.901s] Level 1:colcon.colcon_core.package_identification:_identify(mlmodel) by extension 'python_setup_py'
[0.902s] Level 1:colcon.colcon_core.package_identification:_identify(src) by extensions ['ignore', 'ignore_ament_install']
[0.902s] Level 1:colcon.colcon_core.package_identification:_identify(src) by extension 'ignore'
[0.902s] Level 1:colcon.colcon_core.package_identification:_identify(src) by extension 'ignore_ament_install'
[0.903s] Level 1:colcon.colcon_core.package_identification:_identify(src) by extensions ['colcon_pkg']
[0.903s] Level 1:colcon.colcon_core.package_identification:_identify(src) by extension 'colcon_pkg'
[0.903s] Level 1:colcon.colcon_core.package_identification:_identify(src) by extensions ['colcon_meta']
[0.903s] Level 1:colcon.colcon_core.package_identification:_identify(src) by extension 'colcon_meta'
[0.903s] Level 1:colcon.colcon_core.package_identification:_identify(src) by extensions ['ros']
[0.904s] Level 1:colcon.colcon_core.package_identification:_identify(src) by extension 'ros'
[0.904s] Level 1:colcon.colcon_core.package_identification:_identify(src) by extensions ['cmake', 'python']
[0.904s] Level 1:colcon.colcon_core.package_identification:_identify(src) by extension 'cmake'
[0.904s] Level 1:colcon.colcon_core.package_identification:_identify(src) by extension 'python'
[0.905s] Level 1:colcon.colcon_core.package_identification:_identify(src) by extensions ['python_setup_py']
[0.905s] Level 1:colcon.colcon_core.package_identification:_identify(src) by extension 'python_setup_py'
[0.905s] Level 1:colcon.colcon_core.package_identification:_identify(src/camerainfo) by extensions ['ignore', 'ignore_ament_install']
[0.906s] Level 1:colcon.colcon_core.package_identification:_identify(src/camerainfo) by extension 'ignore'
[0.906s] Level 1:colcon.colcon_core.package_identification:_identify(src/camerainfo) by extension 'ignore_ament_install'
[0.906s] Level 1:colcon.colcon_core.package_identification:_identify(src/camerainfo) by extensions ['colcon_pkg']
[0.906s] Level 1:colcon.colcon_core.package_identification:_identify(src/camerainfo) by extension 'colcon_pkg'
[0.907s] Level 1:colcon.colcon_core.package_identification:_identify(src/camerainfo) by extensions ['colcon_meta']
[0.907s] Level 1:colcon.colcon_core.package_identification:_identify(src/camerainfo) by extension 'colcon_meta'
[0.907s] Level 1:colcon.colcon_core.package_identification:_identify(src/camerainfo) by extensions ['ros']
[0.907s] Level 1:colcon.colcon_core.package_identification:_identify(src/camerainfo) by extension 'ros'
[0.921s] DEBUG:colcon.colcon_core.package_identification:Package 'src/camerainfo' with type 'ros.ament_python' and name 'camerainfo'
[0.921s] Level 1:colcon.colcon_core.package_discovery:discover_packages(recursive) using defaults
[0.922s] Level 1:colcon.colcon_core.package_discovery:discover_packages(ignore) discover
[0.922s] Level 1:colcon.colcon_core.package_discovery:discover_packages(ignore) using defaults
[0.923s] Level 1:colcon.colcon_core.package_discovery:discover_packages(path) discover
[0.923s] Level 1:colcon.colcon_core.package_discovery:discover_packages(path) using defaults
[0.998s] Level 1:colcon.colcon_core.package_discovery:discover_packages(prefix_path) check parameters
[0.998s] Level 1:colcon.colcon_core.package_discovery:discover_packages(prefix_path) discover
[1.011s] DEBUG:colcon.colcon_installed_package_information.package_discovery:Found 1 installed packages in /home/robosub/robosub_navigator/install
[1.021s] DEBUG:colcon.colcon_installed_package_information.package_discovery:Found 287 installed packages in /opt/ros/jazzy
[1.025s] Level 1:colcon.colcon_core.package_discovery:discover_packages(prefix_path) using defaults
[1.243s] Level 5:colcon.colcon_core.verb:set package 'camerainfo' build argument 'cmake_args' from command line to 'None'
[1.243s] Level 5:colcon.colcon_core.verb:set package 'camerainfo' build argument 'cmake_target' from command line to 'None'
[1.243s] Level 5:colcon.colcon_core.verb:set package 'camerainfo' build argument 'cmake_target_skip_unavailable' from command line to 'False'
[1.243s] Level 5:colcon.colcon_core.verb:set package 'camerainfo' build argument 'cmake_clean_cache' from command line to 'False'
[1.244s] Level 5:colcon.colcon_core.verb:set package 'camerainfo' build argument 'cmake_clean_first' from command line to 'False'
[1.244s] Level 5:colcon.colcon_core.verb:set package 'camerainfo' build argument 'cmake_force_configure' from command line to 'False'
[1.244s] Level 5:colcon.colcon_core.verb:set package 'camerainfo' build argument 'ament_cmake_args' from command line to 'None'
[1.244s] Level 5:colcon.colcon_core.verb:set package 'camerainfo' build argument 'catkin_cmake_args' from command line to 'None'
[1.244s] Level 5:colcon.colcon_core.verb:set package 'camerainfo' build argument 'catkin_skip_building_tests' from command line to 'False'
[1.244s] DEBUG:colcon.colcon_core.verb:Building package 'camerainfo' with the following arguments: {'ament_cmake_args': None, 'build_base': '/home/robosub/robosub_navigator/build/camerainfo', 'catkin_cmake_args': None, 'catkin_skip_building_tests': False, 'cmake_args': None, 'cmake_clean_cache': False, 'cmake_clean_first': False, 'cmake_force_configure': False, 'cmake_target': None, 'cmake_target_skip_unavailable': False, 'install_base': '/home/robosub/robosub_navigator/install/camerainfo', 'merge_install': False, 'path': '/home/robosub/robosub_navigator/src/camerainfo', 'symlink_install': False, 'test_result_base': None}
[1.245s] INFO:colcon.colcon_core.executor:Executing jobs using 'parallel' executor
[1.251s] DEBUG:colcon.colcon_parallel_executor.executor.parallel:run_until_complete
[1.252s] INFO:colcon.colcon_ros.task.ament_python.build:Building ROS package in '/home/robosub/robosub_navigator/src/camerainfo' with build type 'ament_python'
[1.253s] Level 1:colcon.colcon_core.shell:create_environment_hook('camerainfo', 'ament_prefix_path')
[1.273s] INFO:colcon.colcon_core.plugin_system:Skipping extension 'colcon_core.shell.bat': Not used on non-Windows systems
[1.275s] INFO:colcon.colcon_core.shell:Creating environment hook '/home/robosub/robosub_navigator/install/camerainfo/share/camerainfo/hook/ament_prefix_path.ps1'
[1.280s] INFO:colcon.colcon_core.shell:Creating environment descriptor '/home/robosub/robosub_navigator/install/camerainfo/share/camerainfo/hook/ament_prefix_path.dsv'
[1.285s] INFO:colcon.colcon_core.shell:Creating environment hook '/home/robosub/robosub_navigator/install/camerainfo/share/camerainfo/hook/ament_prefix_path.sh'
[1.291s] INFO:colcon.colcon_core.shell:Skip shell extension 'powershell' for command environment: Not usable outside of PowerShell
[1.291s] DEBUG:colcon.colcon_core.shell:Skip shell extension 'dsv' for command environment
[3.868s] INFO:colcon.colcon_core.task.python.build:Building Python package in '/home/robosub/robosub_navigator/src/camerainfo'
[3.869s] INFO:colcon.colcon_core.shell:Skip shell extension 'powershell' for command environment: Not usable outside of PowerShell
[3.870s] DEBUG:colcon.colcon_core.shell:Skip shell extension 'dsv' for command environment
[11.678s] DEBUG:colcon.colcon_core.event_handler.log_command:Invoking command in '/home/robosub/robosub_navigator/src/camerainfo': DEBUGINFOD_URLS=https://debuginfod.ubuntu.com PYTHONPATH=/home/robosub/robosub_navigator/build/camerainfo/prefix_override:/usr/lib/python3/dist-packages/colcon_core/task/python/colcon_distutils_commands:/home/robosub/robosub_navigator/install/camerainfo/lib/python3.12/site-packages:${PYTHONPATH} /usr/bin/python3 -W ignore:setup.py install is deprecated -W ignore:easy_install command is deprecated setup.py egg_info --egg-base ../../build/camerainfo build --build-base /home/robosub/robosub_navigator/build/camerainfo/build install --record /home/robosub/robosub_navigator/build/camerainfo/install.log --single-version-externally-managed install_data
[18.668s] DEBUG:colcon.colcon_core.event_handler.log_command:Invoked command in '/home/robosub/robosub_navigator/src/camerainfo' returned '0': DEBUGINFOD_URLS=https://debuginfod.ubuntu.com PYTHONPATH=/home/robosub/robosub_navigator/build/camerainfo/prefix_override:/usr/lib/python3/dist-packages/colcon_core/task/python/colcon_distutils_commands:/home/robosub/robosub_navigator/install/camerainfo/lib/python3.12/site-packages:${PYTHONPATH} /usr/bin/python3 -W ignore:setup.py install is deprecated -W ignore:easy_install command is deprecated setup.py egg_info --egg-base ../../build/camerainfo build --build-base /home/robosub/robosub_navigator/build/camerainfo/build install --record /home/robosub/robosub_navigator/build/camerainfo/install.log --single-version-externally-managed install_data
[18.690s] Level 1:colcon.colcon_core.environment:checking '/home/robosub/robosub_navigator/install/camerainfo' for CMake module files
[18.694s] Level 1:colcon.colcon_core.environment:checking '/home/robosub/robosub_navigator/install/camerainfo' for CMake config files
[18.699s] Level 1:colcon.colcon_core.environment:checking '/home/robosub/robosub_navigator/install/camerainfo/lib'
[18.700s] Level 1:colcon.colcon_core.environment:checking '/home/robosub/robosub_navigator/install/camerainfo/bin'
[18.701s] Level 1:colcon.colcon_core.environment:checking '/home/robosub/robosub_navigator/install/camerainfo/lib/pkgconfig/camerainfo.pc'
[18.702s] Level 1:colcon.colcon_core.environment:checking '/home/robosub/robosub_navigator/install/camerainfo/lib/python3.12/site-packages'
[18.704s] Level 1:colcon.colcon_core.shell:create_environment_hook('camerainfo', 'pythonpath')
[18.705s] INFO:colcon.colcon_core.shell:Creating environment hook '/home/robosub/robosub_navigator/install/camerainfo/share/camerainfo/hook/pythonpath.ps1'
[18.709s] INFO:colcon.colcon_core.shell:Creating environment descriptor '/home/robosub/robosub_navigator/install/camerainfo/share/camerainfo/hook/pythonpath.dsv'
[18.713s] INFO:colcon.colcon_core.shell:Creating environment hook '/home/robosub/robosub_navigator/install/camerainfo/share/camerainfo/hook/pythonpath.sh'
[18.719s] Level 1:colcon.colcon_core.environment:checking '/home/robosub/robosub_navigator/install/camerainfo/bin'
[18.722s] Level 1:colcon.colcon_core.environment:create_environment_scripts_only(camerainfo)
[18.724s] INFO:colcon.colcon_core.shell:Creating package script '/home/robosub/robosub_navigator/install/camerainfo/share/camerainfo/package.ps1'
[18.741s] INFO:colcon.colcon_core.shell:Creating package descriptor '/home/robosub/robosub_navigator/install/camerainfo/share/camerainfo/package.dsv'
[18.750s] INFO:colcon.colcon_core.shell:Creating package script '/home/robosub/robosub_navigator/install/camerainfo/share/camerainfo/package.sh'
[18.759s] INFO:colcon.colcon_core.shell:Creating package script '/home/robosub/robosub_navigator/install/camerainfo/share/camerainfo/package.bash'
[18.766s] INFO:colcon.colcon_core.shell:Creating package script '/home/robosub/robosub_navigator/install/camerainfo/share/camerainfo/package.zsh'
[18.770s] Level 1:colcon.colcon_core.environment:create_file_with_runtime_dependencies(/home/robosub/robosub_navigator/install/camerainfo/share/colcon-core/packages/camerainfo)
[18.775s] DEBUG:colcon.colcon_parallel_executor.executor.parallel:closing loop
[18.776s] DEBUG:colcon.colcon_parallel_executor.executor.parallel:loop closed
[18.776s] DEBUG:colcon.colcon_parallel_executor.executor.parallel:run_until_complete finished with '0'
[18.776s] DEBUG:colcon.colcon_core.event_reactor:joining thread
[18.808s] INFO:colcon.colcon_core.plugin_system:Skipping extension 'colcon_notification.desktop_notification.terminal_notifier': Not used on non-Darwin systems
[18.809s] INFO:colcon.colcon_core.plugin_system:Skipping extension 'colcon_notification.desktop_notification.win32': Not used on non-Windows systems
[18.810s] INFO:colcon.colcon_notification.desktop_notification:Sending desktop notification using 'notify2'
[19.034s] DEBUG:colcon.colcon_core.event_reactor:joined thread
[19.038s] INFO:colcon.colcon_core.shell:Creating prefix script '/home/robosub/robosub_navigator/install/local_setup.ps1'
[19.049s] INFO:colcon.colcon_core.shell:Creating prefix util module '/home/robosub/robosub_navigator/install/_local_setup_util_ps1.py'
[19.060s] INFO:colcon.colcon_core.shell:Creating prefix chain script '/home/robosub/robosub_navigator/install/setup.ps1'
[19.068s] INFO:colcon.colcon_core.shell:Creating prefix script '/home/robosub/robosub_navigator/install/local_setup.sh'
[19.075s] INFO:colcon.colcon_core.shell:Creating prefix util module '/home/robosub/robosub_navigator/install/_local_setup_util_sh.py'
[19.083s] INFO:colcon.colcon_core.shell:Creating prefix chain script '/home/robosub/robosub_navigator/install/setup.sh'
[19.095s] INFO:colcon.colcon_core.shell:Creating prefix script '/home/robosub/robosub_navigator/install/local_setup.bash'
[19.098s] INFO:colcon.colcon_core.shell:Creating prefix chain script '/home/robosub/robosub_navigator/install/setup.bash'
[19.107s] INFO:colcon.colcon_core.shell:Creating prefix script '/home/robosub/robosub_navigator/install/local_setup.zsh'
[19.112s] INFO:colcon.colcon_core.shell:Creating prefix chain script '/home/robosub/robosub_navigator/install/setup.zsh'
