[6.586s] Invoking command in '/home/robosub/robosub_driver/src/motorinfo': AMENT_PREFIX_PATH=/home/robosub/robosub_driver/install/sensorinfo:/home/robosub/robosub_driver/install/motorinfo:/opt/ros/jazzy DEBUGINFOD_URLS=https://debuginfod.ubuntu.com PYTHONPATH=/home/robosub/robosub_driver/build/motorinfo/prefix_override:/usr/lib/python3/dist-packages/colcon_core/task/python/colcon_distutils_commands:/home/robosub/robosub_driver/install/motorinfo/lib/python3.12/site-packages:/home/robosub/robosub_driver/install/sensorinfo/lib/python3.12/site-packages:/home/robosub/robosub_driver/install/motorinfo/lib/python3.12/site-packages:/home/robosub/robosub_driver/install/ms5837/lib/python3.12/site-packages:/opt/ros/jazzy/lib/python3.12/site-packages /usr/bin/python3 -W ignore:setup.py install is deprecated -W ignore:easy_install command is deprecated setup.py egg_info --egg-base ../../build/motorinfo build --build-base /home/robosub/robosub_driver/build/motorinfo/build install --record /home/robosub/robosub_driver/build/motorinfo/install.log --single-version-externally-managed install_data
[8.720s] running egg_info
[8.968s] writing ../../build/motorinfo/motorinfo.egg-info/PKG-INFO
[8.970s] writing dependency_links to ../../build/motorinfo/motorinfo.egg-info/dependency_links.txt
[8.995s] writing entry points to ../../build/motorinfo/motorinfo.egg-info/entry_points.txt
[8.997s] writing requirements to ../../build/motorinfo/motorinfo.egg-info/requires.txt
[9.001s] writing top-level names to ../../build/motorinfo/motorinfo.egg-info/top_level.txt
[9.364s] reading manifest file '../../build/motorinfo/motorinfo.egg-info/SOURCES.txt'
[9.369s] writing manifest file '../../build/motorinfo/motorinfo.egg-info/SOURCES.txt'
[9.370s] running build
[9.371s] running build_py
[9.374s] copying motorinfo/motorcommand.py -> /home/robosub/robosub_driver/build/motorinfo/build/lib/motorinfo
[9.375s] running install
[9.404s] running install_lib
[9.578s] copying /home/robosub/robosub_driver/build/motorinfo/build/lib/motorinfo/motorcommand.py -> /home/robosub/robosub_driver/install/motorinfo/lib/python3.12/site-packages/motorinfo
[9.582s] byte-compiling /home/robosub/robosub_driver/install/motorinfo/lib/python3.12/site-packages/motorinfo/motorcommand.py to motorcommand.cpython-312.pyc
[9.590s] running install_data
[9.590s] running install_egg_info
[9.786s] removing '/home/robosub/robosub_driver/install/motorinfo/lib/python3.12/site-packages/motorinfo-0.0.0-py3.12.egg-info' (and everything under it)
[9.788s] Copying ../../build/motorinfo/motorinfo.egg-info to /home/robosub/robosub_driver/install/motorinfo/lib/python3.12/site-packages/motorinfo-0.0.0-py3.12.egg-info
[9.801s] running install_scripts
[11.050s] Installing motorauv script to /home/robosub/robosub_driver/install/motorinfo/lib/motorinfo
[11.052s] Installing motorauv2 script to /home/robosub/robosub_driver/install/motorinfo/lib/motorinfo
[11.054s] Installing motorcommand script to /home/robosub/robosub_driver/install/motorinfo/lib/motorinfo
[11.057s] Installing motorkey script to /home/robosub/robosub_driver/install/motorinfo/lib/motorinfo
[11.071s] writing list of installed files to '/home/robosub/robosub_driver/build/motorinfo/install.log'
[11.303s] Invoked command in '/home/robosub/robosub_driver/src/motorinfo' returned '0': AMENT_PREFIX_PATH=/home/robosub/robosub_driver/install/sensorinfo:/home/robosub/robosub_driver/install/motorinfo:/opt/ros/jazzy DEBUGINFOD_URLS=https://debuginfod.ubuntu.com PYTHONPATH=/home/robosub/robosub_driver/build/motorinfo/prefix_override:/usr/lib/python3/dist-packages/colcon_core/task/python/colcon_distutils_commands:/home/robosub/robosub_driver/install/motorinfo/lib/python3.12/site-packages:/home/robosub/robosub_driver/install/sensorinfo/lib/python3.12/site-packages:/home/robosub/robosub_driver/install/motorinfo/lib/python3.12/site-packages:/home/robosub/robosub_driver/install/ms5837/lib/python3.12/site-packages:/opt/ros/jazzy/lib/python3.12/site-packages /usr/bin/python3 -W ignore:setup.py install is deprecated -W ignore:easy_install command is deprecated setup.py egg_info --egg-base ../../build/motorinfo build --build-base /home/robosub/robosub_driver/build/motorinfo/build install --record /home/robosub/robosub_driver/build/motorinfo/install.log --single-version-externally-managed install_data
