running egg_info
writing ../../build/sensorinfo/sensorinfo.egg-info/PKG-INFO
writing dependency_links to ../../build/sensorinfo/sensorinfo.egg-info/dependency_links.txt
writing entry points to ../../build/sensorinfo/sensorinfo.egg-info/entry_points.txt
writing requirements to ../../build/sensorinfo/sensorinfo.egg-info/requires.txt
writing top-level names to ../../build/sensorinfo/sensorinfo.egg-info/top_level.txt
reading manifest file '../../build/sensorinfo/sensorinfo.egg-info/SOURCES.txt'
writing manifest file '../../build/sensorinfo/sensorinfo.egg-info/SOURCES.txt'
running build
running build_py
copying sensorinfo/depthIMU.py -> /home/robosub/robosub_driver/build/sensorinfo/build/lib/sensorinfo
running install
running install_lib
copying /home/robosub/robosub_driver/build/sensorinfo/build/lib/sensorinfo/depthIMU.py -> /home/robosub/robosub_driver/install/sensorinfo/lib/python3.12/site-packages/sensorinfo
byte-compiling /home/robosub/robosub_driver/install/sensorinfo/lib/python3.12/site-packages/sensorinfo/depthIMU.py to depthIMU.cpython-312.pyc
running install_data
running install_egg_info
removing '/home/robosub/robosub_driver/install/sensorinfo/lib/python3.12/site-packages/sensorinfo-0.0.0-py3.12.egg-info' (and everything under it)
Copying ../../build/sensorinfo/sensorinfo.egg-info to /home/robosub/robosub_driver/install/sensorinfo/lib/python3.12/site-packages/sensorinfo-0.0.0-py3.12.egg-info
running install_scripts
Installing depth script to /home/robosub/robosub_driver/install/sensorinfo/lib/sensorinfo
Installing depthIMU script to /home/robosub/robosub_driver/install/sensorinfo/lib/sensorinfo
Installing hydrophone script to /home/robosub/robosub_driver/install/sensorinfo/lib/sensorinfo
Installing imu script to /home/robosub/robosub_driver/install/sensorinfo/lib/sensorinfo
writing list of installed files to '/home/robosub/robosub_driver/build/sensorinfo/install.log'
